[1.444s] DEBUG:colcon:Command line arguments: ['/usr/bin/colcon', 'build']
[1.444s] DEBUG:colcon:Parsed command line arguments: Namespace(log_base=None, log_level=None, verb_name='build', build_base='build', install_base='install', merge_install=False, symlink_install=False, test_result_base=None, continue_on_error=False, executor='parallel', parallel_workers=2, event_handlers=None, ignore_user_meta=False, metas=['./colcon.meta'], base_paths=['.'], packages_ignore=None, packages_ignore_regex=None, paths=None, packages_up_to=None, packages_up_to_regex=None, packages_above=None, packages_above_and_dependencies=None, packages_above_depth=None, packages_select_by_dep=None, packages_skip_by_dep=None, packages_skip_up_to=None, packages_select_build_failed=False, packages_skip_build_finished=False, packages_select_test_failures=False, packages_skip_test_passed=False, packages_select=None, packages_skip=None, packages_select_regex=None, packages_skip_regex=None, packages_start=None, packages_end=None, allow_overriding=[], cmake_args=None, cmake_target=None, cmake_target_skip_unavailable=False, cmake_clean_cache=False, cmake_clean_first=False, cmake_force_configure=False, ament_cmake_args=None, catkin_cmake_args=None, catkin_skip_building_tests=False, verb_parser=<colcon_defaults.argument_parser.defaults.DefaultArgumentsDecorator object at 0x7f62680497b0>, verb_extension=<colcon_core.verb.build.BuildVerb object at 0x7f6268b00490>, main=<bound method BuildVerb.main of <colcon_core.verb.build.BuildVerb object at 0x7f6268b00490>>)
[1.592s] Level 1:colcon.colcon_core.package_discovery:discover_packages(colcon_meta) check parameters
[1.592s] Level 1:colcon.colcon_core.package_discovery:discover_packages(recursive) check parameters
[1.592s] Level 1:colcon.colcon_core.package_discovery:discover_packages(ignore) check parameters
[1.592s] Level 1:colcon.colcon_core.package_discovery:discover_packages(path) check parameters
[1.592s] Level 1:colcon.colcon_core.package_discovery:discover_packages(colcon_meta) discover
[1.592s] Level 1:colcon.colcon_core.package_discovery:discover_packages(recursive) discover
[1.593s] INFO:colcon.colcon_core.package_discovery:Crawling recursively for packages in '/home/student/humble_ws'
[1.593s] Level 1:colcon.colcon_core.package_identification:_identify(.) by extensions ['ignore', 'ignore_ament_install']
[1.593s] Level 1:colcon.colcon_core.package_identification:_identify(.) by extension 'ignore'
[1.593s] Level 1:colcon.colcon_core.package_identification:_identify(.) by extension 'ignore_ament_install'
[1.593s] Level 1:colcon.colcon_core.package_identification:_identify(.) by extensions ['colcon_pkg']
[1.593s] Level 1:colcon.colcon_core.package_identification:_identify(.) by extension 'colcon_pkg'
[1.593s] Level 1:colcon.colcon_core.package_identification:_identify(.) by extensions ['colcon_meta']
[1.593s] Level 1:colcon.colcon_core.package_identification:_identify(.) by extension 'colcon_meta'
[1.593s] Level 1:colcon.colcon_core.package_identification:_identify(.) by extensions ['ros']
[1.593s] Level 1:colcon.colcon_core.package_identification:_identify(.) by extension 'ros'
[1.630s] Level 1:colcon.colcon_core.package_identification:_identify(.) by extensions ['cmake', 'python']
[1.630s] Level 1:colcon.colcon_core.package_identification:_identify(.) by extension 'cmake'
[1.630s] Level 1:colcon.colcon_core.package_identification:_identify(.) by extension 'python'
[1.630s] Level 1:colcon.colcon_core.package_identification:_identify(.) by extensions ['python_setup_py']
[1.630s] Level 1:colcon.colcon_core.package_identification:_identify(.) by extension 'python_setup_py'
[1.630s] Level 1:colcon.colcon_core.package_identification:_identify(build) by extensions ['ignore', 'ignore_ament_install']
[1.631s] Level 1:colcon.colcon_core.package_identification:_identify(build) by extension 'ignore'
[1.631s] Level 1:colcon.colcon_core.package_identification:_identify(build) ignored
[1.631s] Level 1:colcon.colcon_core.package_identification:_identify(een150-2022-a4-group-group18) by extensions ['ignore', 'ignore_ament_install']
[1.631s] Level 1:colcon.colcon_core.package_identification:_identify(een150-2022-a4-group-group18) by extension 'ignore'
[1.631s] Level 1:colcon.colcon_core.package_identification:_identify(een150-2022-a4-group-group18) by extension 'ignore_ament_install'
[1.631s] Level 1:colcon.colcon_core.package_identification:_identify(een150-2022-a4-group-group18) by extensions ['colcon_pkg']
[1.631s] Level 1:colcon.colcon_core.package_identification:_identify(een150-2022-a4-group-group18) by extension 'colcon_pkg'
[1.631s] Level 1:colcon.colcon_core.package_identification:_identify(een150-2022-a4-group-group18) by extensions ['colcon_meta']
[1.631s] Level 1:colcon.colcon_core.package_identification:_identify(een150-2022-a4-group-group18) by extension 'colcon_meta'
[1.631s] Level 1:colcon.colcon_core.package_identification:_identify(een150-2022-a4-group-group18) by extensions ['ros']
[1.631s] Level 1:colcon.colcon_core.package_identification:_identify(een150-2022-a4-group-group18) by extension 'ros'
[1.631s] Level 1:colcon.colcon_core.package_identification:_identify(een150-2022-a4-group-group18) by extensions ['cmake', 'python']
[1.631s] Level 1:colcon.colcon_core.package_identification:_identify(een150-2022-a4-group-group18) by extension 'cmake'
[1.631s] Level 1:colcon.colcon_core.package_identification:_identify(een150-2022-a4-group-group18) by extension 'python'
[1.632s] Level 1:colcon.colcon_core.package_identification:_identify(een150-2022-a4-group-group18) by extensions ['python_setup_py']
[1.632s] Level 1:colcon.colcon_core.package_identification:_identify(een150-2022-a4-group-group18) by extension 'python_setup_py'
[1.633s] Level 1:colcon.colcon_core.package_identification:_identify(een150-2022-a4-group-group18/bringup) by extensions ['ignore', 'ignore_ament_install']
[1.633s] Level 1:colcon.colcon_core.package_identification:_identify(een150-2022-a4-group-group18/bringup) by extension 'ignore'
[1.633s] Level 1:colcon.colcon_core.package_identification:_identify(een150-2022-a4-group-group18/bringup) by extension 'ignore_ament_install'
[1.633s] Level 1:colcon.colcon_core.package_identification:_identify(een150-2022-a4-group-group18/bringup) by extensions ['colcon_pkg']
[1.633s] Level 1:colcon.colcon_core.package_identification:_identify(een150-2022-a4-group-group18/bringup) by extension 'colcon_pkg'
[1.633s] Level 1:colcon.colcon_core.package_identification:_identify(een150-2022-a4-group-group18/bringup) by extensions ['colcon_meta']
[1.633s] Level 1:colcon.colcon_core.package_identification:_identify(een150-2022-a4-group-group18/bringup) by extension 'colcon_meta'
[1.633s] Level 1:colcon.colcon_core.package_identification:_identify(een150-2022-a4-group-group18/bringup) by extensions ['ros']
[1.633s] Level 1:colcon.colcon_core.package_identification:_identify(een150-2022-a4-group-group18/bringup) by extension 'ros'
[1.639s] DEBUG:colcon.colcon_core.package_identification:Package 'een150-2022-a4-group-group18/bringup' with type 'ros.ament_cmake' and name 'een150_a4_bringup'
[1.640s] Level 1:colcon.colcon_core.package_identification:_identify(een150-2022-a4-group-group18/scenario) by extensions ['ignore', 'ignore_ament_install']
[1.640s] Level 1:colcon.colcon_core.package_identification:_identify(een150-2022-a4-group-group18/scenario) by extension 'ignore'
[1.640s] Level 1:colcon.colcon_core.package_identification:_identify(een150-2022-a4-group-group18/scenario) by extension 'ignore_ament_install'
[1.641s] Level 1:colcon.colcon_core.package_identification:_identify(een150-2022-a4-group-group18/scenario) by extensions ['colcon_pkg']
[1.641s] Level 1:colcon.colcon_core.package_identification:_identify(een150-2022-a4-group-group18/scenario) by extension 'colcon_pkg'
[1.641s] Level 1:colcon.colcon_core.package_identification:_identify(een150-2022-a4-group-group18/scenario) by extensions ['colcon_meta']
[1.641s] Level 1:colcon.colcon_core.package_identification:_identify(een150-2022-a4-group-group18/scenario) by extension 'colcon_meta'
[1.641s] Level 1:colcon.colcon_core.package_identification:_identify(een150-2022-a4-group-group18/scenario) by extensions ['ros']
[1.641s] Level 1:colcon.colcon_core.package_identification:_identify(een150-2022-a4-group-group18/scenario) by extension 'ros'
[1.642s] Level 1:colcon.colcon_core.package_identification:_identify(een150-2022-a4-group-group18/scenario) by extensions ['cmake', 'python']
[1.642s] Level 1:colcon.colcon_core.package_identification:_identify(een150-2022-a4-group-group18/scenario) by extension 'cmake'
[1.642s] Level 1:colcon.colcon_core.package_identification:_identify(een150-2022-a4-group-group18/scenario) by extension 'python'
[1.642s] Level 1:colcon.colcon_core.package_identification:_identify(een150-2022-a4-group-group18/scenario) by extensions ['python_setup_py']
[1.642s] Level 1:colcon.colcon_core.package_identification:_identify(een150-2022-a4-group-group18/scenario) by extension 'python_setup_py'
[1.642s] Level 1:colcon.colcon_core.package_identification:_identify(een150-2022-a4-group-group18/scenario/config) by extensions ['ignore', 'ignore_ament_install']
[1.642s] Level 1:colcon.colcon_core.package_identification:_identify(een150-2022-a4-group-group18/scenario/config) by extension 'ignore'
[1.643s] Level 1:colcon.colcon_core.package_identification:_identify(een150-2022-a4-group-group18/scenario/config) by extension 'ignore_ament_install'
[1.643s] Level 1:colcon.colcon_core.package_identification:_identify(een150-2022-a4-group-group18/scenario/config) by extensions ['colcon_pkg']
[1.643s] Level 1:colcon.colcon_core.package_identification:_identify(een150-2022-a4-group-group18/scenario/config) by extension 'colcon_pkg'
[1.643s] Level 1:colcon.colcon_core.package_identification:_identify(een150-2022-a4-group-group18/scenario/config) by extensions ['colcon_meta']
[1.643s] Level 1:colcon.colcon_core.package_identification:_identify(een150-2022-a4-group-group18/scenario/config) by extension 'colcon_meta'
[1.643s] Level 1:colcon.colcon_core.package_identification:_identify(een150-2022-a4-group-group18/scenario/config) by extensions ['ros']
[1.643s] Level 1:colcon.colcon_core.package_identification:_identify(een150-2022-a4-group-group18/scenario/config) by extension 'ros'
[1.643s] Level 1:colcon.colcon_core.package_identification:_identify(een150-2022-a4-group-group18/scenario/config) by extensions ['cmake', 'python']
[1.643s] Level 1:colcon.colcon_core.package_identification:_identify(een150-2022-a4-group-group18/scenario/config) by extension 'cmake'
[1.643s] Level 1:colcon.colcon_core.package_identification:_identify(een150-2022-a4-group-group18/scenario/config) by extension 'python'
[1.643s] Level 1:colcon.colcon_core.package_identification:_identify(een150-2022-a4-group-group18/scenario/config) by extensions ['python_setup_py']
[1.643s] Level 1:colcon.colcon_core.package_identification:_identify(een150-2022-a4-group-group18/scenario/config) by extension 'python_setup_py'
[1.644s] Level 1:colcon.colcon_core.package_identification:_identify(een150-2022-a4-group-group18/scenario/frames) by extensions ['ignore', 'ignore_ament_install']
[1.644s] Level 1:colcon.colcon_core.package_identification:_identify(een150-2022-a4-group-group18/scenario/frames) by extension 'ignore'
[1.644s] Level 1:colcon.colcon_core.package_identification:_identify(een150-2022-a4-group-group18/scenario/frames) by extension 'ignore_ament_install'
[1.644s] Level 1:colcon.colcon_core.package_identification:_identify(een150-2022-a4-group-group18/scenario/frames) by extensions ['colcon_pkg']
[1.644s] Level 1:colcon.colcon_core.package_identification:_identify(een150-2022-a4-group-group18/scenario/frames) by extension 'colcon_pkg'
[1.644s] Level 1:colcon.colcon_core.package_identification:_identify(een150-2022-a4-group-group18/scenario/frames) by extensions ['colcon_meta']
[1.645s] Level 1:colcon.colcon_core.package_identification:_identify(een150-2022-a4-group-group18/scenario/frames) by extension 'colcon_meta'
[1.645s] Level 1:colcon.colcon_core.package_identification:_identify(een150-2022-a4-group-group18/scenario/frames) by extensions ['ros']
[1.645s] Level 1:colcon.colcon_core.package_identification:_identify(een150-2022-a4-group-group18/scenario/frames) by extension 'ros'
[1.645s] Level 1:colcon.colcon_core.package_identification:_identify(een150-2022-a4-group-group18/scenario/frames) by extensions ['cmake', 'python']
[1.645s] Level 1:colcon.colcon_core.package_identification:_identify(een150-2022-a4-group-group18/scenario/frames) by extension 'cmake'
[1.645s] Level 1:colcon.colcon_core.package_identification:_identify(een150-2022-a4-group-group18/scenario/frames) by extension 'python'
[1.645s] Level 1:colcon.colcon_core.package_identification:_identify(een150-2022-a4-group-group18/scenario/frames) by extensions ['python_setup_py']
[1.645s] Level 1:colcon.colcon_core.package_identification:_identify(een150-2022-a4-group-group18/scenario/frames) by extension 'python_setup_py'
[1.646s] Level 1:colcon.colcon_core.package_identification:_identify(een150-2022-a4-group-group18/scenario/frames2) by extensions ['ignore', 'ignore_ament_install']
[1.646s] Level 1:colcon.colcon_core.package_identification:_identify(een150-2022-a4-group-group18/scenario/frames2) by extension 'ignore'
[1.646s] Level 1:colcon.colcon_core.package_identification:_identify(een150-2022-a4-group-group18/scenario/frames2) by extension 'ignore_ament_install'
[1.646s] Level 1:colcon.colcon_core.package_identification:_identify(een150-2022-a4-group-group18/scenario/frames2) by extensions ['colcon_pkg']
[1.646s] Level 1:colcon.colcon_core.package_identification:_identify(een150-2022-a4-group-group18/scenario/frames2) by extension 'colcon_pkg'
[1.646s] Level 1:colcon.colcon_core.package_identification:_identify(een150-2022-a4-group-group18/scenario/frames2) by extensions ['colcon_meta']
[1.646s] Level 1:colcon.colcon_core.package_identification:_identify(een150-2022-a4-group-group18/scenario/frames2) by extension 'colcon_meta'
[1.646s] Level 1:colcon.colcon_core.package_identification:_identify(een150-2022-a4-group-group18/scenario/frames2) by extensions ['ros']
[1.646s] Level 1:colcon.colcon_core.package_identification:_identify(een150-2022-a4-group-group18/scenario/frames2) by extension 'ros'
[1.646s] Level 1:colcon.colcon_core.package_identification:_identify(een150-2022-a4-group-group18/scenario/frames2) by extensions ['cmake', 'python']
[1.646s] Level 1:colcon.colcon_core.package_identification:_identify(een150-2022-a4-group-group18/scenario/frames2) by extension 'cmake'
[1.646s] Level 1:colcon.colcon_core.package_identification:_identify(een150-2022-a4-group-group18/scenario/frames2) by extension 'python'
[1.646s] Level 1:colcon.colcon_core.package_identification:_identify(een150-2022-a4-group-group18/scenario/frames2) by extensions ['python_setup_py']
[1.646s] Level 1:colcon.colcon_core.package_identification:_identify(een150-2022-a4-group-group18/scenario/frames2) by extension 'python_setup_py'
[1.647s] Level 1:colcon.colcon_core.package_identification:_identify(een150-2022-a4-group-group18/scenario/meshes) by extensions ['ignore', 'ignore_ament_install']
[1.647s] Level 1:colcon.colcon_core.package_identification:_identify(een150-2022-a4-group-group18/scenario/meshes) by extension 'ignore'
[1.647s] Level 1:colcon.colcon_core.package_identification:_identify(een150-2022-a4-group-group18/scenario/meshes) by extension 'ignore_ament_install'
[1.647s] Level 1:colcon.colcon_core.package_identification:_identify(een150-2022-a4-group-group18/scenario/meshes) by extensions ['colcon_pkg']
[1.647s] Level 1:colcon.colcon_core.package_identification:_identify(een150-2022-a4-group-group18/scenario/meshes) by extension 'colcon_pkg'
[1.647s] Level 1:colcon.colcon_core.package_identification:_identify(een150-2022-a4-group-group18/scenario/meshes) by extensions ['colcon_meta']
[1.647s] Level 1:colcon.colcon_core.package_identification:_identify(een150-2022-a4-group-group18/scenario/meshes) by extension 'colcon_meta'
[1.648s] Level 1:colcon.colcon_core.package_identification:_identify(een150-2022-a4-group-group18/scenario/meshes) by extensions ['ros']
[1.648s] Level 1:colcon.colcon_core.package_identification:_identify(een150-2022-a4-group-group18/scenario/meshes) by extension 'ros'
[1.648s] Level 1:colcon.colcon_core.package_identification:_identify(een150-2022-a4-group-group18/scenario/meshes) by extensions ['cmake', 'python']
[1.648s] Level 1:colcon.colcon_core.package_identification:_identify(een150-2022-a4-group-group18/scenario/meshes) by extension 'cmake'
[1.648s] Level 1:colcon.colcon_core.package_identification:_identify(een150-2022-a4-group-group18/scenario/meshes) by extension 'python'
[1.648s] Level 1:colcon.colcon_core.package_identification:_identify(een150-2022-a4-group-group18/scenario/meshes) by extensions ['python_setup_py']
[1.648s] Level 1:colcon.colcon_core.package_identification:_identify(een150-2022-a4-group-group18/scenario/meshes) by extension 'python_setup_py'
[1.649s] Level 1:colcon.colcon_core.package_identification:_identify(een150-2022-a4-group-group18/src) by extensions ['ignore', 'ignore_ament_install']
[1.649s] Level 1:colcon.colcon_core.package_identification:_identify(een150-2022-a4-group-group18/src) by extension 'ignore'
[1.649s] Level 1:colcon.colcon_core.package_identification:_identify(een150-2022-a4-group-group18/src) by extension 'ignore_ament_install'
[1.649s] Level 1:colcon.colcon_core.package_identification:_identify(een150-2022-a4-group-group18/src) by extensions ['colcon_pkg']
[1.649s] Level 1:colcon.colcon_core.package_identification:_identify(een150-2022-a4-group-group18/src) by extension 'colcon_pkg'
[1.649s] Level 1:colcon.colcon_core.package_identification:_identify(een150-2022-a4-group-group18/src) by extensions ['colcon_meta']
[1.649s] Level 1:colcon.colcon_core.package_identification:_identify(een150-2022-a4-group-group18/src) by extension 'colcon_meta'
[1.649s] Level 1:colcon.colcon_core.package_identification:_identify(een150-2022-a4-group-group18/src) by extensions ['ros']
[1.649s] Level 1:colcon.colcon_core.package_identification:_identify(een150-2022-a4-group-group18/src) by extension 'ros'
[1.649s] Level 1:colcon.colcon_core.package_identification:_identify(een150-2022-a4-group-group18/src) by extensions ['cmake', 'python']
[1.649s] Level 1:colcon.colcon_core.package_identification:_identify(een150-2022-a4-group-group18/src) by extension 'cmake'
[1.649s] Level 1:colcon.colcon_core.package_identification:_identify(een150-2022-a4-group-group18/src) by extension 'python'
[1.649s] Level 1:colcon.colcon_core.package_identification:_identify(een150-2022-a4-group-group18/src) by extensions ['python_setup_py']
[1.649s] Level 1:colcon.colcon_core.package_identification:_identify(een150-2022-a4-group-group18/src) by extension 'python_setup_py'
[1.650s] Level 1:colcon.colcon_core.package_identification:_identify(een150-2022-a4-group-group18/src/py_ctrl) by extensions ['ignore', 'ignore_ament_install']
[1.650s] Level 1:colcon.colcon_core.package_identification:_identify(een150-2022-a4-group-group18/src/py_ctrl) by extension 'ignore'
[1.650s] Level 1:colcon.colcon_core.package_identification:_identify(een150-2022-a4-group-group18/src/py_ctrl) by extension 'ignore_ament_install'
[1.650s] Level 1:colcon.colcon_core.package_identification:_identify(een150-2022-a4-group-group18/src/py_ctrl) by extensions ['colcon_pkg']
[1.650s] Level 1:colcon.colcon_core.package_identification:_identify(een150-2022-a4-group-group18/src/py_ctrl) by extension 'colcon_pkg'
[1.650s] Level 1:colcon.colcon_core.package_identification:_identify(een150-2022-a4-group-group18/src/py_ctrl) by extensions ['colcon_meta']
[1.650s] Level 1:colcon.colcon_core.package_identification:_identify(een150-2022-a4-group-group18/src/py_ctrl) by extension 'colcon_meta'
[1.651s] Level 1:colcon.colcon_core.package_identification:_identify(een150-2022-a4-group-group18/src/py_ctrl) by extensions ['ros']
[1.651s] Level 1:colcon.colcon_core.package_identification:_identify(een150-2022-a4-group-group18/src/py_ctrl) by extension 'ros'
[1.651s] DEBUG:colcon.colcon_core.package_identification:Package 'een150-2022-a4-group-group18/src/py_ctrl' with type 'ros.ament_python' and name 'py_ctrl'
[1.652s] Level 1:colcon.colcon_core.package_identification:_identify(een150-2022-a4-group-group18/src/spiral) by extensions ['ignore', 'ignore_ament_install']
[1.652s] Level 1:colcon.colcon_core.package_identification:_identify(een150-2022-a4-group-group18/src/spiral) by extension 'ignore'
[1.652s] Level 1:colcon.colcon_core.package_identification:_identify(een150-2022-a4-group-group18/src/spiral) by extension 'ignore_ament_install'
[1.652s] Level 1:colcon.colcon_core.package_identification:_identify(een150-2022-a4-group-group18/src/spiral) by extensions ['colcon_pkg']
[1.652s] Level 1:colcon.colcon_core.package_identification:_identify(een150-2022-a4-group-group18/src/spiral) by extension 'colcon_pkg'
[1.652s] Level 1:colcon.colcon_core.package_identification:_identify(een150-2022-a4-group-group18/src/spiral) by extensions ['colcon_meta']
[1.653s] Level 1:colcon.colcon_core.package_identification:_identify(een150-2022-a4-group-group18/src/spiral) by extension 'colcon_meta'
[1.653s] Level 1:colcon.colcon_core.package_identification:_identify(een150-2022-a4-group-group18/src/spiral) by extensions ['ros']
[1.653s] Level 1:colcon.colcon_core.package_identification:_identify(een150-2022-a4-group-group18/src/spiral) by extension 'ros'
[1.654s] DEBUG:colcon.colcon_core.package_identification:Package 'een150-2022-a4-group-group18/src/spiral' with type 'ros.ament_python' and name 'spiral'
[1.655s] Level 1:colcon.colcon_core.package_identification:_identify(een150-2022-a4-group-group18/xacro_2.0.7.) by extensions ['ignore', 'ignore_ament_install']
[1.655s] Level 1:colcon.colcon_core.package_identification:_identify(een150-2022-a4-group-group18/xacro_2.0.7.) by extension 'ignore'
[1.655s] Level 1:colcon.colcon_core.package_identification:_identify(een150-2022-a4-group-group18/xacro_2.0.7.) by extension 'ignore_ament_install'
[1.655s] Level 1:colcon.colcon_core.package_identification:_identify(een150-2022-a4-group-group18/xacro_2.0.7.) by extensions ['colcon_pkg']
[1.655s] Level 1:colcon.colcon_core.package_identification:_identify(een150-2022-a4-group-group18/xacro_2.0.7.) by extension 'colcon_pkg'
[1.657s] Level 1:colcon.colcon_core.package_identification:_identify(een150-2022-a4-group-group18/xacro_2.0.7.) by extensions ['colcon_meta']
[1.657s] Level 1:colcon.colcon_core.package_identification:_identify(een150-2022-a4-group-group18/xacro_2.0.7.) by extension 'colcon_meta'
[1.657s] Level 1:colcon.colcon_core.package_identification:_identify(een150-2022-a4-group-group18/xacro_2.0.7.) by extensions ['ros']
[1.657s] Level 1:colcon.colcon_core.package_identification:_identify(een150-2022-a4-group-group18/xacro_2.0.7.) by extension 'ros'
[1.659s] DEBUG:colcon.colcon_core.package_identification:Package 'een150-2022-a4-group-group18/xacro_2.0.7.' with type 'ros.ament_cmake' and name 'xacro'
[1.659s] Level 1:colcon.colcon_core.package_identification:_identify(install) by extensions ['ignore', 'ignore_ament_install']
[1.659s] Level 1:colcon.colcon_core.package_identification:_identify(install) by extension 'ignore'
[1.659s] Level 1:colcon.colcon_core.package_identification:_identify(install) ignored
[1.659s] Level 1:colcon.colcon_core.package_identification:_identify(log) by extensions ['ignore', 'ignore_ament_install']
[1.659s] Level 1:colcon.colcon_core.package_identification:_identify(log) by extension 'ignore'
[1.659s] Level 1:colcon.colcon_core.package_identification:_identify(log) ignored
[1.659s] Level 1:colcon.colcon_core.package_discovery:discover_packages(recursive) using defaults
[1.659s] Level 1:colcon.colcon_core.package_discovery:discover_packages(ignore) discover
[1.659s] Level 1:colcon.colcon_core.package_discovery:discover_packages(ignore) using defaults
[1.659s] Level 1:colcon.colcon_core.package_discovery:discover_packages(path) discover
[1.659s] Level 1:colcon.colcon_core.package_discovery:discover_packages(path) using defaults
[1.768s] INFO:colcon.colcon_metadata.metadata.colcon_pkg:Updating descriptor of package 'een150-2022-a4-group-group18/xacro_2.0.7.' from colcon.pkg: {'hooks': ['share/xacro/environment/completion.bash']}
[1.775s] Level 1:colcon.colcon_core.package_discovery:discover_packages(prefix_path) check parameters
[1.775s] Level 1:colcon.colcon_core.package_discovery:discover_packages(prefix_path) discover
[1.842s] DEBUG:colcon.colcon_installed_package_information.package_discovery:Found 17 installed packages in /home/student/requirements_ws/install
[1.851s] DEBUG:colcon.colcon_installed_package_information.package_discovery:Found 283 installed packages in /opt/ros/humble
[1.854s] Level 1:colcon.colcon_core.package_discovery:discover_packages(prefix_path) using defaults
[2.360s] Level 5:colcon.colcon_core.verb:set package 'een150_a4_bringup' build argument 'cmake_args' from command line to 'None'
[2.360s] Level 5:colcon.colcon_core.verb:set package 'een150_a4_bringup' build argument 'cmake_target' from command line to 'None'
[2.360s] Level 5:colcon.colcon_core.verb:set package 'een150_a4_bringup' build argument 'cmake_target_skip_unavailable' from command line to 'False'
[2.360s] Level 5:colcon.colcon_core.verb:set package 'een150_a4_bringup' build argument 'cmake_clean_cache' from command line to 'False'
[2.360s] Level 5:colcon.colcon_core.verb:set package 'een150_a4_bringup' build argument 'cmake_clean_first' from command line to 'False'
[2.360s] Level 5:colcon.colcon_core.verb:set package 'een150_a4_bringup' build argument 'cmake_force_configure' from command line to 'False'
[2.361s] Level 5:colcon.colcon_core.verb:set package 'een150_a4_bringup' build argument 'ament_cmake_args' from command line to 'None'
[2.361s] Level 5:colcon.colcon_core.verb:set package 'een150_a4_bringup' build argument 'catkin_cmake_args' from command line to 'None'
[2.361s] Level 5:colcon.colcon_core.verb:set package 'een150_a4_bringup' build argument 'catkin_skip_building_tests' from command line to 'False'
[2.361s] DEBUG:colcon.colcon_core.verb:Building package 'een150_a4_bringup' with the following arguments: {'ament_cmake_args': None, 'build_base': '/home/student/humble_ws/build/een150_a4_bringup', 'catkin_cmake_args': None, 'catkin_skip_building_tests': False, 'cmake_args': None, 'cmake_clean_cache': False, 'cmake_clean_first': False, 'cmake_force_configure': False, 'cmake_target': None, 'cmake_target_skip_unavailable': False, 'install_base': '/home/student/humble_ws/install/een150_a4_bringup', 'merge_install': False, 'path': '/home/student/humble_ws/een150-2022-a4-group-group18/bringup', 'symlink_install': False, 'test_result_base': None}
[2.363s] Level 5:colcon.colcon_core.verb:set package 'py_ctrl' build argument 'cmake_args' from command line to 'None'
[2.363s] Level 5:colcon.colcon_core.verb:set package 'py_ctrl' build argument 'cmake_target' from command line to 'None'
[2.363s] Level 5:colcon.colcon_core.verb:set package 'py_ctrl' build argument 'cmake_target_skip_unavailable' from command line to 'False'
[2.363s] Level 5:colcon.colcon_core.verb:set package 'py_ctrl' build argument 'cmake_clean_cache' from command line to 'False'
[2.363s] Level 5:colcon.colcon_core.verb:set package 'py_ctrl' build argument 'cmake_clean_first' from command line to 'False'
[2.363s] Level 5:colcon.colcon_core.verb:set package 'py_ctrl' build argument 'cmake_force_configure' from command line to 'False'
[2.363s] Level 5:colcon.colcon_core.verb:set package 'py_ctrl' build argument 'ament_cmake_args' from command line to 'None'
[2.363s] Level 5:colcon.colcon_core.verb:set package 'py_ctrl' build argument 'catkin_cmake_args' from command line to 'None'
[2.363s] Level 5:colcon.colcon_core.verb:set package 'py_ctrl' build argument 'catkin_skip_building_tests' from command line to 'False'
[2.363s] DEBUG:colcon.colcon_core.verb:Building package 'py_ctrl' with the following arguments: {'ament_cmake_args': None, 'build_base': '/home/student/humble_ws/build/py_ctrl', 'catkin_cmake_args': None, 'catkin_skip_building_tests': False, 'cmake_args': None, 'cmake_clean_cache': False, 'cmake_clean_first': False, 'cmake_force_configure': False, 'cmake_target': None, 'cmake_target_skip_unavailable': False, 'install_base': '/home/student/humble_ws/install/py_ctrl', 'merge_install': False, 'path': '/home/student/humble_ws/een150-2022-a4-group-group18/src/py_ctrl', 'symlink_install': False, 'test_result_base': None}
[2.369s] Level 5:colcon.colcon_core.verb:set package 'spiral' build argument 'cmake_args' from command line to 'None'
[2.369s] Level 5:colcon.colcon_core.verb:set package 'spiral' build argument 'cmake_target' from command line to 'None'
[2.369s] Level 5:colcon.colcon_core.verb:set package 'spiral' build argument 'cmake_target_skip_unavailable' from command line to 'False'
[2.369s] Level 5:colcon.colcon_core.verb:set package 'spiral' build argument 'cmake_clean_cache' from command line to 'False'
[2.369s] Level 5:colcon.colcon_core.verb:set package 'spiral' build argument 'cmake_clean_first' from command line to 'False'
[2.369s] Level 5:colcon.colcon_core.verb:set package 'spiral' build argument 'cmake_force_configure' from command line to 'False'
[2.369s] Level 5:colcon.colcon_core.verb:set package 'spiral' build argument 'ament_cmake_args' from command line to 'None'
[2.369s] Level 5:colcon.colcon_core.verb:set package 'spiral' build argument 'catkin_cmake_args' from command line to 'None'
[2.369s] Level 5:colcon.colcon_core.verb:set package 'spiral' build argument 'catkin_skip_building_tests' from command line to 'False'
[2.369s] DEBUG:colcon.colcon_core.verb:Building package 'spiral' with the following arguments: {'ament_cmake_args': None, 'build_base': '/home/student/humble_ws/build/spiral', 'catkin_cmake_args': None, 'catkin_skip_building_tests': False, 'cmake_args': None, 'cmake_clean_cache': False, 'cmake_clean_first': False, 'cmake_force_configure': False, 'cmake_target': None, 'cmake_target_skip_unavailable': False, 'install_base': '/home/student/humble_ws/install/spiral', 'merge_install': False, 'path': '/home/student/humble_ws/een150-2022-a4-group-group18/src/spiral', 'symlink_install': False, 'test_result_base': None}
[2.371s] Level 5:colcon.colcon_core.verb:set package 'xacro' build argument 'cmake_args' from command line to 'None'
[2.371s] Level 5:colcon.colcon_core.verb:set package 'xacro' build argument 'cmake_target' from command line to 'None'
[2.371s] Level 5:colcon.colcon_core.verb:set package 'xacro' build argument 'cmake_target_skip_unavailable' from command line to 'False'
[2.371s] Level 5:colcon.colcon_core.verb:set package 'xacro' build argument 'cmake_clean_cache' from command line to 'False'
[2.371s] Level 5:colcon.colcon_core.verb:set package 'xacro' build argument 'cmake_clean_first' from command line to 'False'
[2.371s] Level 5:colcon.colcon_core.verb:set package 'xacro' build argument 'cmake_force_configure' from command line to 'False'
[2.371s] Level 5:colcon.colcon_core.verb:set package 'xacro' build argument 'ament_cmake_args' from command line to 'None'
[2.371s] Level 5:colcon.colcon_core.verb:set package 'xacro' build argument 'catkin_cmake_args' from command line to 'None'
[2.371s] Level 5:colcon.colcon_core.verb:set package 'xacro' build argument 'catkin_skip_building_tests' from command line to 'False'
[2.371s] DEBUG:colcon.colcon_core.verb:Building package 'xacro' with the following arguments: {'ament_cmake_args': None, 'build_base': '/home/student/humble_ws/build/xacro', 'catkin_cmake_args': None, 'catkin_skip_building_tests': False, 'cmake_args': None, 'cmake_clean_cache': False, 'cmake_clean_first': False, 'cmake_force_configure': False, 'cmake_target': None, 'cmake_target_skip_unavailable': False, 'install_base': '/home/student/humble_ws/install/xacro', 'merge_install': False, 'path': '/home/student/humble_ws/een150-2022-a4-group-group18/xacro_2.0.7.', 'symlink_install': False, 'test_result_base': None}
[2.373s] INFO:colcon.colcon_core.executor:Executing jobs using 'parallel' executor
[2.391s] DEBUG:colcon.colcon_parallel_executor.executor.parallel:run_until_complete
[2.392s] INFO:colcon.colcon_ros.task.ament_cmake.build:Building ROS package in '/home/student/humble_ws/een150-2022-a4-group-group18/bringup' with build type 'ament_cmake'
[2.392s] INFO:colcon.colcon_cmake.task.cmake.build:Building CMake package in '/home/student/humble_ws/een150-2022-a4-group-group18/bringup'
[2.431s] INFO:colcon.colcon_core.plugin_system:Skipping extension 'colcon_core.shell.bat': Not used on non-Windows systems
[2.432s] INFO:colcon.colcon_core.shell:Skip shell extension 'powershell' for command environment: Not usable outside of PowerShell
[2.432s] DEBUG:colcon.colcon_core.shell:Skip shell extension 'dsv' for command environment
[2.447s] INFO:colcon.colcon_ros.task.ament_python.build:Building ROS package in '/home/student/humble_ws/een150-2022-a4-group-group18/src/py_ctrl' with build type 'ament_python'
[2.448s] Level 1:colcon.colcon_core.shell:create_environment_hook('py_ctrl', 'ament_prefix_path')
[2.452s] INFO:colcon.colcon_core.shell:Creating environment hook '/home/student/humble_ws/install/py_ctrl/share/py_ctrl/hook/ament_prefix_path.ps1'
[2.458s] INFO:colcon.colcon_core.shell:Creating environment descriptor '/home/student/humble_ws/install/py_ctrl/share/py_ctrl/hook/ament_prefix_path.dsv'
[2.459s] INFO:colcon.colcon_core.shell:Creating environment hook '/home/student/humble_ws/install/py_ctrl/share/py_ctrl/hook/ament_prefix_path.sh'
[2.466s] INFO:colcon.colcon_core.shell:Skip shell extension 'powershell' for command environment: Not usable outside of PowerShell
[2.466s] DEBUG:colcon.colcon_core.shell:Skip shell extension 'dsv' for command environment
[2.499s] DEBUG:colcon.colcon_core.event_handler.log_command:Invoking command in '/home/student/humble_ws/build/een150_a4_bringup': CMAKE_PREFIX_PATH=${CMAKE_PREFIX_PATH}:/home/student/requirements_ws/install/scene_manipulation_marker:/home/student/requirements_ws/install/scene_manipulation_gui:/home/student/requirements_ws/install/gui_tools:/opt/ros/humble /usr/bin/cmake /home/student/humble_ws/een150-2022-a4-group-group18/bringup -DCMAKE_INSTALL_PREFIX=/home/student/humble_ws/install/een150_a4_bringup
[3.997s] INFO:colcon.colcon_core.task.python.build:Building Python package in '/home/student/humble_ws/een150-2022-a4-group-group18/src/py_ctrl'
[4.004s] INFO:colcon.colcon_core.shell:Skip shell extension 'powershell' for command environment: Not usable outside of PowerShell
[4.004s] DEBUG:colcon.colcon_core.shell:Skip shell extension 'dsv' for command environment
[5.637s] DEBUG:colcon.colcon_core.event_handler.log_command:Invoking command in '/home/student/humble_ws/een150-2022-a4-group-group18/src/py_ctrl': PYTHONPATH=/home/student/humble_ws/install/py_ctrl/lib/python3.10/site-packages:${PYTHONPATH} /usr/bin/python3 setup.py egg_info --egg-base ../../../build/py_ctrl build --build-base /home/student/humble_ws/build/py_ctrl/build install --prefix /home/student/humble_ws/install/py_ctrl --record /home/student/humble_ws/build/py_ctrl/install.log --single-version-externally-managed
[6.734s] DEBUG:colcon.colcon_core.event_handler.log_command:Invoked command in '/home/student/humble_ws/build/een150_a4_bringup' returned '0': CMAKE_PREFIX_PATH=${CMAKE_PREFIX_PATH}:/home/student/requirements_ws/install/scene_manipulation_marker:/home/student/requirements_ws/install/scene_manipulation_gui:/home/student/requirements_ws/install/gui_tools:/opt/ros/humble /usr/bin/cmake /home/student/humble_ws/een150-2022-a4-group-group18/bringup -DCMAKE_INSTALL_PREFIX=/home/student/humble_ws/install/een150_a4_bringup
[6.735s] DEBUG:colcon.colcon_core.event_handler.log_command:Invoking command in '/home/student/humble_ws/build/een150_a4_bringup': CMAKE_PREFIX_PATH=${CMAKE_PREFIX_PATH}:/home/student/requirements_ws/install/scene_manipulation_marker:/home/student/requirements_ws/install/scene_manipulation_gui:/home/student/requirements_ws/install/gui_tools:/opt/ros/humble /usr/bin/cmake --build /home/student/humble_ws/build/een150_a4_bringup -- -j2 -l2
[6.867s] DEBUG:colcon.colcon_core.event_handler.log_command:Invoked command in '/home/student/humble_ws/build/een150_a4_bringup' returned '0': CMAKE_PREFIX_PATH=${CMAKE_PREFIX_PATH}:/home/student/requirements_ws/install/scene_manipulation_marker:/home/student/requirements_ws/install/scene_manipulation_gui:/home/student/requirements_ws/install/gui_tools:/opt/ros/humble /usr/bin/cmake --build /home/student/humble_ws/build/een150_a4_bringup -- -j2 -l2
[6.904s] DEBUG:colcon.colcon_core.event_handler.log_command:Invoked command in '/home/student/humble_ws/een150-2022-a4-group-group18/src/py_ctrl' returned '0': PYTHONPATH=/home/student/humble_ws/install/py_ctrl/lib/python3.10/site-packages:${PYTHONPATH} /usr/bin/python3 setup.py egg_info --egg-base ../../../build/py_ctrl build --build-base /home/student/humble_ws/build/py_ctrl/build install --prefix /home/student/humble_ws/install/py_ctrl --record /home/student/humble_ws/build/py_ctrl/install.log --single-version-externally-managed
[6.949s] Level 1:colcon.colcon_core.environment:checking '/home/student/humble_ws/install/py_ctrl' for CMake module files
[6.950s] Level 1:colcon.colcon_core.environment:checking '/home/student/humble_ws/install/py_ctrl' for CMake config files
[6.952s] Level 1:colcon.colcon_core.environment:checking '/home/student/humble_ws/install/py_ctrl/lib'
[6.952s] Level 1:colcon.colcon_core.environment:checking '/home/student/humble_ws/install/py_ctrl/bin'
[6.956s] Level 1:colcon.colcon_core.environment:checking '/home/student/humble_ws/install/py_ctrl/lib/pkgconfig/py_ctrl.pc'
[6.956s] Level 1:colcon.colcon_core.environment:checking '/home/student/humble_ws/install/py_ctrl/lib/python3.10/site-packages'
[6.957s] Level 1:colcon.colcon_core.shell:create_environment_hook('py_ctrl', 'pythonpath')
[6.967s] INFO:colcon.colcon_core.shell:Creating environment hook '/home/student/humble_ws/install/py_ctrl/share/py_ctrl/hook/pythonpath.ps1'
[6.970s] INFO:colcon.colcon_core.shell:Creating environment descriptor '/home/student/humble_ws/install/py_ctrl/share/py_ctrl/hook/pythonpath.dsv'
[6.978s] INFO:colcon.colcon_core.shell:Creating environment hook '/home/student/humble_ws/install/py_ctrl/share/py_ctrl/hook/pythonpath.sh'
[6.979s] Level 1:colcon.colcon_core.environment:checking '/home/student/humble_ws/install/py_ctrl/bin'
[6.980s] Level 1:colcon.colcon_core.environment:create_environment_scripts_only(py_ctrl)
[6.987s] INFO:colcon.colcon_core.shell:Creating package script '/home/student/humble_ws/install/py_ctrl/share/py_ctrl/package.ps1'
[6.998s] INFO:colcon.colcon_core.shell:Creating package descriptor '/home/student/humble_ws/install/py_ctrl/share/py_ctrl/package.dsv'
[7.001s] INFO:colcon.colcon_core.shell:Creating package script '/home/student/humble_ws/install/py_ctrl/share/py_ctrl/package.sh'
[7.004s] INFO:colcon.colcon_core.shell:Creating package script '/home/student/humble_ws/install/py_ctrl/share/py_ctrl/package.bash'
[7.012s] INFO:colcon.colcon_core.shell:Creating package script '/home/student/humble_ws/install/py_ctrl/share/py_ctrl/package.zsh'
[7.016s] Level 1:colcon.colcon_core.environment:create_file_with_runtime_dependencies(/home/student/humble_ws/install/py_ctrl/share/colcon-core/packages/py_ctrl)
[7.018s] INFO:colcon.colcon_ros.task.ament_python.build:Building ROS package in '/home/student/humble_ws/een150-2022-a4-group-group18/src/spiral' with build type 'ament_python'
[7.019s] Level 1:colcon.colcon_core.shell:create_environment_hook('spiral', 'ament_prefix_path')
[7.037s] INFO:colcon.colcon_core.shell:Creating environment hook '/home/student/humble_ws/install/spiral/share/spiral/hook/ament_prefix_path.ps1'
[7.038s] INFO:colcon.colcon_core.shell:Creating environment descriptor '/home/student/humble_ws/install/spiral/share/spiral/hook/ament_prefix_path.dsv'
[7.038s] INFO:colcon.colcon_core.shell:Creating environment hook '/home/student/humble_ws/install/spiral/share/spiral/hook/ament_prefix_path.sh'
[7.050s] INFO:colcon.colcon_core.shell:Skip shell extension 'powershell' for command environment: Not usable outside of PowerShell
[7.051s] DEBUG:colcon.colcon_core.shell:Skip shell extension 'dsv' for command environment
[7.134s] DEBUG:colcon.colcon_core.event_handler.log_command:Invoking command in '/home/student/humble_ws/build/een150_a4_bringup': CMAKE_PREFIX_PATH=${CMAKE_PREFIX_PATH}:/home/student/requirements_ws/install/scene_manipulation_marker:/home/student/requirements_ws/install/scene_manipulation_gui:/home/student/requirements_ws/install/gui_tools:/opt/ros/humble /usr/bin/cmake --install /home/student/humble_ws/build/een150_a4_bringup
[7.857s] INFO:colcon.colcon_core.task.python.build:Building Python package in '/home/student/humble_ws/een150-2022-a4-group-group18/src/spiral'
[7.860s] INFO:colcon.colcon_core.shell:Skip shell extension 'powershell' for command environment: Not usable outside of PowerShell
[7.860s] DEBUG:colcon.colcon_core.shell:Skip shell extension 'dsv' for command environment
[7.871s] Level 1:colcon.colcon_core.environment:create_environment_scripts_only(een150_a4_bringup)
[7.880s] DEBUG:colcon.colcon_core.event_handler.log_command:Invoked command in '/home/student/humble_ws/build/een150_a4_bringup' returned '0': CMAKE_PREFIX_PATH=${CMAKE_PREFIX_PATH}:/home/student/requirements_ws/install/scene_manipulation_marker:/home/student/requirements_ws/install/scene_manipulation_gui:/home/student/requirements_ws/install/gui_tools:/opt/ros/humble /usr/bin/cmake --install /home/student/humble_ws/build/een150_a4_bringup
[7.882s] Level 1:colcon.colcon_core.environment:checking '/home/student/humble_ws/install/een150_a4_bringup' for CMake module files
[7.882s] Level 1:colcon.colcon_core.environment:checking '/home/student/humble_ws/install/een150_a4_bringup' for CMake config files
[7.882s] Level 1:colcon.colcon_core.shell:create_environment_hook('een150_a4_bringup', 'cmake_prefix_path')
[7.891s] INFO:colcon.colcon_core.shell:Creating environment hook '/home/student/humble_ws/install/een150_a4_bringup/share/een150_a4_bringup/hook/cmake_prefix_path.ps1'
[7.892s] INFO:colcon.colcon_core.shell:Creating environment descriptor '/home/student/humble_ws/install/een150_a4_bringup/share/een150_a4_bringup/hook/cmake_prefix_path.dsv'
[7.892s] INFO:colcon.colcon_core.shell:Creating environment hook '/home/student/humble_ws/install/een150_a4_bringup/share/een150_a4_bringup/hook/cmake_prefix_path.sh'
[7.893s] Level 1:colcon.colcon_core.environment:checking '/home/student/humble_ws/install/een150_a4_bringup/bin'
[7.893s] Level 1:colcon.colcon_core.environment:checking '/home/student/humble_ws/install/een150_a4_bringup/lib/pkgconfig/een150_a4_bringup.pc'
[7.894s] Level 1:colcon.colcon_core.environment:checking '/home/student/humble_ws/install/een150_a4_bringup/lib/python3.10/site-packages'
[7.894s] Level 1:colcon.colcon_core.environment:checking '/home/student/humble_ws/install/een150_a4_bringup/bin'
[7.900s] INFO:colcon.colcon_core.shell:Creating package script '/home/student/humble_ws/install/een150_a4_bringup/share/een150_a4_bringup/package.ps1'
[7.900s] INFO:colcon.colcon_core.shell:Creating package descriptor '/home/student/humble_ws/install/een150_a4_bringup/share/een150_a4_bringup/package.dsv'
[7.901s] INFO:colcon.colcon_core.shell:Creating package script '/home/student/humble_ws/install/een150_a4_bringup/share/een150_a4_bringup/package.sh'
[7.902s] INFO:colcon.colcon_core.shell:Creating package script '/home/student/humble_ws/install/een150_a4_bringup/share/een150_a4_bringup/package.bash'
[7.903s] INFO:colcon.colcon_core.shell:Creating package script '/home/student/humble_ws/install/een150_a4_bringup/share/een150_a4_bringup/package.zsh'
[7.903s] Level 1:colcon.colcon_core.environment:create_file_with_runtime_dependencies(/home/student/humble_ws/install/een150_a4_bringup/share/colcon-core/packages/een150_a4_bringup)
[8.060s] Level 1:colcon.colcon_core.environment:create_environment_scripts_only(een150_a4_bringup)
[8.091s] Level 1:colcon.colcon_core.environment:checking '/home/student/humble_ws/install/een150_a4_bringup' for CMake module files
[8.092s] Level 1:colcon.colcon_core.environment:checking '/home/student/humble_ws/install/een150_a4_bringup' for CMake config files
[8.092s] Level 1:colcon.colcon_core.shell:create_environment_hook('een150_a4_bringup', 'cmake_prefix_path')
[8.112s] INFO:colcon.colcon_core.shell:Creating environment hook '/home/student/humble_ws/install/een150_a4_bringup/share/een150_a4_bringup/hook/cmake_prefix_path.ps1'
[8.112s] INFO:colcon.colcon_core.shell:Creating environment descriptor '/home/student/humble_ws/install/een150_a4_bringup/share/een150_a4_bringup/hook/cmake_prefix_path.dsv'
[8.113s] INFO:colcon.colcon_core.shell:Creating environment hook '/home/student/humble_ws/install/een150_a4_bringup/share/een150_a4_bringup/hook/cmake_prefix_path.sh'
[8.115s] Level 1:colcon.colcon_core.environment:checking '/home/student/humble_ws/install/een150_a4_bringup/bin'
[8.115s] Level 1:colcon.colcon_core.environment:checking '/home/student/humble_ws/install/een150_a4_bringup/lib/pkgconfig/een150_a4_bringup.pc'
[8.115s] Level 1:colcon.colcon_core.environment:checking '/home/student/humble_ws/install/een150_a4_bringup/lib/python3.10/site-packages'
[8.116s] Level 1:colcon.colcon_core.environment:checking '/home/student/humble_ws/install/een150_a4_bringup/bin'
[8.121s] INFO:colcon.colcon_core.shell:Creating package script '/home/student/humble_ws/install/een150_a4_bringup/share/een150_a4_bringup/package.ps1'
[8.135s] INFO:colcon.colcon_core.shell:Creating package descriptor '/home/student/humble_ws/install/een150_a4_bringup/share/een150_a4_bringup/package.dsv'
[8.136s] INFO:colcon.colcon_core.shell:Creating package script '/home/student/humble_ws/install/een150_a4_bringup/share/een150_a4_bringup/package.sh'
[8.149s] INFO:colcon.colcon_core.shell:Creating package script '/home/student/humble_ws/install/een150_a4_bringup/share/een150_a4_bringup/package.bash'
[8.154s] INFO:colcon.colcon_core.shell:Creating package script '/home/student/humble_ws/install/een150_a4_bringup/share/een150_a4_bringup/package.zsh'
[8.157s] Level 1:colcon.colcon_core.environment:create_file_with_runtime_dependencies(/home/student/humble_ws/install/een150_a4_bringup/share/colcon-core/packages/een150_a4_bringup)
[8.158s] INFO:colcon.colcon_ros.task.ament_cmake.build:Building ROS package in '/home/student/humble_ws/een150-2022-a4-group-group18/xacro_2.0.7.' with build type 'ament_cmake'
[8.158s] INFO:colcon.colcon_cmake.task.cmake.build:Building CMake package in '/home/student/humble_ws/een150-2022-a4-group-group18/xacro_2.0.7.'
[8.176s] INFO:colcon.colcon_core.shell:Skip shell extension 'powershell' for command environment: Not usable outside of PowerShell
[8.176s] DEBUG:colcon.colcon_core.shell:Skip shell extension 'dsv' for command environment
[8.242s] DEBUG:colcon.colcon_core.event_handler.log_command:Invoking command in '/home/student/humble_ws/build/xacro': CMAKE_PREFIX_PATH=${CMAKE_PREFIX_PATH}:/home/student/requirements_ws/install/scene_manipulation_marker:/home/student/requirements_ws/install/scene_manipulation_gui:/home/student/requirements_ws/install/gui_tools:/opt/ros/humble /usr/bin/cmake /home/student/humble_ws/een150-2022-a4-group-group18/xacro_2.0.7. -DCMAKE_INSTALL_PREFIX=/home/student/humble_ws/install/xacro
[9.363s] DEBUG:colcon.colcon_core.event_handler.log_command:Invoking command in '/home/student/humble_ws/een150-2022-a4-group-group18/src/spiral': PYTHONPATH=/home/student/humble_ws/install/spiral/lib/python3.10/site-packages:${PYTHONPATH} /usr/bin/python3 setup.py egg_info --egg-base ../../../build/spiral build --build-base /home/student/humble_ws/build/spiral/build install --prefix /home/student/humble_ws/install/spiral --record /home/student/humble_ws/build/spiral/install.log --single-version-externally-managed
[10.572s] Level 1:colcon.colcon_core.environment:checking '/home/student/humble_ws/install/spiral' for CMake module files
[10.574s] DEBUG:colcon.colcon_core.event_handler.log_command:Invoked command in '/home/student/humble_ws/een150-2022-a4-group-group18/src/spiral' returned '0': PYTHONPATH=/home/student/humble_ws/install/spiral/lib/python3.10/site-packages:${PYTHONPATH} /usr/bin/python3 setup.py egg_info --egg-base ../../../build/spiral build --build-base /home/student/humble_ws/build/spiral/build install --prefix /home/student/humble_ws/install/spiral --record /home/student/humble_ws/build/spiral/install.log --single-version-externally-managed
[10.576s] Level 1:colcon.colcon_core.environment:checking '/home/student/humble_ws/install/spiral' for CMake config files
[10.577s] Level 1:colcon.colcon_core.environment:checking '/home/student/humble_ws/install/spiral/lib'
[10.577s] Level 1:colcon.colcon_core.environment:checking '/home/student/humble_ws/install/spiral/bin'
[10.577s] Level 1:colcon.colcon_core.environment:checking '/home/student/humble_ws/install/spiral/lib/pkgconfig/spiral.pc'
[10.578s] Level 1:colcon.colcon_core.environment:checking '/home/student/humble_ws/install/spiral/lib/python3.10/site-packages'
[10.578s] Level 1:colcon.colcon_core.shell:create_environment_hook('spiral', 'pythonpath')
[10.587s] INFO:colcon.colcon_core.shell:Creating environment hook '/home/student/humble_ws/install/spiral/share/spiral/hook/pythonpath.ps1'
[10.587s] INFO:colcon.colcon_core.shell:Creating environment descriptor '/home/student/humble_ws/install/spiral/share/spiral/hook/pythonpath.dsv'
[10.588s] INFO:colcon.colcon_core.shell:Creating environment hook '/home/student/humble_ws/install/spiral/share/spiral/hook/pythonpath.sh'
[10.588s] Level 1:colcon.colcon_core.environment:checking '/home/student/humble_ws/install/spiral/bin'
[10.588s] Level 1:colcon.colcon_core.environment:create_environment_scripts_only(spiral)
[10.604s] INFO:colcon.colcon_core.shell:Creating package script '/home/student/humble_ws/install/spiral/share/spiral/package.ps1'
[10.609s] INFO:colcon.colcon_core.shell:Creating package descriptor '/home/student/humble_ws/install/spiral/share/spiral/package.dsv'
[10.610s] INFO:colcon.colcon_core.shell:Creating package script '/home/student/humble_ws/install/spiral/share/spiral/package.sh'
[10.610s] INFO:colcon.colcon_core.shell:Creating package script '/home/student/humble_ws/install/spiral/share/spiral/package.bash'
[10.611s] INFO:colcon.colcon_core.shell:Creating package script '/home/student/humble_ws/install/spiral/share/spiral/package.zsh'
[10.611s] Level 1:colcon.colcon_core.environment:create_file_with_runtime_dependencies(/home/student/humble_ws/install/spiral/share/colcon-core/packages/spiral)
[12.144s] DEBUG:colcon.colcon_core.event_handler.log_command:Invoked command in '/home/student/humble_ws/build/xacro' returned '0': CMAKE_PREFIX_PATH=${CMAKE_PREFIX_PATH}:/home/student/requirements_ws/install/scene_manipulation_marker:/home/student/requirements_ws/install/scene_manipulation_gui:/home/student/requirements_ws/install/gui_tools:/opt/ros/humble /usr/bin/cmake /home/student/humble_ws/een150-2022-a4-group-group18/xacro_2.0.7. -DCMAKE_INSTALL_PREFIX=/home/student/humble_ws/install/xacro
[12.145s] DEBUG:colcon.colcon_core.event_handler.log_command:Invoking command in '/home/student/humble_ws/build/xacro': CMAKE_PREFIX_PATH=${CMAKE_PREFIX_PATH}:/home/student/requirements_ws/install/scene_manipulation_marker:/home/student/requirements_ws/install/scene_manipulation_gui:/home/student/requirements_ws/install/gui_tools:/opt/ros/humble /usr/bin/cmake --build /home/student/humble_ws/build/xacro -- -j2 -l2
[12.952s] DEBUG:colcon.colcon_core.event_handler.log_command:Invoked command in '/home/student/humble_ws/build/xacro' returned '0': CMAKE_PREFIX_PATH=${CMAKE_PREFIX_PATH}:/home/student/requirements_ws/install/scene_manipulation_marker:/home/student/requirements_ws/install/scene_manipulation_gui:/home/student/requirements_ws/install/gui_tools:/opt/ros/humble /usr/bin/cmake --build /home/student/humble_ws/build/xacro -- -j2 -l2
[13.006s] DEBUG:colcon.colcon_core.event_handler.log_command:Invoking command in '/home/student/humble_ws/build/xacro': CMAKE_PREFIX_PATH=${CMAKE_PREFIX_PATH}:/home/student/requirements_ws/install/scene_manipulation_marker:/home/student/requirements_ws/install/scene_manipulation_gui:/home/student/requirements_ws/install/gui_tools:/opt/ros/humble /usr/bin/cmake --install /home/student/humble_ws/build/xacro
[13.182s] Level 1:colcon.colcon_core.environment:create_environment_scripts_only(xacro)
[13.189s] Level 1:colcon.colcon_core.environment:checking '/home/student/humble_ws/install/xacro' for CMake module files
[13.189s] DEBUG:colcon.colcon_core.event_handler.log_command:Invoked command in '/home/student/humble_ws/build/xacro' returned '0': CMAKE_PREFIX_PATH=${CMAKE_PREFIX_PATH}:/home/student/requirements_ws/install/scene_manipulation_marker:/home/student/requirements_ws/install/scene_manipulation_gui:/home/student/requirements_ws/install/gui_tools:/opt/ros/humble /usr/bin/cmake --install /home/student/humble_ws/build/xacro
[13.190s] Level 1:colcon.colcon_core.environment:checking '/home/student/humble_ws/install/xacro' for CMake config files
[13.191s] Level 1:colcon.colcon_core.shell:create_environment_hook('xacro', 'cmake_prefix_path')
[13.196s] INFO:colcon.colcon_core.shell:Creating environment hook '/home/student/humble_ws/install/xacro/share/xacro/hook/cmake_prefix_path.ps1'
[13.196s] INFO:colcon.colcon_core.shell:Creating environment descriptor '/home/student/humble_ws/install/xacro/share/xacro/hook/cmake_prefix_path.dsv'
[13.197s] INFO:colcon.colcon_core.shell:Creating environment hook '/home/student/humble_ws/install/xacro/share/xacro/hook/cmake_prefix_path.sh'
[13.197s] Level 1:colcon.colcon_core.environment:checking '/home/student/humble_ws/install/xacro/lib'
[13.197s] Level 1:colcon.colcon_core.environment:checking '/home/student/humble_ws/install/xacro/bin'
[13.198s] Level 1:colcon.colcon_core.shell:create_environment_hook('xacro', 'path')
[13.202s] INFO:colcon.colcon_core.shell:Creating environment hook '/home/student/humble_ws/install/xacro/share/xacro/hook/path.ps1'
[13.203s] INFO:colcon.colcon_core.shell:Creating environment descriptor '/home/student/humble_ws/install/xacro/share/xacro/hook/path.dsv'
[13.203s] INFO:colcon.colcon_core.shell:Creating environment hook '/home/student/humble_ws/install/xacro/share/xacro/hook/path.sh'
[13.203s] Level 1:colcon.colcon_core.environment:checking '/home/student/humble_ws/install/xacro/lib/pkgconfig/xacro.pc'
[13.203s] Level 1:colcon.colcon_core.environment:checking '/home/student/humble_ws/install/xacro/lib/python3.10/site-packages'
[13.204s] Level 1:colcon.colcon_core.environment:checking '/home/student/humble_ws/install/xacro/bin'
[13.204s] Level 1:colcon.colcon_core.shell:create_environment_hook('xacro', 'pythonscriptspath')
[13.208s] INFO:colcon.colcon_core.shell:Creating environment hook '/home/student/humble_ws/install/xacro/share/xacro/hook/pythonscriptspath.ps1'
[13.208s] INFO:colcon.colcon_core.shell:Creating environment descriptor '/home/student/humble_ws/install/xacro/share/xacro/hook/pythonscriptspath.dsv'
[13.209s] INFO:colcon.colcon_core.shell:Creating environment hook '/home/student/humble_ws/install/xacro/share/xacro/hook/pythonscriptspath.sh'
[13.213s] INFO:colcon.colcon_core.shell:Creating package script '/home/student/humble_ws/install/xacro/share/xacro/package.ps1'
[13.213s] INFO:colcon.colcon_core.shell:Creating package descriptor '/home/student/humble_ws/install/xacro/share/xacro/package.dsv'
[13.214s] INFO:colcon.colcon_core.shell:Creating package script '/home/student/humble_ws/install/xacro/share/xacro/package.sh'
[13.215s] INFO:colcon.colcon_core.shell:Creating package script '/home/student/humble_ws/install/xacro/share/xacro/package.bash'
[13.215s] INFO:colcon.colcon_core.shell:Creating package script '/home/student/humble_ws/install/xacro/share/xacro/package.zsh'
[13.216s] Level 1:colcon.colcon_core.environment:create_file_with_runtime_dependencies(/home/student/humble_ws/install/xacro/share/colcon-core/packages/xacro)
[13.251s] Level 1:colcon.colcon_core.environment:create_environment_scripts_only(xacro)
[13.263s] Level 1:colcon.colcon_core.environment:checking '/home/student/humble_ws/install/xacro' for CMake module files
[13.264s] Level 1:colcon.colcon_core.environment:checking '/home/student/humble_ws/install/xacro' for CMake config files
[13.264s] Level 1:colcon.colcon_core.shell:create_environment_hook('xacro', 'cmake_prefix_path')
[13.271s] INFO:colcon.colcon_core.shell:Creating environment hook '/home/student/humble_ws/install/xacro/share/xacro/hook/cmake_prefix_path.ps1'
[13.272s] INFO:colcon.colcon_core.shell:Creating environment descriptor '/home/student/humble_ws/install/xacro/share/xacro/hook/cmake_prefix_path.dsv'
[13.272s] INFO:colcon.colcon_core.shell:Creating environment hook '/home/student/humble_ws/install/xacro/share/xacro/hook/cmake_prefix_path.sh'
[13.278s] Level 1:colcon.colcon_core.environment:checking '/home/student/humble_ws/install/xacro/lib'
[13.278s] Level 1:colcon.colcon_core.environment:checking '/home/student/humble_ws/install/xacro/bin'
[13.278s] Level 1:colcon.colcon_core.shell:create_environment_hook('xacro', 'path')
[13.282s] INFO:colcon.colcon_core.shell:Creating environment hook '/home/student/humble_ws/install/xacro/share/xacro/hook/path.ps1'
[13.282s] INFO:colcon.colcon_core.shell:Creating environment descriptor '/home/student/humble_ws/install/xacro/share/xacro/hook/path.dsv'
[13.283s] INFO:colcon.colcon_core.shell:Creating environment hook '/home/student/humble_ws/install/xacro/share/xacro/hook/path.sh'
[13.284s] Level 1:colcon.colcon_core.environment:checking '/home/student/humble_ws/install/xacro/lib/pkgconfig/xacro.pc'
[13.284s] Level 1:colcon.colcon_core.environment:checking '/home/student/humble_ws/install/xacro/lib/python3.10/site-packages'
[13.284s] Level 1:colcon.colcon_core.environment:checking '/home/student/humble_ws/install/xacro/bin'
[13.285s] Level 1:colcon.colcon_core.shell:create_environment_hook('xacro', 'pythonscriptspath')
[13.292s] INFO:colcon.colcon_core.shell:Creating environment hook '/home/student/humble_ws/install/xacro/share/xacro/hook/pythonscriptspath.ps1'
[13.293s] INFO:colcon.colcon_core.shell:Creating environment descriptor '/home/student/humble_ws/install/xacro/share/xacro/hook/pythonscriptspath.dsv'
[13.293s] INFO:colcon.colcon_core.shell:Creating environment hook '/home/student/humble_ws/install/xacro/share/xacro/hook/pythonscriptspath.sh'
[13.299s] INFO:colcon.colcon_core.shell:Creating package script '/home/student/humble_ws/install/xacro/share/xacro/package.ps1'
[13.300s] INFO:colcon.colcon_core.shell:Creating package descriptor '/home/student/humble_ws/install/xacro/share/xacro/package.dsv'
[13.300s] INFO:colcon.colcon_core.shell:Creating package script '/home/student/humble_ws/install/xacro/share/xacro/package.sh'
[13.301s] INFO:colcon.colcon_core.shell:Creating package script '/home/student/humble_ws/install/xacro/share/xacro/package.bash'
[13.302s] INFO:colcon.colcon_core.shell:Creating package script '/home/student/humble_ws/install/xacro/share/xacro/package.zsh'
[13.305s] Level 1:colcon.colcon_core.environment:create_file_with_runtime_dependencies(/home/student/humble_ws/install/xacro/share/colcon-core/packages/xacro)
[13.306s] DEBUG:colcon.colcon_parallel_executor.executor.parallel:closing loop
[13.306s] DEBUG:colcon.colcon_parallel_executor.executor.parallel:loop closed
[13.306s] DEBUG:colcon.colcon_parallel_executor.executor.parallel:run_until_complete finished with '0'
[13.306s] DEBUG:colcon.colcon_core.event_reactor:joining thread
[13.330s] INFO:colcon.colcon_core.plugin_system:Skipping extension 'colcon_notification.desktop_notification.terminal_notifier': Not used on non-Darwin systems
[13.330s] INFO:colcon.colcon_core.plugin_system:Skipping extension 'colcon_notification.desktop_notification.win32': Not used on non-Windows systems
[13.330s] INFO:colcon.colcon_notification.desktop_notification:Sending desktop notification using 'notify2'
[13.647s] DEBUG:colcon.colcon_core.event_reactor:joined thread
[13.651s] INFO:colcon.colcon_core.shell:Creating prefix script '/home/student/humble_ws/install/local_setup.ps1'
[13.654s] INFO:colcon.colcon_core.shell:Creating prefix util module '/home/student/humble_ws/install/_local_setup_util_ps1.py'
[13.657s] INFO:colcon.colcon_core.shell:Creating prefix chain script '/home/student/humble_ws/install/setup.ps1'
[13.662s] INFO:colcon.colcon_core.shell:Creating prefix script '/home/student/humble_ws/install/local_setup.sh'
[13.663s] INFO:colcon.colcon_core.shell:Creating prefix util module '/home/student/humble_ws/install/_local_setup_util_sh.py'
[13.664s] INFO:colcon.colcon_core.shell:Creating prefix chain script '/home/student/humble_ws/install/setup.sh'
[13.670s] INFO:colcon.colcon_core.shell:Creating prefix script '/home/student/humble_ws/install/local_setup.bash'
[13.671s] INFO:colcon.colcon_core.shell:Creating prefix chain script '/home/student/humble_ws/install/setup.bash'
[13.675s] INFO:colcon.colcon_core.shell:Creating prefix script '/home/student/humble_ws/install/local_setup.zsh'
[13.677s] INFO:colcon.colcon_core.shell:Creating prefix chain script '/home/student/humble_ws/install/setup.zsh'
