[1.524s] Invoking command in '/home/student/humble_ws/een150-2022-a4-group-group18/src/spiral': PYTHONPATH=/home/student/humble_ws/install/spiral/lib/python3.10/site-packages:${PYTHONPATH} /usr/bin/python3 setup.py egg_info --egg-base ../../../build/spiral build --build-base /home/student/humble_ws/build/spiral/build install --prefix /home/student/humble_ws/install/spiral --record /home/student/humble_ws/build/spiral/install.log --single-version-externally-managed
[1.999s] running egg_info
[2.003s] writing ../../../build/spiral/spiral.egg-info/PKG-INFO
[2.004s] writing dependency_links to ../../../build/spiral/spiral.egg-info/dependency_links.txt
[2.004s] writing entry points to ../../../build/spiral/spiral.egg-info/entry_points.txt
[2.005s] writing requirements to ../../../build/spiral/spiral.egg-info/requires.txt
[2.005s] writing top-level names to ../../../build/spiral/spiral.egg-info/top_level.txt
[2.007s] reading manifest file '../../../build/spiral/spiral.egg-info/SOURCES.txt'
[2.010s] writing manifest file '../../../build/spiral/spiral.egg-info/SOURCES.txt'
[2.011s] running build
[2.011s] running build_py
[2.012s] running install
[2.012s] running install_lib
[2.014s] running install_data
[2.020s] /usr/lib/python3/dist-packages/setuptools/command/install.py:34: SetuptoolsDeprecationWarning: setup.py install is deprecated. Use build and pip and other standards-based tools.
[2.020s]   warnings.warn(
[2.023s] running install_egg_info
[2.025s] removing '/home/student/humble_ws/install/spiral/lib/python3.10/site-packages/spiral-0.0.0-py3.10.egg-info' (and everything under it)
[2.031s] Copying ../../../build/spiral/spiral.egg-info to /home/student/humble_ws/install/spiral/lib/python3.10/site-packages/spiral-0.0.0-py3.10.egg-info
[2.036s] running install_scripts
[2.079s] Installing spiral script to /home/student/humble_ws/install/spiral/lib/spiral
[2.083s] writing list of installed files to '/home/student/humble_ws/build/spiral/install.log'
[2.118s] Invoked command in '/home/student/humble_ws/een150-2022-a4-group-group18/src/spiral' returned '0': PYTHONPATH=/home/student/humble_ws/install/spiral/lib/python3.10/site-packages:${PYTHONPATH} /usr/bin/python3 setup.py egg_info --egg-base ../../../build/spiral build --build-base /home/student/humble_ws/build/spiral/build install --prefix /home/student/humble_ws/install/spiral --record /home/student/humble_ws/build/spiral/install.log --single-version-externally-managed
