[0.096s] Invoking command in '/home/student/humble_ws/build/een150_a4_bringup': CMAKE_PREFIX_PATH=${CMAKE_PREFIX_PATH}:/home/student/requirements_ws/install/scene_manipulation_marker:/home/student/requirements_ws/install/scene_manipulation_gui:/home/student/requirements_ws/install/gui_tools:/opt/ros/humble /usr/bin/cmake /home/student/humble_ws/een150-2022-a4-group-group18/bringup -DCMAKE_INSTALL_PREFIX=/home/student/humble_ws/install/een150_a4_bringup
[0.822s] -- The C compiler identification is GNU 11.3.0
[1.283s] -- The CXX compiler identification is GNU 11.3.0
[1.343s] -- Detecting C compiler ABI info
[1.685s] -- Detecting C compiler ABI info - done
[1.719s] -- Check for working C compiler: /usr/bin/cc - skipped
[1.720s] -- Detecting C compile features
[1.734s] -- Detecting C compile features - done
[1.746s] -- Detecting CXX compiler ABI info
[2.158s] -- Detecting CXX compiler ABI info - done
[2.180s] -- Check for working CXX compiler: /usr/bin/c++ - skipped
[2.180s] -- Detecting CXX compile features
[2.185s] -- Detecting CXX compile features - done
[2.230s] -- Found ament_cmake: 1.3.2 (/opt/ros/humble/share/ament_cmake/cmake)
[3.200s] -- Found Python3: /usr/bin/python3.10 (found version "3.10.6") found components: Interpreter 
[3.738s] -- Found ament_lint_auto: 0.12.4 (/opt/ros/humble/share/ament_lint_auto/cmake)
[4.224s] -- Added test 'copyright' to check source files copyright and LICENSE
[4.238s] -- Added test 'flake8' to check Python code syntax and style conventions
[4.251s] -- Added test 'lint_cmake' to check CMake code style
[4.251s] -- Added test 'pep257' to check Python code against some of the docstring style conventions in PEP 257
[4.275s] -- Added test 'xmllint' to check XML markup files
[4.286s] -- Configuring done
[4.319s] -- Generating done
[4.320s] -- Build files have been written to: /home/student/humble_ws/build/een150_a4_bringup
[4.331s] Invoked command in '/home/student/humble_ws/build/een150_a4_bringup' returned '0': CMAKE_PREFIX_PATH=${CMAKE_PREFIX_PATH}:/home/student/requirements_ws/install/scene_manipulation_marker:/home/student/requirements_ws/install/scene_manipulation_gui:/home/student/requirements_ws/install/gui_tools:/opt/ros/humble /usr/bin/cmake /home/student/humble_ws/een150-2022-a4-group-group18/bringup -DCMAKE_INSTALL_PREFIX=/home/student/humble_ws/install/een150_a4_bringup
[4.332s] Invoking command in '/home/student/humble_ws/build/een150_a4_bringup': CMAKE_PREFIX_PATH=${CMAKE_PREFIX_PATH}:/home/student/requirements_ws/install/scene_manipulation_marker:/home/student/requirements_ws/install/scene_manipulation_gui:/home/student/requirements_ws/install/gui_tools:/opt/ros/humble /usr/bin/cmake --build /home/student/humble_ws/build/een150_a4_bringup -- -j2 -l2
[4.463s] Invoked command in '/home/student/humble_ws/build/een150_a4_bringup' returned '0': CMAKE_PREFIX_PATH=${CMAKE_PREFIX_PATH}:/home/student/requirements_ws/install/scene_manipulation_marker:/home/student/requirements_ws/install/scene_manipulation_gui:/home/student/requirements_ws/install/gui_tools:/opt/ros/humble /usr/bin/cmake --build /home/student/humble_ws/build/een150_a4_bringup -- -j2 -l2
[4.730s] Invoking command in '/home/student/humble_ws/build/een150_a4_bringup': CMAKE_PREFIX_PATH=${CMAKE_PREFIX_PATH}:/home/student/requirements_ws/install/scene_manipulation_marker:/home/student/requirements_ws/install/scene_manipulation_gui:/home/student/requirements_ws/install/gui_tools:/opt/ros/humble /usr/bin/cmake --install /home/student/humble_ws/build/een150_a4_bringup
[4.794s] -- Install configuration: ""
[4.794s] -- Installing: /home/student/humble_ws/install/een150_a4_bringup/share/een150_a4_bringup/launch
[4.795s] -- Installing: /home/student/humble_ws/install/een150_a4_bringup/share/een150_a4_bringup/launch/bringup.launch.py
[4.795s] -- Installing: /home/student/humble_ws/install/een150_a4_bringup/share/een150_a4_bringup/launch/bringup2.launch.py
[4.803s] -- Installing: /home/student/humble_ws/install/een150_a4_bringup/share/ament_index/resource_index/package_run_dependencies/een150_a4_bringup
[4.810s] -- Installing: /home/student/humble_ws/install/een150_a4_bringup/share/ament_index/resource_index/parent_prefix_path/een150_a4_bringup
[4.832s] -- Installing: /home/student/humble_ws/install/een150_a4_bringup/share/een150_a4_bringup/environment/ament_prefix_path.sh
[4.832s] -- Installing: /home/student/humble_ws/install/een150_a4_bringup/share/een150_a4_bringup/environment/ament_prefix_path.dsv
[4.833s] -- Installing: /home/student/humble_ws/install/een150_a4_bringup/share/een150_a4_bringup/environment/path.sh
[4.833s] -- Installing: /home/student/humble_ws/install/een150_a4_bringup/share/een150_a4_bringup/environment/path.dsv
[4.833s] -- Installing: /home/student/humble_ws/install/een150_a4_bringup/share/een150_a4_bringup/local_setup.bash
[4.833s] -- Installing: /home/student/humble_ws/install/een150_a4_bringup/share/een150_a4_bringup/local_setup.sh
[4.833s] -- Installing: /home/student/humble_ws/install/een150_a4_bringup/share/een150_a4_bringup/local_setup.zsh
[4.833s] -- Installing: /home/student/humble_ws/install/een150_a4_bringup/share/een150_a4_bringup/local_setup.dsv
[4.833s] -- Installing: /home/student/humble_ws/install/een150_a4_bringup/share/een150_a4_bringup/package.dsv
[4.833s] -- Installing: /home/student/humble_ws/install/een150_a4_bringup/share/ament_index/resource_index/packages/een150_a4_bringup
[4.834s] -- Installing: /home/student/humble_ws/install/een150_a4_bringup/share/een150_a4_bringup/cmake/een150_a4_bringupConfig.cmake
[4.838s] -- Installing: /home/student/humble_ws/install/een150_a4_bringup/share/een150_a4_bringup/cmake/een150_a4_bringupConfig-version.cmake
[4.838s] -- Installing: /home/student/humble_ws/install/een150_a4_bringup/share/een150_a4_bringup/package.xml
[5.476s] Invoked command in '/home/student/humble_ws/build/een150_a4_bringup' returned '0': CMAKE_PREFIX_PATH=${CMAKE_PREFIX_PATH}:/home/student/requirements_ws/install/scene_manipulation_marker:/home/student/requirements_ws/install/scene_manipulation_gui:/home/student/requirements_ws/install/gui_tools:/opt/ros/humble /usr/bin/cmake --install /home/student/humble_ws/build/een150_a4_bringup
