[0.239s] Invoking command in '/home/student/humble_ws/build/een150_a4_bringup': CMAKE_PREFIX_PATH=${CMAKE_PREFIX_PATH}:/home/student/humble_ws/install/spiral:/home/student/humble_ws/install/py_ctrl:/home/student/requirements_ws/install/scene_manipulation_marker:/home/student/requirements_ws/install/scene_manipulation_gui:/home/student/requirements_ws/install/gui_tools:/opt/ros/humble /usr/bin/cmake --build /home/student/humble_ws/build/een150_a4_bringup -- -j2 -l2
[1.824s] Invoked command in '/home/student/humble_ws/build/een150_a4_bringup' returned '0': CMAKE_PREFIX_PATH=${CMAKE_PREFIX_PATH}:/home/student/humble_ws/install/spiral:/home/student/humble_ws/install/py_ctrl:/home/student/requirements_ws/install/scene_manipulation_marker:/home/student/requirements_ws/install/scene_manipulation_gui:/home/student/requirements_ws/install/gui_tools:/opt/ros/humble /usr/bin/cmake --build /home/student/humble_ws/build/een150_a4_bringup -- -j2 -l2
[2.080s] Invoking command in '/home/student/humble_ws/build/een150_a4_bringup': CMAKE_PREFIX_PATH=${CMAKE_PREFIX_PATH}:/home/student/humble_ws/install/spiral:/home/student/humble_ws/install/py_ctrl:/home/student/requirements_ws/install/scene_manipulation_marker:/home/student/requirements_ws/install/scene_manipulation_gui:/home/student/requirements_ws/install/gui_tools:/opt/ros/humble /usr/bin/cmake --install /home/student/humble_ws/build/een150_a4_bringup
[2.143s] -- Install configuration: ""
[2.144s] -- Up-to-date: /home/student/humble_ws/install/een150_a4_bringup/share/een150_a4_bringup/launch
[2.145s] -- Up-to-date: /home/student/humble_ws/install/een150_a4_bringup/share/een150_a4_bringup/launch/bringup.launch.py
[2.145s] -- Up-to-date: /home/student/humble_ws/install/een150_a4_bringup/share/een150_a4_bringup/launch/bringup2.launch.py
[2.145s] -- Up-to-date: /home/student/humble_ws/install/een150_a4_bringup/share/ament_index/resource_index/package_run_dependencies/een150_a4_bringup
[2.145s] -- Up-to-date: /home/student/humble_ws/install/een150_a4_bringup/share/ament_index/resource_index/parent_prefix_path/een150_a4_bringup
[2.145s] -- Up-to-date: /home/student/humble_ws/install/een150_a4_bringup/share/een150_a4_bringup/environment/ament_prefix_path.sh
[2.145s] -- Up-to-date: /home/student/humble_ws/install/een150_a4_bringup/share/een150_a4_bringup/environment/ament_prefix_path.dsv
[2.145s] -- Up-to-date: /home/student/humble_ws/install/een150_a4_bringup/share/een150_a4_bringup/environment/path.sh
[2.145s] -- Up-to-date: /home/student/humble_ws/install/een150_a4_bringup/share/een150_a4_bringup/environment/path.dsv
[2.146s] -- Up-to-date: /home/student/humble_ws/install/een150_a4_bringup/share/een150_a4_bringup/local_setup.bash
[2.146s] -- Up-to-date: /home/student/humble_ws/install/een150_a4_bringup/share/een150_a4_bringup/local_setup.sh
[2.146s] -- Up-to-date: /home/student/humble_ws/install/een150_a4_bringup/share/een150_a4_bringup/local_setup.zsh
[2.146s] -- Up-to-date: /home/student/humble_ws/install/een150_a4_bringup/share/een150_a4_bringup/local_setup.dsv
[2.162s] -- Installing: /home/student/humble_ws/install/een150_a4_bringup/share/een150_a4_bringup/package.dsv
[2.162s] -- Up-to-date: /home/student/humble_ws/install/een150_a4_bringup/share/ament_index/resource_index/packages/een150_a4_bringup
[2.162s] -- Up-to-date: /home/student/humble_ws/install/een150_a4_bringup/share/een150_a4_bringup/cmake/een150_a4_bringupConfig.cmake
[2.162s] -- Up-to-date: /home/student/humble_ws/install/een150_a4_bringup/share/een150_a4_bringup/cmake/een150_a4_bringupConfig-version.cmake
[2.162s] -- Up-to-date: /home/student/humble_ws/install/een150_a4_bringup/share/een150_a4_bringup/package.xml
[2.173s] Invoked command in '/home/student/humble_ws/build/een150_a4_bringup' returned '0': CMAKE_PREFIX_PATH=${CMAKE_PREFIX_PATH}:/home/student/humble_ws/install/spiral:/home/student/humble_ws/install/py_ctrl:/home/student/requirements_ws/install/scene_manipulation_marker:/home/student/requirements_ws/install/scene_manipulation_gui:/home/student/requirements_ws/install/gui_tools:/opt/ros/humble /usr/bin/cmake --install /home/student/humble_ws/build/een150_a4_bringup
