[0.068s] Invoking command in '/home/student/humble_ws/build/xacro': CMAKE_PREFIX_PATH=${CMAKE_PREFIX_PATH}:/home/student/requirements_ws/install/scene_manipulation_marker:/home/student/requirements_ws/install/scene_manipulation_gui:/home/student/requirements_ws/install/gui_tools:/opt/ros/humble /usr/bin/cmake /home/student/humble_ws/een150-2022-a4-group-group18/xacro_2.0.7. -DCMAKE_INSTALL_PREFIX=/home/student/humble_ws/install/xacro
[0.285s] -- The C compiler identification is GNU 11.3.0
[0.588s] -- The CXX compiler identification is GNU 11.3.0
[0.602s] -- Detecting C compiler ABI info
[0.869s] -- Detecting C compiler ABI info - done
[0.890s] -- Check for working C compiler: /usr/bin/cc - skipped
[0.895s] -- Detecting C compile features
[0.896s] -- Detecting C compile features - done
[0.908s] -- Detecting CXX compiler ABI info
[1.254s] -- Detecting CXX compiler ABI info - done
[1.303s] -- Check for working CXX compiler: /usr/bin/c++ - skipped
[1.303s] -- Detecting CXX compile features
[1.303s] -- Detecting CXX compile features - done
[1.310s] -- Found ament_cmake: 1.3.2 (/opt/ros/humble/share/ament_cmake/cmake)
[2.059s] -- Found Python3: /usr/bin/python3.10 (found version "3.10.6") found components: Interpreter 
[2.689s] -- Found ament_lint_auto: 0.12.4 (/opt/ros/humble/share/ament_lint_auto/cmake)
[3.939s] -- Configuring done
[3.951s] -- Generating done
[3.952s] -- Build files have been written to: /home/student/humble_ws/build/xacro
[3.971s] Invoked command in '/home/student/humble_ws/build/xacro' returned '0': CMAKE_PREFIX_PATH=${CMAKE_PREFIX_PATH}:/home/student/requirements_ws/install/scene_manipulation_marker:/home/student/requirements_ws/install/scene_manipulation_gui:/home/student/requirements_ws/install/gui_tools:/opt/ros/humble /usr/bin/cmake /home/student/humble_ws/een150-2022-a4-group-group18/xacro_2.0.7. -DCMAKE_INSTALL_PREFIX=/home/student/humble_ws/install/xacro
[3.971s] Invoking command in '/home/student/humble_ws/build/xacro': CMAKE_PREFIX_PATH=${CMAKE_PREFIX_PATH}:/home/student/requirements_ws/install/scene_manipulation_marker:/home/student/requirements_ws/install/scene_manipulation_gui:/home/student/requirements_ws/install/gui_tools:/opt/ros/humble /usr/bin/cmake --build /home/student/humble_ws/build/xacro -- -j2 -l2
[4.101s] Built target ament_cmake_python_copy_xacro
[4.693s] running egg_info
[4.695s] creating xacro.egg-info
[4.695s] writing xacro.egg-info/PKG-INFO
[4.696s] writing dependency_links to xacro.egg-info/dependency_links.txt
[4.697s] writing top-level names to xacro.egg-info/top_level.txt
[4.698s] writing manifest file 'xacro.egg-info/SOURCES.txt'
[4.701s] reading manifest file 'xacro.egg-info/SOURCES.txt'
[4.702s] writing manifest file 'xacro.egg-info/SOURCES.txt'
[4.750s] Built target ament_cmake_python_build_xacro_egg
[4.779s] Invoked command in '/home/student/humble_ws/build/xacro' returned '0': CMAKE_PREFIX_PATH=${CMAKE_PREFIX_PATH}:/home/student/requirements_ws/install/scene_manipulation_marker:/home/student/requirements_ws/install/scene_manipulation_gui:/home/student/requirements_ws/install/gui_tools:/opt/ros/humble /usr/bin/cmake --build /home/student/humble_ws/build/xacro -- -j2 -l2
[4.833s] Invoking command in '/home/student/humble_ws/build/xacro': CMAKE_PREFIX_PATH=${CMAKE_PREFIX_PATH}:/home/student/requirements_ws/install/scene_manipulation_marker:/home/student/requirements_ws/install/scene_manipulation_gui:/home/student/requirements_ws/install/gui_tools:/opt/ros/humble /usr/bin/cmake --install /home/student/humble_ws/build/xacro
[4.850s] -- Install configuration: ""
[4.851s] -- Installing: /home/student/humble_ws/install/xacro/share/xacro/environment/completion.bash
[4.851s] -- Installing: /home/student/humble_ws/install/xacro/share/xacro/environment/pythonpath.sh
[4.851s] -- Installing: /home/student/humble_ws/install/xacro/share/xacro/environment/pythonpath.dsv
[4.852s] -- Installing: /home/student/humble_ws/install/xacro/local/lib/python3.10/dist-packages/xacro-2.0.7-py3.10.egg-info
[4.855s] -- Installing: /home/student/humble_ws/install/xacro/local/lib/python3.10/dist-packages/xacro-2.0.7-py3.10.egg-info/SOURCES.txt
[4.855s] -- Installing: /home/student/humble_ws/install/xacro/local/lib/python3.10/dist-packages/xacro-2.0.7-py3.10.egg-info/top_level.txt
[4.856s] -- Installing: /home/student/humble_ws/install/xacro/local/lib/python3.10/dist-packages/xacro-2.0.7-py3.10.egg-info/dependency_links.txt
[4.856s] -- Installing: /home/student/humble_ws/install/xacro/local/lib/python3.10/dist-packages/xacro-2.0.7-py3.10.egg-info/PKG-INFO
[4.857s] -- Installing: /home/student/humble_ws/install/xacro/local/lib/python3.10/dist-packages/xacro
[4.857s] -- Installing: /home/student/humble_ws/install/xacro/local/lib/python3.10/dist-packages/xacro/substitution_args.py
[4.857s] -- Installing: /home/student/humble_ws/install/xacro/local/lib/python3.10/dist-packages/xacro/cli.py
[4.858s] -- Installing: /home/student/humble_ws/install/xacro/local/lib/python3.10/dist-packages/xacro/xmlutils.py
[4.858s] -- Installing: /home/student/humble_ws/install/xacro/local/lib/python3.10/dist-packages/xacro/__init__.py
[4.859s] -- Installing: /home/student/humble_ws/install/xacro/local/lib/python3.10/dist-packages/xacro/color.py
[4.988s] Listing '/home/student/humble_ws/install/xacro/local/lib/python3.10/dist-packages/xacro'...
[4.988s] Compiling '/home/student/humble_ws/install/xacro/local/lib/python3.10/dist-packages/xacro/__init__.py'...
[4.988s] Compiling '/home/student/humble_ws/install/xacro/local/lib/python3.10/dist-packages/xacro/cli.py'...
[4.988s] Compiling '/home/student/humble_ws/install/xacro/local/lib/python3.10/dist-packages/xacro/color.py'...
[4.988s] Compiling '/home/student/humble_ws/install/xacro/local/lib/python3.10/dist-packages/xacro/substitution_args.py'...
[4.989s] Compiling '/home/student/humble_ws/install/xacro/local/lib/python3.10/dist-packages/xacro/xmlutils.py'...
[5.000s] -- Installing: /home/student/humble_ws/install/xacro/bin/xacro
[5.004s] -- Installing: /home/student/humble_ws/install/xacro/lib/xacro/xacro
[5.005s] -- Installing: /home/student/humble_ws/install/xacro/share/ament_index/resource_index/package_run_dependencies/xacro
[5.005s] -- Installing: /home/student/humble_ws/install/xacro/share/ament_index/resource_index/parent_prefix_path/xacro
[5.005s] -- Installing: /home/student/humble_ws/install/xacro/share/xacro/environment/ament_prefix_path.sh
[5.005s] -- Installing: /home/student/humble_ws/install/xacro/share/xacro/environment/ament_prefix_path.dsv
[5.005s] -- Installing: /home/student/humble_ws/install/xacro/share/xacro/environment/path.sh
[5.005s] -- Installing: /home/student/humble_ws/install/xacro/share/xacro/environment/path.dsv
[5.005s] -- Installing: /home/student/humble_ws/install/xacro/share/xacro/local_setup.bash
[5.005s] -- Installing: /home/student/humble_ws/install/xacro/share/xacro/local_setup.sh
[5.005s] -- Installing: /home/student/humble_ws/install/xacro/share/xacro/local_setup.zsh
[5.005s] -- Installing: /home/student/humble_ws/install/xacro/share/xacro/local_setup.dsv
[5.005s] -- Installing: /home/student/humble_ws/install/xacro/share/xacro/package.dsv
[5.006s] -- Installing: /home/student/humble_ws/install/xacro/share/ament_index/resource_index/packages/xacro
[5.006s] -- Installing: /home/student/humble_ws/install/xacro/share/xacro/cmake/xacro-extras.cmake
[5.006s] -- Installing: /home/student/humble_ws/install/xacro/share/xacro/cmake/xacroConfig.cmake
[5.006s] -- Installing: /home/student/humble_ws/install/xacro/share/xacro/cmake/xacroConfig-version.cmake
[5.006s] -- Installing: /home/student/humble_ws/install/xacro/share/xacro/package.xml
[5.016s] Invoked command in '/home/student/humble_ws/build/xacro' returned '0': CMAKE_PREFIX_PATH=${CMAKE_PREFIX_PATH}:/home/student/requirements_ws/install/scene_manipulation_marker:/home/student/requirements_ws/install/scene_manipulation_gui:/home/student/requirements_ws/install/gui_tools:/opt/ros/humble /usr/bin/cmake --install /home/student/humble_ws/build/xacro
