[2.649s] Invoking command in '/home/student/humble_ws/een150-2022-a4-group-group18/src/spiral': PYTHONPATH=/home/student/humble_ws/install/spiral/lib/python3.10/site-packages:${PYTHONPATH} /usr/bin/python3 setup.py egg_info --egg-base ../../../build/spiral build --build-base /home/student/humble_ws/build/spiral/build install --prefix /home/student/humble_ws/install/spiral --record /home/student/humble_ws/build/spiral/install.log --single-version-externally-managed
[3.441s] running egg_info
[3.442s] writing ../../../build/spiral/spiral.egg-info/PKG-INFO
[3.443s] writing dependency_links to ../../../build/spiral/spiral.egg-info/dependency_links.txt
[3.444s] writing entry points to ../../../build/spiral/spiral.egg-info/entry_points.txt
[3.445s] writing requirements to ../../../build/spiral/spiral.egg-info/requires.txt
[3.446s] writing top-level names to ../../../build/spiral/spiral.egg-info/top_level.txt
[3.450s] reading manifest file '../../../build/spiral/spiral.egg-info/SOURCES.txt'
[3.495s] writing manifest file '../../../build/spiral/spiral.egg-info/SOURCES.txt'
[3.496s] running build
[3.497s] running build_py
[3.505s] running install
[3.506s] /usr/lib/python3/dist-packages/setuptools/command/install.py:34: SetuptoolsDeprecationWarning: setup.py install is deprecated. Use build and pip and other standards-based tools.
[3.507s]   warnings.warn(
[3.508s] running install_lib
[3.511s] running install_data
[3.513s] running install_egg_info
[3.516s] removing '/home/student/humble_ws/install/spiral/lib/python3.10/site-packages/spiral-0.0.0-py3.10.egg-info' (and everything under it)
[3.533s] Copying ../../../build/spiral/spiral.egg-info to /home/student/humble_ws/install/spiral/lib/python3.10/site-packages/spiral-0.0.0-py3.10.egg-info
[3.537s] running install_scripts
[3.605s] Installing spiral script to /home/student/humble_ws/install/spiral/lib/spiral
[3.606s] writing list of installed files to '/home/student/humble_ws/build/spiral/install.log'
[3.722s] Invoked command in '/home/student/humble_ws/een150-2022-a4-group-group18/src/spiral' returned '0': PYTHONPATH=/home/student/humble_ws/install/spiral/lib/python3.10/site-packages:${PYTHONPATH} /usr/bin/python3 setup.py egg_info --egg-base ../../../build/spiral build --build-base /home/student/humble_ws/build/spiral/build install --prefix /home/student/humble_ws/install/spiral --record /home/student/humble_ws/build/spiral/install.log --single-version-externally-managed
