[0.671s] DEBUG:colcon:Command line arguments: ['/usr/bin/colcon', 'build']
[0.671s] DEBUG:colcon:Parsed command line arguments: Namespace(log_base=None, log_level=None, verb_name='build', build_base='build', install_base='install', merge_install=False, symlink_install=False, test_result_base=None, continue_on_error=False, executor='parallel', parallel_workers=2, event_handlers=None, ignore_user_meta=False, metas=['./colcon.meta'], base_paths=['.'], packages_ignore=None, packages_ignore_regex=None, paths=None, packages_up_to=None, packages_up_to_regex=None, packages_above=None, packages_above_and_dependencies=None, packages_above_depth=None, packages_select_by_dep=None, packages_skip_by_dep=None, packages_skip_up_to=None, packages_select_build_failed=False, packages_skip_build_finished=False, packages_select_test_failures=False, packages_skip_test_passed=False, packages_select=None, packages_skip=None, packages_select_regex=None, packages_skip_regex=None, packages_start=None, packages_end=None, allow_overriding=[], cmake_args=None, cmake_target=None, cmake_target_skip_unavailable=False, cmake_clean_cache=False, cmake_clean_first=False, cmake_force_configure=False, ament_cmake_args=None, catkin_cmake_args=None, catkin_skip_building_tests=False, verb_parser=<colcon_defaults.argument_parser.defaults.DefaultArgumentsDecorator object at 0x7f7365fb5c60>, verb_extension=<colcon_core.verb.build.BuildVerb object at 0x7f7366962d40>, main=<bound method BuildVerb.main of <colcon_core.verb.build.BuildVerb object at 0x7f7366962d40>>)
[0.715s] Level 1:colcon.colcon_core.package_discovery:discover_packages(colcon_meta) check parameters
[0.715s] Level 1:colcon.colcon_core.package_discovery:discover_packages(recursive) check parameters
[0.716s] Level 1:colcon.colcon_core.package_discovery:discover_packages(ignore) check parameters
[0.716s] Level 1:colcon.colcon_core.package_discovery:discover_packages(path) check parameters
[0.716s] Level 1:colcon.colcon_core.package_discovery:discover_packages(colcon_meta) discover
[0.716s] Level 1:colcon.colcon_core.package_discovery:discover_packages(recursive) discover
[0.716s] INFO:colcon.colcon_core.package_discovery:Crawling recursively for packages in '/home/student/humble_ws'
[0.716s] Level 1:colcon.colcon_core.package_identification:_identify(.) by extensions ['ignore', 'ignore_ament_install']
[0.716s] Level 1:colcon.colcon_core.package_identification:_identify(.) by extension 'ignore'
[0.717s] Level 1:colcon.colcon_core.package_identification:_identify(.) by extension 'ignore_ament_install'
[0.717s] Level 1:colcon.colcon_core.package_identification:_identify(.) by extensions ['colcon_pkg']
[0.717s] Level 1:colcon.colcon_core.package_identification:_identify(.) by extension 'colcon_pkg'
[0.717s] Level 1:colcon.colcon_core.package_identification:_identify(.) by extensions ['colcon_meta']
[0.717s] Level 1:colcon.colcon_core.package_identification:_identify(.) by extension 'colcon_meta'
[0.717s] Level 1:colcon.colcon_core.package_identification:_identify(.) by extensions ['ros']
[0.717s] Level 1:colcon.colcon_core.package_identification:_identify(.) by extension 'ros'
[0.738s] Level 1:colcon.colcon_core.package_identification:_identify(.) by extensions ['cmake', 'python']
[0.738s] Level 1:colcon.colcon_core.package_identification:_identify(.) by extension 'cmake'
[0.738s] Level 1:colcon.colcon_core.package_identification:_identify(.) by extension 'python'
[0.739s] Level 1:colcon.colcon_core.package_identification:_identify(.) by extensions ['python_setup_py']
[0.739s] Level 1:colcon.colcon_core.package_identification:_identify(.) by extension 'python_setup_py'
[0.739s] Level 1:colcon.colcon_core.package_identification:_identify(build) by extensions ['ignore', 'ignore_ament_install']
[0.739s] Level 1:colcon.colcon_core.package_identification:_identify(build) by extension 'ignore'
[0.739s] Level 1:colcon.colcon_core.package_identification:_identify(build) ignored
[0.740s] Level 1:colcon.colcon_core.package_identification:_identify(een150-2022-a4-group-group18) by extensions ['ignore', 'ignore_ament_install']
[0.740s] Level 1:colcon.colcon_core.package_identification:_identify(een150-2022-a4-group-group18) by extension 'ignore'
[0.740s] Level 1:colcon.colcon_core.package_identification:_identify(een150-2022-a4-group-group18) by extension 'ignore_ament_install'
[0.740s] Level 1:colcon.colcon_core.package_identification:_identify(een150-2022-a4-group-group18) by extensions ['colcon_pkg']
[0.740s] Level 1:colcon.colcon_core.package_identification:_identify(een150-2022-a4-group-group18) by extension 'colcon_pkg'
[0.740s] Level 1:colcon.colcon_core.package_identification:_identify(een150-2022-a4-group-group18) by extensions ['colcon_meta']
[0.740s] Level 1:colcon.colcon_core.package_identification:_identify(een150-2022-a4-group-group18) by extension 'colcon_meta'
[0.741s] Level 1:colcon.colcon_core.package_identification:_identify(een150-2022-a4-group-group18) by extensions ['ros']
[0.741s] Level 1:colcon.colcon_core.package_identification:_identify(een150-2022-a4-group-group18) by extension 'ros'
[0.741s] Level 1:colcon.colcon_core.package_identification:_identify(een150-2022-a4-group-group18) by extensions ['cmake', 'python']
[0.741s] Level 1:colcon.colcon_core.package_identification:_identify(een150-2022-a4-group-group18) by extension 'cmake'
[0.741s] Level 1:colcon.colcon_core.package_identification:_identify(een150-2022-a4-group-group18) by extension 'python'
[0.741s] Level 1:colcon.colcon_core.package_identification:_identify(een150-2022-a4-group-group18) by extensions ['python_setup_py']
[0.741s] Level 1:colcon.colcon_core.package_identification:_identify(een150-2022-a4-group-group18) by extension 'python_setup_py'
[0.742s] Level 1:colcon.colcon_core.package_identification:_identify(een150-2022-a4-group-group18/bringup) by extensions ['ignore', 'ignore_ament_install']
[0.742s] Level 1:colcon.colcon_core.package_identification:_identify(een150-2022-a4-group-group18/bringup) by extension 'ignore'
[0.742s] Level 1:colcon.colcon_core.package_identification:_identify(een150-2022-a4-group-group18/bringup) by extension 'ignore_ament_install'
[0.742s] Level 1:colcon.colcon_core.package_identification:_identify(een150-2022-a4-group-group18/bringup) by extensions ['colcon_pkg']
[0.742s] Level 1:colcon.colcon_core.package_identification:_identify(een150-2022-a4-group-group18/bringup) by extension 'colcon_pkg'
[0.742s] Level 1:colcon.colcon_core.package_identification:_identify(een150-2022-a4-group-group18/bringup) by extensions ['colcon_meta']
[0.743s] Level 1:colcon.colcon_core.package_identification:_identify(een150-2022-a4-group-group18/bringup) by extension 'colcon_meta'
[0.743s] Level 1:colcon.colcon_core.package_identification:_identify(een150-2022-a4-group-group18/bringup) by extensions ['ros']
[0.743s] Level 1:colcon.colcon_core.package_identification:_identify(een150-2022-a4-group-group18/bringup) by extension 'ros'
[0.747s] DEBUG:colcon.colcon_core.package_identification:Package 'een150-2022-a4-group-group18/bringup' with type 'ros.ament_cmake' and name 'een150_a4_bringup'
[0.747s] Level 1:colcon.colcon_core.package_identification:_identify(een150-2022-a4-group-group18/scenario) by extensions ['ignore', 'ignore_ament_install']
[0.748s] Level 1:colcon.colcon_core.package_identification:_identify(een150-2022-a4-group-group18/scenario) by extension 'ignore'
[0.748s] Level 1:colcon.colcon_core.package_identification:_identify(een150-2022-a4-group-group18/scenario) by extension 'ignore_ament_install'
[0.748s] Level 1:colcon.colcon_core.package_identification:_identify(een150-2022-a4-group-group18/scenario) by extensions ['colcon_pkg']
[0.748s] Level 1:colcon.colcon_core.package_identification:_identify(een150-2022-a4-group-group18/scenario) by extension 'colcon_pkg'
[0.748s] Level 1:colcon.colcon_core.package_identification:_identify(een150-2022-a4-group-group18/scenario) by extensions ['colcon_meta']
[0.748s] Level 1:colcon.colcon_core.package_identification:_identify(een150-2022-a4-group-group18/scenario) by extension 'colcon_meta'
[0.748s] Level 1:colcon.colcon_core.package_identification:_identify(een150-2022-a4-group-group18/scenario) by extensions ['ros']
[0.749s] Level 1:colcon.colcon_core.package_identification:_identify(een150-2022-a4-group-group18/scenario) by extension 'ros'
[0.749s] Level 1:colcon.colcon_core.package_identification:_identify(een150-2022-a4-group-group18/scenario) by extensions ['cmake', 'python']
[0.749s] Level 1:colcon.colcon_core.package_identification:_identify(een150-2022-a4-group-group18/scenario) by extension 'cmake'
[0.749s] Level 1:colcon.colcon_core.package_identification:_identify(een150-2022-a4-group-group18/scenario) by extension 'python'
[0.749s] Level 1:colcon.colcon_core.package_identification:_identify(een150-2022-a4-group-group18/scenario) by extensions ['python_setup_py']
[0.749s] Level 1:colcon.colcon_core.package_identification:_identify(een150-2022-a4-group-group18/scenario) by extension 'python_setup_py'
[0.749s] Level 1:colcon.colcon_core.package_identification:_identify(een150-2022-a4-group-group18/scenario/config) by extensions ['ignore', 'ignore_ament_install']
[0.750s] Level 1:colcon.colcon_core.package_identification:_identify(een150-2022-a4-group-group18/scenario/config) by extension 'ignore'
[0.750s] Level 1:colcon.colcon_core.package_identification:_identify(een150-2022-a4-group-group18/scenario/config) by extension 'ignore_ament_install'
[0.750s] Level 1:colcon.colcon_core.package_identification:_identify(een150-2022-a4-group-group18/scenario/config) by extensions ['colcon_pkg']
[0.750s] Level 1:colcon.colcon_core.package_identification:_identify(een150-2022-a4-group-group18/scenario/config) by extension 'colcon_pkg'
[0.750s] Level 1:colcon.colcon_core.package_identification:_identify(een150-2022-a4-group-group18/scenario/config) by extensions ['colcon_meta']
[0.750s] Level 1:colcon.colcon_core.package_identification:_identify(een150-2022-a4-group-group18/scenario/config) by extension 'colcon_meta'
[0.750s] Level 1:colcon.colcon_core.package_identification:_identify(een150-2022-a4-group-group18/scenario/config) by extensions ['ros']
[0.750s] Level 1:colcon.colcon_core.package_identification:_identify(een150-2022-a4-group-group18/scenario/config) by extension 'ros'
[0.751s] Level 1:colcon.colcon_core.package_identification:_identify(een150-2022-a4-group-group18/scenario/config) by extensions ['cmake', 'python']
[0.751s] Level 1:colcon.colcon_core.package_identification:_identify(een150-2022-a4-group-group18/scenario/config) by extension 'cmake'
[0.751s] Level 1:colcon.colcon_core.package_identification:_identify(een150-2022-a4-group-group18/scenario/config) by extension 'python'
[0.751s] Level 1:colcon.colcon_core.package_identification:_identify(een150-2022-a4-group-group18/scenario/config) by extensions ['python_setup_py']
[0.751s] Level 1:colcon.colcon_core.package_identification:_identify(een150-2022-a4-group-group18/scenario/config) by extension 'python_setup_py'
[0.751s] Level 1:colcon.colcon_core.package_identification:_identify(een150-2022-a4-group-group18/scenario/frames) by extensions ['ignore', 'ignore_ament_install']
[0.752s] Level 1:colcon.colcon_core.package_identification:_identify(een150-2022-a4-group-group18/scenario/frames) by extension 'ignore'
[0.752s] Level 1:colcon.colcon_core.package_identification:_identify(een150-2022-a4-group-group18/scenario/frames) by extension 'ignore_ament_install'
[0.752s] Level 1:colcon.colcon_core.package_identification:_identify(een150-2022-a4-group-group18/scenario/frames) by extensions ['colcon_pkg']
[0.752s] Level 1:colcon.colcon_core.package_identification:_identify(een150-2022-a4-group-group18/scenario/frames) by extension 'colcon_pkg'
[0.752s] Level 1:colcon.colcon_core.package_identification:_identify(een150-2022-a4-group-group18/scenario/frames) by extensions ['colcon_meta']
[0.752s] Level 1:colcon.colcon_core.package_identification:_identify(een150-2022-a4-group-group18/scenario/frames) by extension 'colcon_meta'
[0.752s] Level 1:colcon.colcon_core.package_identification:_identify(een150-2022-a4-group-group18/scenario/frames) by extensions ['ros']
[0.752s] Level 1:colcon.colcon_core.package_identification:_identify(een150-2022-a4-group-group18/scenario/frames) by extension 'ros'
[0.753s] Level 1:colcon.colcon_core.package_identification:_identify(een150-2022-a4-group-group18/scenario/frames) by extensions ['cmake', 'python']
[0.753s] Level 1:colcon.colcon_core.package_identification:_identify(een150-2022-a4-group-group18/scenario/frames) by extension 'cmake'
[0.753s] Level 1:colcon.colcon_core.package_identification:_identify(een150-2022-a4-group-group18/scenario/frames) by extension 'python'
[0.753s] Level 1:colcon.colcon_core.package_identification:_identify(een150-2022-a4-group-group18/scenario/frames) by extensions ['python_setup_py']
[0.753s] Level 1:colcon.colcon_core.package_identification:_identify(een150-2022-a4-group-group18/scenario/frames) by extension 'python_setup_py'
[0.753s] Level 1:colcon.colcon_core.package_identification:_identify(een150-2022-a4-group-group18/scenario/frames2) by extensions ['ignore', 'ignore_ament_install']
[0.753s] Level 1:colcon.colcon_core.package_identification:_identify(een150-2022-a4-group-group18/scenario/frames2) by extension 'ignore'
[0.754s] Level 1:colcon.colcon_core.package_identification:_identify(een150-2022-a4-group-group18/scenario/frames2) by extension 'ignore_ament_install'
[0.754s] Level 1:colcon.colcon_core.package_identification:_identify(een150-2022-a4-group-group18/scenario/frames2) by extensions ['colcon_pkg']
[0.754s] Level 1:colcon.colcon_core.package_identification:_identify(een150-2022-a4-group-group18/scenario/frames2) by extension 'colcon_pkg'
[0.754s] Level 1:colcon.colcon_core.package_identification:_identify(een150-2022-a4-group-group18/scenario/frames2) by extensions ['colcon_meta']
[0.754s] Level 1:colcon.colcon_core.package_identification:_identify(een150-2022-a4-group-group18/scenario/frames2) by extension 'colcon_meta'
[0.754s] Level 1:colcon.colcon_core.package_identification:_identify(een150-2022-a4-group-group18/scenario/frames2) by extensions ['ros']
[0.754s] Level 1:colcon.colcon_core.package_identification:_identify(een150-2022-a4-group-group18/scenario/frames2) by extension 'ros'
[0.754s] Level 1:colcon.colcon_core.package_identification:_identify(een150-2022-a4-group-group18/scenario/frames2) by extensions ['cmake', 'python']
[0.755s] Level 1:colcon.colcon_core.package_identification:_identify(een150-2022-a4-group-group18/scenario/frames2) by extension 'cmake'
[0.755s] Level 1:colcon.colcon_core.package_identification:_identify(een150-2022-a4-group-group18/scenario/frames2) by extension 'python'
[0.755s] Level 1:colcon.colcon_core.package_identification:_identify(een150-2022-a4-group-group18/scenario/frames2) by extensions ['python_setup_py']
[0.755s] Level 1:colcon.colcon_core.package_identification:_identify(een150-2022-a4-group-group18/scenario/frames2) by extension 'python_setup_py'
[0.755s] Level 1:colcon.colcon_core.package_identification:_identify(een150-2022-a4-group-group18/scenario/meshes) by extensions ['ignore', 'ignore_ament_install']
[0.755s] Level 1:colcon.colcon_core.package_identification:_identify(een150-2022-a4-group-group18/scenario/meshes) by extension 'ignore'
[0.756s] Level 1:colcon.colcon_core.package_identification:_identify(een150-2022-a4-group-group18/scenario/meshes) by extension 'ignore_ament_install'
[0.756s] Level 1:colcon.colcon_core.package_identification:_identify(een150-2022-a4-group-group18/scenario/meshes) by extensions ['colcon_pkg']
[0.756s] Level 1:colcon.colcon_core.package_identification:_identify(een150-2022-a4-group-group18/scenario/meshes) by extension 'colcon_pkg'
[0.756s] Level 1:colcon.colcon_core.package_identification:_identify(een150-2022-a4-group-group18/scenario/meshes) by extensions ['colcon_meta']
[0.756s] Level 1:colcon.colcon_core.package_identification:_identify(een150-2022-a4-group-group18/scenario/meshes) by extension 'colcon_meta'
[0.756s] Level 1:colcon.colcon_core.package_identification:_identify(een150-2022-a4-group-group18/scenario/meshes) by extensions ['ros']
[0.756s] Level 1:colcon.colcon_core.package_identification:_identify(een150-2022-a4-group-group18/scenario/meshes) by extension 'ros'
[0.756s] Level 1:colcon.colcon_core.package_identification:_identify(een150-2022-a4-group-group18/scenario/meshes) by extensions ['cmake', 'python']
[0.757s] Level 1:colcon.colcon_core.package_identification:_identify(een150-2022-a4-group-group18/scenario/meshes) by extension 'cmake'
[0.757s] Level 1:colcon.colcon_core.package_identification:_identify(een150-2022-a4-group-group18/scenario/meshes) by extension 'python'
[0.757s] Level 1:colcon.colcon_core.package_identification:_identify(een150-2022-a4-group-group18/scenario/meshes) by extensions ['python_setup_py']
[0.757s] Level 1:colcon.colcon_core.package_identification:_identify(een150-2022-a4-group-group18/scenario/meshes) by extension 'python_setup_py'
[0.757s] Level 1:colcon.colcon_core.package_identification:_identify(een150-2022-a4-group-group18/src) by extensions ['ignore', 'ignore_ament_install']
[0.757s] Level 1:colcon.colcon_core.package_identification:_identify(een150-2022-a4-group-group18/src) by extension 'ignore'
[0.758s] Level 1:colcon.colcon_core.package_identification:_identify(een150-2022-a4-group-group18/src) by extension 'ignore_ament_install'
[0.758s] Level 1:colcon.colcon_core.package_identification:_identify(een150-2022-a4-group-group18/src) by extensions ['colcon_pkg']
[0.758s] Level 1:colcon.colcon_core.package_identification:_identify(een150-2022-a4-group-group18/src) by extension 'colcon_pkg'
[0.758s] Level 1:colcon.colcon_core.package_identification:_identify(een150-2022-a4-group-group18/src) by extensions ['colcon_meta']
[0.758s] Level 1:colcon.colcon_core.package_identification:_identify(een150-2022-a4-group-group18/src) by extension 'colcon_meta'
[0.758s] Level 1:colcon.colcon_core.package_identification:_identify(een150-2022-a4-group-group18/src) by extensions ['ros']
[0.758s] Level 1:colcon.colcon_core.package_identification:_identify(een150-2022-a4-group-group18/src) by extension 'ros'
[0.759s] Level 1:colcon.colcon_core.package_identification:_identify(een150-2022-a4-group-group18/src) by extensions ['cmake', 'python']
[0.759s] Level 1:colcon.colcon_core.package_identification:_identify(een150-2022-a4-group-group18/src) by extension 'cmake'
[0.759s] Level 1:colcon.colcon_core.package_identification:_identify(een150-2022-a4-group-group18/src) by extension 'python'
[0.759s] Level 1:colcon.colcon_core.package_identification:_identify(een150-2022-a4-group-group18/src) by extensions ['python_setup_py']
[0.759s] Level 1:colcon.colcon_core.package_identification:_identify(een150-2022-a4-group-group18/src) by extension 'python_setup_py'
[0.759s] Level 1:colcon.colcon_core.package_identification:_identify(een150-2022-a4-group-group18/src/py_ctrl) by extensions ['ignore', 'ignore_ament_install']
[0.760s] Level 1:colcon.colcon_core.package_identification:_identify(een150-2022-a4-group-group18/src/py_ctrl) by extension 'ignore'
[0.760s] Level 1:colcon.colcon_core.package_identification:_identify(een150-2022-a4-group-group18/src/py_ctrl) by extension 'ignore_ament_install'
[0.760s] Level 1:colcon.colcon_core.package_identification:_identify(een150-2022-a4-group-group18/src/py_ctrl) by extensions ['colcon_pkg']
[0.760s] Level 1:colcon.colcon_core.package_identification:_identify(een150-2022-a4-group-group18/src/py_ctrl) by extension 'colcon_pkg'
[0.760s] Level 1:colcon.colcon_core.package_identification:_identify(een150-2022-a4-group-group18/src/py_ctrl) by extensions ['colcon_meta']
[0.760s] Level 1:colcon.colcon_core.package_identification:_identify(een150-2022-a4-group-group18/src/py_ctrl) by extension 'colcon_meta'
[0.760s] Level 1:colcon.colcon_core.package_identification:_identify(een150-2022-a4-group-group18/src/py_ctrl) by extensions ['ros']
[0.760s] Level 1:colcon.colcon_core.package_identification:_identify(een150-2022-a4-group-group18/src/py_ctrl) by extension 'ros'
[0.761s] DEBUG:colcon.colcon_core.package_identification:Package 'een150-2022-a4-group-group18/src/py_ctrl' with type 'ros.ament_python' and name 'py_ctrl'
[0.762s] Level 1:colcon.colcon_core.package_identification:_identify(een150-2022-a4-group-group18/src/spiral) by extensions ['ignore', 'ignore_ament_install']
[0.762s] Level 1:colcon.colcon_core.package_identification:_identify(een150-2022-a4-group-group18/src/spiral) by extension 'ignore'
[0.762s] Level 1:colcon.colcon_core.package_identification:_identify(een150-2022-a4-group-group18/src/spiral) by extension 'ignore_ament_install'
[0.762s] Level 1:colcon.colcon_core.package_identification:_identify(een150-2022-a4-group-group18/src/spiral) by extensions ['colcon_pkg']
[0.762s] Level 1:colcon.colcon_core.package_identification:_identify(een150-2022-a4-group-group18/src/spiral) by extension 'colcon_pkg'
[0.762s] Level 1:colcon.colcon_core.package_identification:_identify(een150-2022-a4-group-group18/src/spiral) by extensions ['colcon_meta']
[0.762s] Level 1:colcon.colcon_core.package_identification:_identify(een150-2022-a4-group-group18/src/spiral) by extension 'colcon_meta'
[0.763s] Level 1:colcon.colcon_core.package_identification:_identify(een150-2022-a4-group-group18/src/spiral) by extensions ['ros']
[0.763s] Level 1:colcon.colcon_core.package_identification:_identify(een150-2022-a4-group-group18/src/spiral) by extension 'ros'
[0.764s] DEBUG:colcon.colcon_core.package_identification:Package 'een150-2022-a4-group-group18/src/spiral' with type 'ros.ament_python' and name 'spiral'
[0.764s] Level 1:colcon.colcon_core.package_identification:_identify(een150-2022-a4-group-group18/xacro_2.0.7.) by extensions ['ignore', 'ignore_ament_install']
[0.764s] Level 1:colcon.colcon_core.package_identification:_identify(een150-2022-a4-group-group18/xacro_2.0.7.) by extension 'ignore'
[0.764s] Level 1:colcon.colcon_core.package_identification:_identify(een150-2022-a4-group-group18/xacro_2.0.7.) by extension 'ignore_ament_install'
[0.764s] Level 1:colcon.colcon_core.package_identification:_identify(een150-2022-a4-group-group18/xacro_2.0.7.) by extensions ['colcon_pkg']
[0.765s] Level 1:colcon.colcon_core.package_identification:_identify(een150-2022-a4-group-group18/xacro_2.0.7.) by extension 'colcon_pkg'
[0.765s] Level 1:colcon.colcon_core.package_identification:_identify(een150-2022-a4-group-group18/xacro_2.0.7.) by extensions ['colcon_meta']
[0.766s] Level 1:colcon.colcon_core.package_identification:_identify(een150-2022-a4-group-group18/xacro_2.0.7.) by extension 'colcon_meta'
[0.766s] Level 1:colcon.colcon_core.package_identification:_identify(een150-2022-a4-group-group18/xacro_2.0.7.) by extensions ['ros']
[0.766s] Level 1:colcon.colcon_core.package_identification:_identify(een150-2022-a4-group-group18/xacro_2.0.7.) by extension 'ros'
[0.767s] DEBUG:colcon.colcon_core.package_identification:Package 'een150-2022-a4-group-group18/xacro_2.0.7.' with type 'ros.ament_cmake' and name 'xacro'
[0.767s] Level 1:colcon.colcon_core.package_identification:_identify(install) by extensions ['ignore', 'ignore_ament_install']
[0.768s] Level 1:colcon.colcon_core.package_identification:_identify(install) by extension 'ignore'
[0.768s] Level 1:colcon.colcon_core.package_identification:_identify(install) ignored
[0.768s] Level 1:colcon.colcon_core.package_identification:_identify(log) by extensions ['ignore', 'ignore_ament_install']
[0.768s] Level 1:colcon.colcon_core.package_identification:_identify(log) by extension 'ignore'
[0.768s] Level 1:colcon.colcon_core.package_identification:_identify(log) ignored
[0.768s] Level 1:colcon.colcon_core.package_discovery:discover_packages(recursive) using defaults
[0.768s] Level 1:colcon.colcon_core.package_discovery:discover_packages(ignore) discover
[0.769s] Level 1:colcon.colcon_core.package_discovery:discover_packages(ignore) using defaults
[0.769s] Level 1:colcon.colcon_core.package_discovery:discover_packages(path) discover
[0.769s] Level 1:colcon.colcon_core.package_discovery:discover_packages(path) using defaults
[0.825s] INFO:colcon.colcon_metadata.metadata.colcon_pkg:Updating descriptor of package 'een150-2022-a4-group-group18/xacro_2.0.7.' from colcon.pkg: {'hooks': ['share/xacro/environment/completion.bash']}
[0.831s] Level 1:colcon.colcon_core.package_discovery:discover_packages(prefix_path) check parameters
[0.831s] Level 1:colcon.colcon_core.package_discovery:discover_packages(prefix_path) discover
[0.843s] DEBUG:colcon.colcon_installed_package_information.package_discovery:Found 17 installed packages in /home/student/requirements_ws/install
[0.847s] DEBUG:colcon.colcon_installed_package_information.package_discovery:Found 283 installed packages in /opt/ros/humble
[0.849s] Level 1:colcon.colcon_core.package_discovery:discover_packages(prefix_path) using defaults
[1.048s] Level 5:colcon.colcon_core.verb:set package 'een150_a4_bringup' build argument 'cmake_args' from command line to 'None'
[1.048s] Level 5:colcon.colcon_core.verb:set package 'een150_a4_bringup' build argument 'cmake_target' from command line to 'None'
[1.048s] Level 5:colcon.colcon_core.verb:set package 'een150_a4_bringup' build argument 'cmake_target_skip_unavailable' from command line to 'False'
[1.048s] Level 5:colcon.colcon_core.verb:set package 'een150_a4_bringup' build argument 'cmake_clean_cache' from command line to 'False'
[1.048s] Level 5:colcon.colcon_core.verb:set package 'een150_a4_bringup' build argument 'cmake_clean_first' from command line to 'False'
[1.049s] Level 5:colcon.colcon_core.verb:set package 'een150_a4_bringup' build argument 'cmake_force_configure' from command line to 'False'
[1.049s] Level 5:colcon.colcon_core.verb:set package 'een150_a4_bringup' build argument 'ament_cmake_args' from command line to 'None'
[1.049s] Level 5:colcon.colcon_core.verb:set package 'een150_a4_bringup' build argument 'catkin_cmake_args' from command line to 'None'
[1.049s] Level 5:colcon.colcon_core.verb:set package 'een150_a4_bringup' build argument 'catkin_skip_building_tests' from command line to 'False'
[1.049s] DEBUG:colcon.colcon_core.verb:Building package 'een150_a4_bringup' with the following arguments: {'ament_cmake_args': None, 'build_base': '/home/student/humble_ws/build/een150_a4_bringup', 'catkin_cmake_args': None, 'catkin_skip_building_tests': False, 'cmake_args': None, 'cmake_clean_cache': False, 'cmake_clean_first': False, 'cmake_force_configure': False, 'cmake_target': None, 'cmake_target_skip_unavailable': False, 'install_base': '/home/student/humble_ws/install/een150_a4_bringup', 'merge_install': False, 'path': '/home/student/humble_ws/een150-2022-a4-group-group18/bringup', 'symlink_install': False, 'test_result_base': None}
[1.051s] Level 5:colcon.colcon_core.verb:set package 'py_ctrl' build argument 'cmake_args' from command line to 'None'
[1.051s] Level 5:colcon.colcon_core.verb:set package 'py_ctrl' build argument 'cmake_target' from command line to 'None'
[1.051s] Level 5:colcon.colcon_core.verb:set package 'py_ctrl' build argument 'cmake_target_skip_unavailable' from command line to 'False'
[1.051s] Level 5:colcon.colcon_core.verb:set package 'py_ctrl' build argument 'cmake_clean_cache' from command line to 'False'
[1.051s] Level 5:colcon.colcon_core.verb:set package 'py_ctrl' build argument 'cmake_clean_first' from command line to 'False'
[1.052s] Level 5:colcon.colcon_core.verb:set package 'py_ctrl' build argument 'cmake_force_configure' from command line to 'False'
[1.052s] Level 5:colcon.colcon_core.verb:set package 'py_ctrl' build argument 'ament_cmake_args' from command line to 'None'
[1.052s] Level 5:colcon.colcon_core.verb:set package 'py_ctrl' build argument 'catkin_cmake_args' from command line to 'None'
[1.052s] Level 5:colcon.colcon_core.verb:set package 'py_ctrl' build argument 'catkin_skip_building_tests' from command line to 'False'
[1.052s] DEBUG:colcon.colcon_core.verb:Building package 'py_ctrl' with the following arguments: {'ament_cmake_args': None, 'build_base': '/home/student/humble_ws/build/py_ctrl', 'catkin_cmake_args': None, 'catkin_skip_building_tests': False, 'cmake_args': None, 'cmake_clean_cache': False, 'cmake_clean_first': False, 'cmake_force_configure': False, 'cmake_target': None, 'cmake_target_skip_unavailable': False, 'install_base': '/home/student/humble_ws/install/py_ctrl', 'merge_install': False, 'path': '/home/student/humble_ws/een150-2022-a4-group-group18/src/py_ctrl', 'symlink_install': False, 'test_result_base': None}
[1.054s] Level 5:colcon.colcon_core.verb:set package 'spiral' build argument 'cmake_args' from command line to 'None'
[1.054s] Level 5:colcon.colcon_core.verb:set package 'spiral' build argument 'cmake_target' from command line to 'None'
[1.054s] Level 5:colcon.colcon_core.verb:set package 'spiral' build argument 'cmake_target_skip_unavailable' from command line to 'False'
[1.054s] Level 5:colcon.colcon_core.verb:set package 'spiral' build argument 'cmake_clean_cache' from command line to 'False'
[1.054s] Level 5:colcon.colcon_core.verb:set package 'spiral' build argument 'cmake_clean_first' from command line to 'False'
[1.054s] Level 5:colcon.colcon_core.verb:set package 'spiral' build argument 'cmake_force_configure' from command line to 'False'
[1.054s] Level 5:colcon.colcon_core.verb:set package 'spiral' build argument 'ament_cmake_args' from command line to 'None'
[1.054s] Level 5:colcon.colcon_core.verb:set package 'spiral' build argument 'catkin_cmake_args' from command line to 'None'
[1.054s] Level 5:colcon.colcon_core.verb:set package 'spiral' build argument 'catkin_skip_building_tests' from command line to 'False'
[1.055s] DEBUG:colcon.colcon_core.verb:Building package 'spiral' with the following arguments: {'ament_cmake_args': None, 'build_base': '/home/student/humble_ws/build/spiral', 'catkin_cmake_args': None, 'catkin_skip_building_tests': False, 'cmake_args': None, 'cmake_clean_cache': False, 'cmake_clean_first': False, 'cmake_force_configure': False, 'cmake_target': None, 'cmake_target_skip_unavailable': False, 'install_base': '/home/student/humble_ws/install/spiral', 'merge_install': False, 'path': '/home/student/humble_ws/een150-2022-a4-group-group18/src/spiral', 'symlink_install': False, 'test_result_base': None}
[1.057s] Level 5:colcon.colcon_core.verb:set package 'xacro' build argument 'cmake_args' from command line to 'None'
[1.057s] Level 5:colcon.colcon_core.verb:set package 'xacro' build argument 'cmake_target' from command line to 'None'
[1.057s] Level 5:colcon.colcon_core.verb:set package 'xacro' build argument 'cmake_target_skip_unavailable' from command line to 'False'
[1.057s] Level 5:colcon.colcon_core.verb:set package 'xacro' build argument 'cmake_clean_cache' from command line to 'False'
[1.057s] Level 5:colcon.colcon_core.verb:set package 'xacro' build argument 'cmake_clean_first' from command line to 'False'
[1.057s] Level 5:colcon.colcon_core.verb:set package 'xacro' build argument 'cmake_force_configure' from command line to 'False'
[1.057s] Level 5:colcon.colcon_core.verb:set package 'xacro' build argument 'ament_cmake_args' from command line to 'None'
[1.057s] Level 5:colcon.colcon_core.verb:set package 'xacro' build argument 'catkin_cmake_args' from command line to 'None'
[1.057s] Level 5:colcon.colcon_core.verb:set package 'xacro' build argument 'catkin_skip_building_tests' from command line to 'False'
[1.057s] DEBUG:colcon.colcon_core.verb:Building package 'xacro' with the following arguments: {'ament_cmake_args': None, 'build_base': '/home/student/humble_ws/build/xacro', 'catkin_cmake_args': None, 'catkin_skip_building_tests': False, 'cmake_args': None, 'cmake_clean_cache': False, 'cmake_clean_first': False, 'cmake_force_configure': False, 'cmake_target': None, 'cmake_target_skip_unavailable': False, 'install_base': '/home/student/humble_ws/install/xacro', 'merge_install': False, 'path': '/home/student/humble_ws/een150-2022-a4-group-group18/xacro_2.0.7.', 'symlink_install': False, 'test_result_base': None}
[1.059s] INFO:colcon.colcon_core.executor:Executing jobs using 'parallel' executor
[1.073s] DEBUG:colcon.colcon_parallel_executor.executor.parallel:run_until_complete
[1.074s] INFO:colcon.colcon_ros.task.ament_cmake.build:Building ROS package in '/home/student/humble_ws/een150-2022-a4-group-group18/bringup' with build type 'ament_cmake'
[1.074s] INFO:colcon.colcon_cmake.task.cmake.build:Building CMake package in '/home/student/humble_ws/een150-2022-a4-group-group18/bringup'
[1.096s] INFO:colcon.colcon_core.plugin_system:Skipping extension 'colcon_core.shell.bat': Not used on non-Windows systems
[1.097s] INFO:colcon.colcon_core.shell:Skip shell extension 'powershell' for command environment: Not usable outside of PowerShell
[1.097s] DEBUG:colcon.colcon_core.shell:Skip shell extension 'dsv' for command environment
[1.109s] INFO:colcon.colcon_ros.task.ament_python.build:Building ROS package in '/home/student/humble_ws/een150-2022-a4-group-group18/src/py_ctrl' with build type 'ament_python'
[1.109s] Level 1:colcon.colcon_core.shell:create_environment_hook('py_ctrl', 'ament_prefix_path')
[1.113s] INFO:colcon.colcon_core.shell:Creating environment hook '/home/student/humble_ws/install/py_ctrl/share/py_ctrl/hook/ament_prefix_path.ps1'
[1.114s] INFO:colcon.colcon_core.shell:Creating environment descriptor '/home/student/humble_ws/install/py_ctrl/share/py_ctrl/hook/ament_prefix_path.dsv'
[1.115s] INFO:colcon.colcon_core.shell:Creating environment hook '/home/student/humble_ws/install/py_ctrl/share/py_ctrl/hook/ament_prefix_path.sh'
[1.122s] INFO:colcon.colcon_core.shell:Skip shell extension 'powershell' for command environment: Not usable outside of PowerShell
[1.122s] DEBUG:colcon.colcon_core.shell:Skip shell extension 'dsv' for command environment
[1.138s] DEBUG:colcon.colcon_core.event_handler.log_command:Invoking command in '/home/student/humble_ws/build/een150_a4_bringup': CMAKE_PREFIX_PATH=${CMAKE_PREFIX_PATH}:/home/student/requirements_ws/install/scene_manipulation_marker:/home/student/requirements_ws/install/scene_manipulation_gui:/home/student/requirements_ws/install/gui_tools:/opt/ros/humble /usr/bin/cmake --build /home/student/humble_ws/build/een150_a4_bringup -- -j2 -l2
[1.767s] INFO:colcon.colcon_core.task.python.build:Building Python package in '/home/student/humble_ws/een150-2022-a4-group-group18/src/py_ctrl'
[1.772s] INFO:colcon.colcon_core.shell:Skip shell extension 'powershell' for command environment: Not usable outside of PowerShell
[1.773s] DEBUG:colcon.colcon_core.shell:Skip shell extension 'dsv' for command environment
[1.799s] DEBUG:colcon.colcon_core.event_handler.log_command:Invoked command in '/home/student/humble_ws/build/een150_a4_bringup' returned '0': CMAKE_PREFIX_PATH=${CMAKE_PREFIX_PATH}:/home/student/requirements_ws/install/scene_manipulation_marker:/home/student/requirements_ws/install/scene_manipulation_gui:/home/student/requirements_ws/install/gui_tools:/opt/ros/humble /usr/bin/cmake --build /home/student/humble_ws/build/een150_a4_bringup -- -j2 -l2
[1.995s] DEBUG:colcon.colcon_core.event_handler.log_command:Invoking command in '/home/student/humble_ws/build/een150_a4_bringup': CMAKE_PREFIX_PATH=${CMAKE_PREFIX_PATH}:/home/student/requirements_ws/install/scene_manipulation_marker:/home/student/requirements_ws/install/scene_manipulation_gui:/home/student/requirements_ws/install/gui_tools:/opt/ros/humble /usr/bin/cmake --install /home/student/humble_ws/build/een150_a4_bringup
[2.051s] Level 1:colcon.colcon_core.environment:create_environment_scripts_only(een150_a4_bringup)
[2.070s] DEBUG:colcon.colcon_core.event_handler.log_command:Invoked command in '/home/student/humble_ws/build/een150_a4_bringup' returned '0': CMAKE_PREFIX_PATH=${CMAKE_PREFIX_PATH}:/home/student/requirements_ws/install/scene_manipulation_marker:/home/student/requirements_ws/install/scene_manipulation_gui:/home/student/requirements_ws/install/gui_tools:/opt/ros/humble /usr/bin/cmake --install /home/student/humble_ws/build/een150_a4_bringup
[2.074s] Level 1:colcon.colcon_core.environment:checking '/home/student/humble_ws/install/een150_a4_bringup' for CMake module files
[2.075s] Level 1:colcon.colcon_core.environment:checking '/home/student/humble_ws/install/een150_a4_bringup' for CMake config files
[2.075s] Level 1:colcon.colcon_core.shell:create_environment_hook('een150_a4_bringup', 'cmake_prefix_path')
[2.114s] INFO:colcon.colcon_core.shell:Creating environment hook '/home/student/humble_ws/install/een150_a4_bringup/share/een150_a4_bringup/hook/cmake_prefix_path.ps1'
[2.115s] INFO:colcon.colcon_core.shell:Creating environment descriptor '/home/student/humble_ws/install/een150_a4_bringup/share/een150_a4_bringup/hook/cmake_prefix_path.dsv'
[2.128s] INFO:colcon.colcon_core.shell:Creating environment hook '/home/student/humble_ws/install/een150_a4_bringup/share/een150_a4_bringup/hook/cmake_prefix_path.sh'
[2.132s] Level 1:colcon.colcon_core.environment:checking '/home/student/humble_ws/install/een150_a4_bringup/bin'
[2.132s] Level 1:colcon.colcon_core.environment:checking '/home/student/humble_ws/install/een150_a4_bringup/lib/pkgconfig/een150_a4_bringup.pc'
[2.132s] Level 1:colcon.colcon_core.environment:checking '/home/student/humble_ws/install/een150_a4_bringup/lib/python3.10/site-packages'
[2.132s] Level 1:colcon.colcon_core.environment:checking '/home/student/humble_ws/install/een150_a4_bringup/bin'
[2.142s] INFO:colcon.colcon_core.shell:Creating package script '/home/student/humble_ws/install/een150_a4_bringup/share/een150_a4_bringup/package.ps1'
[2.146s] INFO:colcon.colcon_core.shell:Creating package descriptor '/home/student/humble_ws/install/een150_a4_bringup/share/een150_a4_bringup/package.dsv'
[2.147s] INFO:colcon.colcon_core.shell:Creating package script '/home/student/humble_ws/install/een150_a4_bringup/share/een150_a4_bringup/package.sh'
[2.148s] INFO:colcon.colcon_core.shell:Creating package script '/home/student/humble_ws/install/een150_a4_bringup/share/een150_a4_bringup/package.bash'
[2.149s] INFO:colcon.colcon_core.shell:Creating package script '/home/student/humble_ws/install/een150_a4_bringup/share/een150_a4_bringup/package.zsh'
[2.150s] Level 1:colcon.colcon_core.environment:create_file_with_runtime_dependencies(/home/student/humble_ws/install/een150_a4_bringup/share/colcon-core/packages/een150_a4_bringup)
[2.303s] Level 1:colcon.colcon_core.environment:create_environment_scripts_only(een150_a4_bringup)
[2.315s] Level 1:colcon.colcon_core.environment:checking '/home/student/humble_ws/install/een150_a4_bringup' for CMake module files
[2.320s] Level 1:colcon.colcon_core.environment:checking '/home/student/humble_ws/install/een150_a4_bringup' for CMake config files
[2.320s] Level 1:colcon.colcon_core.shell:create_environment_hook('een150_a4_bringup', 'cmake_prefix_path')
[2.336s] INFO:colcon.colcon_core.shell:Creating environment hook '/home/student/humble_ws/install/een150_a4_bringup/share/een150_a4_bringup/hook/cmake_prefix_path.ps1'
[2.340s] INFO:colcon.colcon_core.shell:Creating environment descriptor '/home/student/humble_ws/install/een150_a4_bringup/share/een150_a4_bringup/hook/cmake_prefix_path.dsv'
[2.341s] INFO:colcon.colcon_core.shell:Creating environment hook '/home/student/humble_ws/install/een150_a4_bringup/share/een150_a4_bringup/hook/cmake_prefix_path.sh'
[2.353s] Level 1:colcon.colcon_core.environment:checking '/home/student/humble_ws/install/een150_a4_bringup/bin'
[2.353s] Level 1:colcon.colcon_core.environment:checking '/home/student/humble_ws/install/een150_a4_bringup/lib/pkgconfig/een150_a4_bringup.pc'
[2.353s] Level 1:colcon.colcon_core.environment:checking '/home/student/humble_ws/install/een150_a4_bringup/lib/python3.10/site-packages'
[2.354s] Level 1:colcon.colcon_core.environment:checking '/home/student/humble_ws/install/een150_a4_bringup/bin'
[2.365s] INFO:colcon.colcon_core.shell:Creating package script '/home/student/humble_ws/install/een150_a4_bringup/share/een150_a4_bringup/package.ps1'
[2.366s] INFO:colcon.colcon_core.shell:Creating package descriptor '/home/student/humble_ws/install/een150_a4_bringup/share/een150_a4_bringup/package.dsv'
[2.373s] INFO:colcon.colcon_core.shell:Creating package script '/home/student/humble_ws/install/een150_a4_bringup/share/een150_a4_bringup/package.sh'
[2.374s] INFO:colcon.colcon_core.shell:Creating package script '/home/student/humble_ws/install/een150_a4_bringup/share/een150_a4_bringup/package.bash'
[2.374s] INFO:colcon.colcon_core.shell:Creating package script '/home/student/humble_ws/install/een150_a4_bringup/share/een150_a4_bringup/package.zsh'
[2.375s] Level 1:colcon.colcon_core.environment:create_file_with_runtime_dependencies(/home/student/humble_ws/install/een150_a4_bringup/share/colcon-core/packages/een150_a4_bringup)
[2.380s] INFO:colcon.colcon_ros.task.ament_python.build:Building ROS package in '/home/student/humble_ws/een150-2022-a4-group-group18/src/spiral' with build type 'ament_python'
[2.380s] Level 1:colcon.colcon_core.shell:create_environment_hook('spiral', 'ament_prefix_path')
[2.387s] INFO:colcon.colcon_core.shell:Creating environment hook '/home/student/humble_ws/install/spiral/share/spiral/hook/ament_prefix_path.ps1'
[2.396s] INFO:colcon.colcon_core.shell:Creating environment descriptor '/home/student/humble_ws/install/spiral/share/spiral/hook/ament_prefix_path.dsv'
[2.396s] INFO:colcon.colcon_core.shell:Creating environment hook '/home/student/humble_ws/install/spiral/share/spiral/hook/ament_prefix_path.sh'
[2.401s] INFO:colcon.colcon_core.shell:Skip shell extension 'powershell' for command environment: Not usable outside of PowerShell
[2.401s] DEBUG:colcon.colcon_core.shell:Skip shell extension 'dsv' for command environment
[3.173s] INFO:colcon.colcon_core.task.python.build:Building Python package in '/home/student/humble_ws/een150-2022-a4-group-group18/src/spiral'
[3.178s] INFO:colcon.colcon_core.shell:Skip shell extension 'powershell' for command environment: Not usable outside of PowerShell
[3.184s] DEBUG:colcon.colcon_core.shell:Skip shell extension 'dsv' for command environment
[3.208s] DEBUG:colcon.colcon_core.event_handler.log_command:Invoking command in '/home/student/humble_ws/een150-2022-a4-group-group18/src/py_ctrl': PYTHONPATH=/home/student/humble_ws/install/py_ctrl/lib/python3.10/site-packages:${PYTHONPATH} /usr/bin/python3 setup.py egg_info --egg-base ../../../build/py_ctrl build --build-base /home/student/humble_ws/build/py_ctrl/build install --prefix /home/student/humble_ws/install/py_ctrl --record /home/student/humble_ws/build/py_ctrl/install.log --single-version-externally-managed
[4.340s] Level 1:colcon.colcon_core.environment:checking '/home/student/humble_ws/install/py_ctrl' for CMake module files
[4.341s] DEBUG:colcon.colcon_core.event_handler.log_command:Invoked command in '/home/student/humble_ws/een150-2022-a4-group-group18/src/py_ctrl' returned '0': PYTHONPATH=/home/student/humble_ws/install/py_ctrl/lib/python3.10/site-packages:${PYTHONPATH} /usr/bin/python3 setup.py egg_info --egg-base ../../../build/py_ctrl build --build-base /home/student/humble_ws/build/py_ctrl/build install --prefix /home/student/humble_ws/install/py_ctrl --record /home/student/humble_ws/build/py_ctrl/install.log --single-version-externally-managed
[4.381s] Level 1:colcon.colcon_core.environment:checking '/home/student/humble_ws/install/py_ctrl' for CMake config files
[4.382s] Level 1:colcon.colcon_core.environment:checking '/home/student/humble_ws/install/py_ctrl/lib'
[4.382s] Level 1:colcon.colcon_core.environment:checking '/home/student/humble_ws/install/py_ctrl/bin'
[4.382s] Level 1:colcon.colcon_core.environment:checking '/home/student/humble_ws/install/py_ctrl/lib/pkgconfig/py_ctrl.pc'
[4.382s] Level 1:colcon.colcon_core.environment:checking '/home/student/humble_ws/install/py_ctrl/lib/python3.10/site-packages'
[4.383s] Level 1:colcon.colcon_core.shell:create_environment_hook('py_ctrl', 'pythonpath')
[4.404s] INFO:colcon.colcon_core.shell:Creating environment hook '/home/student/humble_ws/install/py_ctrl/share/py_ctrl/hook/pythonpath.ps1'
[4.405s] INFO:colcon.colcon_core.shell:Creating environment descriptor '/home/student/humble_ws/install/py_ctrl/share/py_ctrl/hook/pythonpath.dsv'
[4.405s] INFO:colcon.colcon_core.shell:Creating environment hook '/home/student/humble_ws/install/py_ctrl/share/py_ctrl/hook/pythonpath.sh'
[4.406s] Level 1:colcon.colcon_core.environment:checking '/home/student/humble_ws/install/py_ctrl/bin'
[4.406s] Level 1:colcon.colcon_core.environment:create_environment_scripts_only(py_ctrl)
[4.411s] INFO:colcon.colcon_core.shell:Creating package script '/home/student/humble_ws/install/py_ctrl/share/py_ctrl/package.ps1'
[4.421s] INFO:colcon.colcon_core.shell:Creating package descriptor '/home/student/humble_ws/install/py_ctrl/share/py_ctrl/package.dsv'
[4.423s] INFO:colcon.colcon_core.shell:Creating package script '/home/student/humble_ws/install/py_ctrl/share/py_ctrl/package.sh'
[4.424s] INFO:colcon.colcon_core.shell:Creating package script '/home/student/humble_ws/install/py_ctrl/share/py_ctrl/package.bash'
[4.425s] INFO:colcon.colcon_core.shell:Creating package script '/home/student/humble_ws/install/py_ctrl/share/py_ctrl/package.zsh'
[4.426s] Level 1:colcon.colcon_core.environment:create_file_with_runtime_dependencies(/home/student/humble_ws/install/py_ctrl/share/colcon-core/packages/py_ctrl)
[4.426s] INFO:colcon.colcon_ros.task.ament_cmake.build:Building ROS package in '/home/student/humble_ws/een150-2022-a4-group-group18/xacro_2.0.7.' with build type 'ament_cmake'
[4.426s] INFO:colcon.colcon_cmake.task.cmake.build:Building CMake package in '/home/student/humble_ws/een150-2022-a4-group-group18/xacro_2.0.7.'
[4.443s] INFO:colcon.colcon_core.shell:Skip shell extension 'powershell' for command environment: Not usable outside of PowerShell
[4.443s] DEBUG:colcon.colcon_core.shell:Skip shell extension 'dsv' for command environment
[4.497s] DEBUG:colcon.colcon_core.event_handler.log_command:Invoking command in '/home/student/humble_ws/build/xacro': CMAKE_PREFIX_PATH=${CMAKE_PREFIX_PATH}:/home/student/requirements_ws/install/scene_manipulation_marker:/home/student/requirements_ws/install/scene_manipulation_gui:/home/student/requirements_ws/install/gui_tools:/opt/ros/humble /usr/bin/cmake --build /home/student/humble_ws/build/xacro -- -j2 -l2
[4.531s] DEBUG:colcon.colcon_core.event_handler.log_command:Invoking command in '/home/student/humble_ws/een150-2022-a4-group-group18/src/spiral': PYTHONPATH=/home/student/humble_ws/install/spiral/lib/python3.10/site-packages:${PYTHONPATH} /usr/bin/python3 setup.py egg_info --egg-base ../../../build/spiral build --build-base /home/student/humble_ws/build/spiral/build install --prefix /home/student/humble_ws/install/spiral --record /home/student/humble_ws/build/spiral/install.log --single-version-externally-managed
[5.574s] Level 1:colcon.colcon_core.environment:checking '/home/student/humble_ws/install/spiral' for CMake module files
[5.575s] Level 1:colcon.colcon_core.environment:checking '/home/student/humble_ws/install/spiral' for CMake config files
[5.577s] DEBUG:colcon.colcon_core.event_handler.log_command:Invoked command in '/home/student/humble_ws/een150-2022-a4-group-group18/src/spiral' returned '0': PYTHONPATH=/home/student/humble_ws/install/spiral/lib/python3.10/site-packages:${PYTHONPATH} /usr/bin/python3 setup.py egg_info --egg-base ../../../build/spiral build --build-base /home/student/humble_ws/build/spiral/build install --prefix /home/student/humble_ws/install/spiral --record /home/student/humble_ws/build/spiral/install.log --single-version-externally-managed
[5.579s] Level 1:colcon.colcon_core.environment:checking '/home/student/humble_ws/install/spiral/lib'
[5.579s] Level 1:colcon.colcon_core.environment:checking '/home/student/humble_ws/install/spiral/bin'
[5.579s] Level 1:colcon.colcon_core.environment:checking '/home/student/humble_ws/install/spiral/lib/pkgconfig/spiral.pc'
[5.579s] Level 1:colcon.colcon_core.environment:checking '/home/student/humble_ws/install/spiral/lib/python3.10/site-packages'
[5.580s] Level 1:colcon.colcon_core.shell:create_environment_hook('spiral', 'pythonpath')
[5.589s] INFO:colcon.colcon_core.shell:Creating environment hook '/home/student/humble_ws/install/spiral/share/spiral/hook/pythonpath.ps1'
[5.593s] INFO:colcon.colcon_core.shell:Creating environment descriptor '/home/student/humble_ws/install/spiral/share/spiral/hook/pythonpath.dsv'
[5.600s] INFO:colcon.colcon_core.shell:Creating environment hook '/home/student/humble_ws/install/spiral/share/spiral/hook/pythonpath.sh'
[5.603s] Level 1:colcon.colcon_core.environment:checking '/home/student/humble_ws/install/spiral/bin'
[5.604s] Level 1:colcon.colcon_core.environment:create_environment_scripts_only(spiral)
[5.610s] INFO:colcon.colcon_core.shell:Creating package script '/home/student/humble_ws/install/spiral/share/spiral/package.ps1'
[5.638s] INFO:colcon.colcon_core.shell:Creating package descriptor '/home/student/humble_ws/install/spiral/share/spiral/package.dsv'
[5.645s] INFO:colcon.colcon_core.shell:Creating package script '/home/student/humble_ws/install/spiral/share/spiral/package.sh'
[5.652s] INFO:colcon.colcon_core.shell:Creating package script '/home/student/humble_ws/install/spiral/share/spiral/package.bash'
[5.652s] INFO:colcon.colcon_core.shell:Creating package script '/home/student/humble_ws/install/spiral/share/spiral/package.zsh'
[5.653s] Level 1:colcon.colcon_core.environment:create_file_with_runtime_dependencies(/home/student/humble_ws/install/spiral/share/colcon-core/packages/spiral)
[5.755s] DEBUG:colcon.colcon_core.event_handler.log_command:Invoked command in '/home/student/humble_ws/build/xacro' returned '0': CMAKE_PREFIX_PATH=${CMAKE_PREFIX_PATH}:/home/student/requirements_ws/install/scene_manipulation_marker:/home/student/requirements_ws/install/scene_manipulation_gui:/home/student/requirements_ws/install/gui_tools:/opt/ros/humble /usr/bin/cmake --build /home/student/humble_ws/build/xacro -- -j2 -l2
[5.808s] DEBUG:colcon.colcon_core.event_handler.log_command:Invoking command in '/home/student/humble_ws/build/xacro': CMAKE_PREFIX_PATH=${CMAKE_PREFIX_PATH}:/home/student/requirements_ws/install/scene_manipulation_marker:/home/student/requirements_ws/install/scene_manipulation_gui:/home/student/requirements_ws/install/gui_tools:/opt/ros/humble /usr/bin/cmake --install /home/student/humble_ws/build/xacro
[5.890s] Level 1:colcon.colcon_core.environment:create_environment_scripts_only(xacro)
[5.896s] Level 1:colcon.colcon_core.environment:checking '/home/student/humble_ws/install/xacro' for CMake module files
[5.898s] DEBUG:colcon.colcon_core.event_handler.log_command:Invoked command in '/home/student/humble_ws/build/xacro' returned '0': CMAKE_PREFIX_PATH=${CMAKE_PREFIX_PATH}:/home/student/requirements_ws/install/scene_manipulation_marker:/home/student/requirements_ws/install/scene_manipulation_gui:/home/student/requirements_ws/install/gui_tools:/opt/ros/humble /usr/bin/cmake --install /home/student/humble_ws/build/xacro
[5.899s] Level 1:colcon.colcon_core.environment:checking '/home/student/humble_ws/install/xacro' for CMake config files
[5.900s] Level 1:colcon.colcon_core.shell:create_environment_hook('xacro', 'cmake_prefix_path')
[5.904s] INFO:colcon.colcon_core.shell:Creating environment hook '/home/student/humble_ws/install/xacro/share/xacro/hook/cmake_prefix_path.ps1'
[5.910s] INFO:colcon.colcon_core.shell:Creating environment descriptor '/home/student/humble_ws/install/xacro/share/xacro/hook/cmake_prefix_path.dsv'
[5.911s] INFO:colcon.colcon_core.shell:Creating environment hook '/home/student/humble_ws/install/xacro/share/xacro/hook/cmake_prefix_path.sh'
[5.912s] Level 1:colcon.colcon_core.environment:checking '/home/student/humble_ws/install/xacro/lib'
[5.912s] Level 1:colcon.colcon_core.environment:checking '/home/student/humble_ws/install/xacro/bin'
[5.912s] Level 1:colcon.colcon_core.shell:create_environment_hook('xacro', 'path')
[5.916s] INFO:colcon.colcon_core.shell:Creating environment hook '/home/student/humble_ws/install/xacro/share/xacro/hook/path.ps1'
[5.917s] INFO:colcon.colcon_core.shell:Creating environment descriptor '/home/student/humble_ws/install/xacro/share/xacro/hook/path.dsv'
[5.917s] INFO:colcon.colcon_core.shell:Creating environment hook '/home/student/humble_ws/install/xacro/share/xacro/hook/path.sh'
[5.918s] Level 1:colcon.colcon_core.environment:checking '/home/student/humble_ws/install/xacro/lib/pkgconfig/xacro.pc'
[5.918s] Level 1:colcon.colcon_core.environment:checking '/home/student/humble_ws/install/xacro/lib/python3.10/site-packages'
[5.918s] Level 1:colcon.colcon_core.environment:checking '/home/student/humble_ws/install/xacro/bin'
[5.918s] Level 1:colcon.colcon_core.shell:create_environment_hook('xacro', 'pythonscriptspath')
[5.926s] INFO:colcon.colcon_core.shell:Creating environment hook '/home/student/humble_ws/install/xacro/share/xacro/hook/pythonscriptspath.ps1'
[5.929s] INFO:colcon.colcon_core.shell:Creating environment descriptor '/home/student/humble_ws/install/xacro/share/xacro/hook/pythonscriptspath.dsv'
[5.930s] INFO:colcon.colcon_core.shell:Creating environment hook '/home/student/humble_ws/install/xacro/share/xacro/hook/pythonscriptspath.sh'
[5.941s] INFO:colcon.colcon_core.shell:Creating package script '/home/student/humble_ws/install/xacro/share/xacro/package.ps1'
[5.944s] INFO:colcon.colcon_core.shell:Creating package descriptor '/home/student/humble_ws/install/xacro/share/xacro/package.dsv'
[5.945s] INFO:colcon.colcon_core.shell:Creating package script '/home/student/humble_ws/install/xacro/share/xacro/package.sh'
[5.946s] INFO:colcon.colcon_core.shell:Creating package script '/home/student/humble_ws/install/xacro/share/xacro/package.bash'
[5.947s] INFO:colcon.colcon_core.shell:Creating package script '/home/student/humble_ws/install/xacro/share/xacro/package.zsh'
[5.948s] Level 1:colcon.colcon_core.environment:create_file_with_runtime_dependencies(/home/student/humble_ws/install/xacro/share/colcon-core/packages/xacro)
[6.000s] Level 1:colcon.colcon_core.environment:create_environment_scripts_only(xacro)
[6.008s] Level 1:colcon.colcon_core.environment:checking '/home/student/humble_ws/install/xacro' for CMake module files
[6.008s] Level 1:colcon.colcon_core.environment:checking '/home/student/humble_ws/install/xacro' for CMake config files
[6.009s] Level 1:colcon.colcon_core.shell:create_environment_hook('xacro', 'cmake_prefix_path')
[6.018s] INFO:colcon.colcon_core.shell:Creating environment hook '/home/student/humble_ws/install/xacro/share/xacro/hook/cmake_prefix_path.ps1'
[6.019s] INFO:colcon.colcon_core.shell:Creating environment descriptor '/home/student/humble_ws/install/xacro/share/xacro/hook/cmake_prefix_path.dsv'
[6.020s] INFO:colcon.colcon_core.shell:Creating environment hook '/home/student/humble_ws/install/xacro/share/xacro/hook/cmake_prefix_path.sh'
[6.023s] Level 1:colcon.colcon_core.environment:checking '/home/student/humble_ws/install/xacro/lib'
[6.023s] Level 1:colcon.colcon_core.environment:checking '/home/student/humble_ws/install/xacro/bin'
[6.023s] Level 1:colcon.colcon_core.shell:create_environment_hook('xacro', 'path')
[6.032s] INFO:colcon.colcon_core.shell:Creating environment hook '/home/student/humble_ws/install/xacro/share/xacro/hook/path.ps1'
[6.033s] INFO:colcon.colcon_core.shell:Creating environment descriptor '/home/student/humble_ws/install/xacro/share/xacro/hook/path.dsv'
[6.034s] INFO:colcon.colcon_core.shell:Creating environment hook '/home/student/humble_ws/install/xacro/share/xacro/hook/path.sh'
[6.036s] Level 1:colcon.colcon_core.environment:checking '/home/student/humble_ws/install/xacro/lib/pkgconfig/xacro.pc'
[6.036s] Level 1:colcon.colcon_core.environment:checking '/home/student/humble_ws/install/xacro/lib/python3.10/site-packages'
[6.037s] Level 1:colcon.colcon_core.environment:checking '/home/student/humble_ws/install/xacro/bin'
[6.037s] Level 1:colcon.colcon_core.shell:create_environment_hook('xacro', 'pythonscriptspath')
[6.042s] INFO:colcon.colcon_core.shell:Creating environment hook '/home/student/humble_ws/install/xacro/share/xacro/hook/pythonscriptspath.ps1'
[6.044s] INFO:colcon.colcon_core.shell:Creating environment descriptor '/home/student/humble_ws/install/xacro/share/xacro/hook/pythonscriptspath.dsv'
[6.045s] INFO:colcon.colcon_core.shell:Creating environment hook '/home/student/humble_ws/install/xacro/share/xacro/hook/pythonscriptspath.sh'
[6.049s] INFO:colcon.colcon_core.shell:Creating package script '/home/student/humble_ws/install/xacro/share/xacro/package.ps1'
[6.051s] INFO:colcon.colcon_core.shell:Creating package descriptor '/home/student/humble_ws/install/xacro/share/xacro/package.dsv'
[6.052s] INFO:colcon.colcon_core.shell:Creating package script '/home/student/humble_ws/install/xacro/share/xacro/package.sh'
[6.054s] INFO:colcon.colcon_core.shell:Creating package script '/home/student/humble_ws/install/xacro/share/xacro/package.bash'
[6.054s] INFO:colcon.colcon_core.shell:Creating package script '/home/student/humble_ws/install/xacro/share/xacro/package.zsh'
[6.055s] Level 1:colcon.colcon_core.environment:create_file_with_runtime_dependencies(/home/student/humble_ws/install/xacro/share/colcon-core/packages/xacro)
[6.055s] DEBUG:colcon.colcon_parallel_executor.executor.parallel:closing loop
[6.056s] DEBUG:colcon.colcon_parallel_executor.executor.parallel:loop closed
[6.056s] DEBUG:colcon.colcon_parallel_executor.executor.parallel:run_until_complete finished with '0'
[6.057s] DEBUG:colcon.colcon_core.event_reactor:joining thread
[6.075s] INFO:colcon.colcon_core.plugin_system:Skipping extension 'colcon_notification.desktop_notification.terminal_notifier': Not used on non-Darwin systems
[6.078s] INFO:colcon.colcon_core.plugin_system:Skipping extension 'colcon_notification.desktop_notification.win32': Not used on non-Windows systems
[6.078s] INFO:colcon.colcon_notification.desktop_notification:Sending desktop notification using 'notify2'
[6.108s] DEBUG:colcon.colcon_core.event_reactor:joined thread
[6.112s] INFO:colcon.colcon_core.shell:Creating prefix script '/home/student/humble_ws/install/local_setup.ps1'
[6.114s] INFO:colcon.colcon_core.shell:Creating prefix util module '/home/student/humble_ws/install/_local_setup_util_ps1.py'
[6.115s] INFO:colcon.colcon_core.shell:Creating prefix chain script '/home/student/humble_ws/install/setup.ps1'
[6.121s] INFO:colcon.colcon_core.shell:Creating prefix script '/home/student/humble_ws/install/local_setup.sh'
[6.122s] INFO:colcon.colcon_core.shell:Creating prefix util module '/home/student/humble_ws/install/_local_setup_util_sh.py'
[6.124s] INFO:colcon.colcon_core.shell:Creating prefix chain script '/home/student/humble_ws/install/setup.sh'
[6.136s] INFO:colcon.colcon_core.shell:Creating prefix script '/home/student/humble_ws/install/local_setup.bash'
[6.137s] INFO:colcon.colcon_core.shell:Creating prefix chain script '/home/student/humble_ws/install/setup.bash'
[6.144s] INFO:colcon.colcon_core.shell:Creating prefix script '/home/student/humble_ws/install/local_setup.zsh'
[6.145s] INFO:colcon.colcon_core.shell:Creating prefix chain script '/home/student/humble_ws/install/setup.zsh'
