[0.968s] DEBUG:colcon:Command line arguments: ['/usr/bin/colcon', 'build']
[0.968s] DEBUG:colcon:Parsed command line arguments: Namespace(log_base=None, log_level=None, verb_name='build', build_base='build', install_base='install', merge_install=False, symlink_install=False, test_result_base=None, continue_on_error=False, executor='parallel', parallel_workers=2, event_handlers=None, ignore_user_meta=False, metas=['./colcon.meta'], base_paths=['.'], packages_ignore=None, packages_ignore_regex=None, paths=None, packages_up_to=None, packages_up_to_regex=None, packages_above=None, packages_above_and_dependencies=None, packages_above_depth=None, packages_select_by_dep=None, packages_skip_by_dep=None, packages_skip_up_to=None, packages_select_build_failed=False, packages_skip_build_finished=False, packages_select_test_failures=False, packages_skip_test_passed=False, packages_select=None, packages_skip=None, packages_select_regex=None, packages_skip_regex=None, packages_start=None, packages_end=None, allow_overriding=[], cmake_args=None, cmake_target=None, cmake_target_skip_unavailable=False, cmake_clean_cache=False, cmake_clean_first=False, cmake_force_configure=False, ament_cmake_args=None, catkin_cmake_args=None, catkin_skip_building_tests=False, verb_parser=<colcon_defaults.argument_parser.defaults.DefaultArgumentsDecorator object at 0x7feab5d8dd80>, verb_extension=<colcon_core.verb.build.BuildVerb object at 0x7feab6743970>, main=<bound method BuildVerb.main of <colcon_core.verb.build.BuildVerb object at 0x7feab6743970>>)
[1.078s] Level 1:colcon.colcon_core.package_discovery:discover_packages(colcon_meta) check parameters
[1.078s] Level 1:colcon.colcon_core.package_discovery:discover_packages(recursive) check parameters
[1.078s] Level 1:colcon.colcon_core.package_discovery:discover_packages(ignore) check parameters
[1.078s] Level 1:colcon.colcon_core.package_discovery:discover_packages(path) check parameters
[1.078s] Level 1:colcon.colcon_core.package_discovery:discover_packages(colcon_meta) discover
[1.078s] Level 1:colcon.colcon_core.package_discovery:discover_packages(recursive) discover
[1.079s] INFO:colcon.colcon_core.package_discovery:Crawling recursively for packages in '/home/student/humble_ws'
[1.079s] Level 1:colcon.colcon_core.package_identification:_identify(.) by extensions ['ignore', 'ignore_ament_install']
[1.079s] Level 1:colcon.colcon_core.package_identification:_identify(.) by extension 'ignore'
[1.079s] Level 1:colcon.colcon_core.package_identification:_identify(.) by extension 'ignore_ament_install'
[1.079s] Level 1:colcon.colcon_core.package_identification:_identify(.) by extensions ['colcon_pkg']
[1.079s] Level 1:colcon.colcon_core.package_identification:_identify(.) by extension 'colcon_pkg'
[1.079s] Level 1:colcon.colcon_core.package_identification:_identify(.) by extensions ['colcon_meta']
[1.079s] Level 1:colcon.colcon_core.package_identification:_identify(.) by extension 'colcon_meta'
[1.079s] Level 1:colcon.colcon_core.package_identification:_identify(.) by extensions ['ros']
[1.080s] Level 1:colcon.colcon_core.package_identification:_identify(.) by extension 'ros'
[1.106s] Level 1:colcon.colcon_core.package_identification:_identify(.) by extensions ['cmake', 'python']
[1.106s] Level 1:colcon.colcon_core.package_identification:_identify(.) by extension 'cmake'
[1.106s] Level 1:colcon.colcon_core.package_identification:_identify(.) by extension 'python'
[1.106s] Level 1:colcon.colcon_core.package_identification:_identify(.) by extensions ['python_setup_py']
[1.106s] Level 1:colcon.colcon_core.package_identification:_identify(.) by extension 'python_setup_py'
[1.106s] Level 1:colcon.colcon_core.package_identification:_identify(build) by extensions ['ignore', 'ignore_ament_install']
[1.106s] Level 1:colcon.colcon_core.package_identification:_identify(build) by extension 'ignore'
[1.106s] Level 1:colcon.colcon_core.package_identification:_identify(build) ignored
[1.107s] Level 1:colcon.colcon_core.package_identification:_identify(een150-2022-a4-group-group18) by extensions ['ignore', 'ignore_ament_install']
[1.107s] Level 1:colcon.colcon_core.package_identification:_identify(een150-2022-a4-group-group18) by extension 'ignore'
[1.107s] Level 1:colcon.colcon_core.package_identification:_identify(een150-2022-a4-group-group18) by extension 'ignore_ament_install'
[1.107s] Level 1:colcon.colcon_core.package_identification:_identify(een150-2022-a4-group-group18) by extensions ['colcon_pkg']
[1.107s] Level 1:colcon.colcon_core.package_identification:_identify(een150-2022-a4-group-group18) by extension 'colcon_pkg'
[1.107s] Level 1:colcon.colcon_core.package_identification:_identify(een150-2022-a4-group-group18) by extensions ['colcon_meta']
[1.107s] Level 1:colcon.colcon_core.package_identification:_identify(een150-2022-a4-group-group18) by extension 'colcon_meta'
[1.107s] Level 1:colcon.colcon_core.package_identification:_identify(een150-2022-a4-group-group18) by extensions ['ros']
[1.107s] Level 1:colcon.colcon_core.package_identification:_identify(een150-2022-a4-group-group18) by extension 'ros'
[1.107s] Level 1:colcon.colcon_core.package_identification:_identify(een150-2022-a4-group-group18) by extensions ['cmake', 'python']
[1.107s] Level 1:colcon.colcon_core.package_identification:_identify(een150-2022-a4-group-group18) by extension 'cmake'
[1.107s] Level 1:colcon.colcon_core.package_identification:_identify(een150-2022-a4-group-group18) by extension 'python'
[1.108s] Level 1:colcon.colcon_core.package_identification:_identify(een150-2022-a4-group-group18) by extensions ['python_setup_py']
[1.108s] Level 1:colcon.colcon_core.package_identification:_identify(een150-2022-a4-group-group18) by extension 'python_setup_py'
[1.108s] Level 1:colcon.colcon_core.package_identification:_identify(een150-2022-a4-group-group18/bringup) by extensions ['ignore', 'ignore_ament_install']
[1.108s] Level 1:colcon.colcon_core.package_identification:_identify(een150-2022-a4-group-group18/bringup) by extension 'ignore'
[1.108s] Level 1:colcon.colcon_core.package_identification:_identify(een150-2022-a4-group-group18/bringup) by extension 'ignore_ament_install'
[1.108s] Level 1:colcon.colcon_core.package_identification:_identify(een150-2022-a4-group-group18/bringup) by extensions ['colcon_pkg']
[1.108s] Level 1:colcon.colcon_core.package_identification:_identify(een150-2022-a4-group-group18/bringup) by extension 'colcon_pkg'
[1.108s] Level 1:colcon.colcon_core.package_identification:_identify(een150-2022-a4-group-group18/bringup) by extensions ['colcon_meta']
[1.108s] Level 1:colcon.colcon_core.package_identification:_identify(een150-2022-a4-group-group18/bringup) by extension 'colcon_meta'
[1.108s] Level 1:colcon.colcon_core.package_identification:_identify(een150-2022-a4-group-group18/bringup) by extensions ['ros']
[1.108s] Level 1:colcon.colcon_core.package_identification:_identify(een150-2022-a4-group-group18/bringup) by extension 'ros'
[1.114s] DEBUG:colcon.colcon_core.package_identification:Package 'een150-2022-a4-group-group18/bringup' with type 'ros.ament_cmake' and name 'een150_a4_bringup'
[1.114s] Level 1:colcon.colcon_core.package_identification:_identify(een150-2022-a4-group-group18/scenario) by extensions ['ignore', 'ignore_ament_install']
[1.114s] Level 1:colcon.colcon_core.package_identification:_identify(een150-2022-a4-group-group18/scenario) by extension 'ignore'
[1.115s] Level 1:colcon.colcon_core.package_identification:_identify(een150-2022-a4-group-group18/scenario) by extension 'ignore_ament_install'
[1.115s] Level 1:colcon.colcon_core.package_identification:_identify(een150-2022-a4-group-group18/scenario) by extensions ['colcon_pkg']
[1.115s] Level 1:colcon.colcon_core.package_identification:_identify(een150-2022-a4-group-group18/scenario) by extension 'colcon_pkg'
[1.115s] Level 1:colcon.colcon_core.package_identification:_identify(een150-2022-a4-group-group18/scenario) by extensions ['colcon_meta']
[1.115s] Level 1:colcon.colcon_core.package_identification:_identify(een150-2022-a4-group-group18/scenario) by extension 'colcon_meta'
[1.115s] Level 1:colcon.colcon_core.package_identification:_identify(een150-2022-a4-group-group18/scenario) by extensions ['ros']
[1.115s] Level 1:colcon.colcon_core.package_identification:_identify(een150-2022-a4-group-group18/scenario) by extension 'ros'
[1.115s] Level 1:colcon.colcon_core.package_identification:_identify(een150-2022-a4-group-group18/scenario) by extensions ['cmake', 'python']
[1.115s] Level 1:colcon.colcon_core.package_identification:_identify(een150-2022-a4-group-group18/scenario) by extension 'cmake'
[1.115s] Level 1:colcon.colcon_core.package_identification:_identify(een150-2022-a4-group-group18/scenario) by extension 'python'
[1.115s] Level 1:colcon.colcon_core.package_identification:_identify(een150-2022-a4-group-group18/scenario) by extensions ['python_setup_py']
[1.115s] Level 1:colcon.colcon_core.package_identification:_identify(een150-2022-a4-group-group18/scenario) by extension 'python_setup_py'
[1.116s] Level 1:colcon.colcon_core.package_identification:_identify(een150-2022-a4-group-group18/scenario/config) by extensions ['ignore', 'ignore_ament_install']
[1.116s] Level 1:colcon.colcon_core.package_identification:_identify(een150-2022-a4-group-group18/scenario/config) by extension 'ignore'
[1.116s] Level 1:colcon.colcon_core.package_identification:_identify(een150-2022-a4-group-group18/scenario/config) by extension 'ignore_ament_install'
[1.116s] Level 1:colcon.colcon_core.package_identification:_identify(een150-2022-a4-group-group18/scenario/config) by extensions ['colcon_pkg']
[1.116s] Level 1:colcon.colcon_core.package_identification:_identify(een150-2022-a4-group-group18/scenario/config) by extension 'colcon_pkg'
[1.116s] Level 1:colcon.colcon_core.package_identification:_identify(een150-2022-a4-group-group18/scenario/config) by extensions ['colcon_meta']
[1.116s] Level 1:colcon.colcon_core.package_identification:_identify(een150-2022-a4-group-group18/scenario/config) by extension 'colcon_meta'
[1.116s] Level 1:colcon.colcon_core.package_identification:_identify(een150-2022-a4-group-group18/scenario/config) by extensions ['ros']
[1.116s] Level 1:colcon.colcon_core.package_identification:_identify(een150-2022-a4-group-group18/scenario/config) by extension 'ros'
[1.116s] Level 1:colcon.colcon_core.package_identification:_identify(een150-2022-a4-group-group18/scenario/config) by extensions ['cmake', 'python']
[1.116s] Level 1:colcon.colcon_core.package_identification:_identify(een150-2022-a4-group-group18/scenario/config) by extension 'cmake'
[1.116s] Level 1:colcon.colcon_core.package_identification:_identify(een150-2022-a4-group-group18/scenario/config) by extension 'python'
[1.116s] Level 1:colcon.colcon_core.package_identification:_identify(een150-2022-a4-group-group18/scenario/config) by extensions ['python_setup_py']
[1.116s] Level 1:colcon.colcon_core.package_identification:_identify(een150-2022-a4-group-group18/scenario/config) by extension 'python_setup_py'
[1.117s] Level 1:colcon.colcon_core.package_identification:_identify(een150-2022-a4-group-group18/scenario/frames) by extensions ['ignore', 'ignore_ament_install']
[1.117s] Level 1:colcon.colcon_core.package_identification:_identify(een150-2022-a4-group-group18/scenario/frames) by extension 'ignore'
[1.117s] Level 1:colcon.colcon_core.package_identification:_identify(een150-2022-a4-group-group18/scenario/frames) by extension 'ignore_ament_install'
[1.117s] Level 1:colcon.colcon_core.package_identification:_identify(een150-2022-a4-group-group18/scenario/frames) by extensions ['colcon_pkg']
[1.117s] Level 1:colcon.colcon_core.package_identification:_identify(een150-2022-a4-group-group18/scenario/frames) by extension 'colcon_pkg'
[1.117s] Level 1:colcon.colcon_core.package_identification:_identify(een150-2022-a4-group-group18/scenario/frames) by extensions ['colcon_meta']
[1.117s] Level 1:colcon.colcon_core.package_identification:_identify(een150-2022-a4-group-group18/scenario/frames) by extension 'colcon_meta'
[1.117s] Level 1:colcon.colcon_core.package_identification:_identify(een150-2022-a4-group-group18/scenario/frames) by extensions ['ros']
[1.117s] Level 1:colcon.colcon_core.package_identification:_identify(een150-2022-a4-group-group18/scenario/frames) by extension 'ros'
[1.117s] Level 1:colcon.colcon_core.package_identification:_identify(een150-2022-a4-group-group18/scenario/frames) by extensions ['cmake', 'python']
[1.117s] Level 1:colcon.colcon_core.package_identification:_identify(een150-2022-a4-group-group18/scenario/frames) by extension 'cmake'
[1.117s] Level 1:colcon.colcon_core.package_identification:_identify(een150-2022-a4-group-group18/scenario/frames) by extension 'python'
[1.118s] Level 1:colcon.colcon_core.package_identification:_identify(een150-2022-a4-group-group18/scenario/frames) by extensions ['python_setup_py']
[1.118s] Level 1:colcon.colcon_core.package_identification:_identify(een150-2022-a4-group-group18/scenario/frames) by extension 'python_setup_py'
[1.118s] Level 1:colcon.colcon_core.package_identification:_identify(een150-2022-a4-group-group18/scenario/frames2) by extensions ['ignore', 'ignore_ament_install']
[1.118s] Level 1:colcon.colcon_core.package_identification:_identify(een150-2022-a4-group-group18/scenario/frames2) by extension 'ignore'
[1.118s] Level 1:colcon.colcon_core.package_identification:_identify(een150-2022-a4-group-group18/scenario/frames2) by extension 'ignore_ament_install'
[1.118s] Level 1:colcon.colcon_core.package_identification:_identify(een150-2022-a4-group-group18/scenario/frames2) by extensions ['colcon_pkg']
[1.118s] Level 1:colcon.colcon_core.package_identification:_identify(een150-2022-a4-group-group18/scenario/frames2) by extension 'colcon_pkg'
[1.118s] Level 1:colcon.colcon_core.package_identification:_identify(een150-2022-a4-group-group18/scenario/frames2) by extensions ['colcon_meta']
[1.118s] Level 1:colcon.colcon_core.package_identification:_identify(een150-2022-a4-group-group18/scenario/frames2) by extension 'colcon_meta'
[1.118s] Level 1:colcon.colcon_core.package_identification:_identify(een150-2022-a4-group-group18/scenario/frames2) by extensions ['ros']
[1.118s] Level 1:colcon.colcon_core.package_identification:_identify(een150-2022-a4-group-group18/scenario/frames2) by extension 'ros'
[1.119s] Level 1:colcon.colcon_core.package_identification:_identify(een150-2022-a4-group-group18/scenario/frames2) by extensions ['cmake', 'python']
[1.119s] Level 1:colcon.colcon_core.package_identification:_identify(een150-2022-a4-group-group18/scenario/frames2) by extension 'cmake'
[1.119s] Level 1:colcon.colcon_core.package_identification:_identify(een150-2022-a4-group-group18/scenario/frames2) by extension 'python'
[1.119s] Level 1:colcon.colcon_core.package_identification:_identify(een150-2022-a4-group-group18/scenario/frames2) by extensions ['python_setup_py']
[1.119s] Level 1:colcon.colcon_core.package_identification:_identify(een150-2022-a4-group-group18/scenario/frames2) by extension 'python_setup_py'
[1.119s] Level 1:colcon.colcon_core.package_identification:_identify(een150-2022-a4-group-group18/scenario/meshes) by extensions ['ignore', 'ignore_ament_install']
[1.119s] Level 1:colcon.colcon_core.package_identification:_identify(een150-2022-a4-group-group18/scenario/meshes) by extension 'ignore'
[1.119s] Level 1:colcon.colcon_core.package_identification:_identify(een150-2022-a4-group-group18/scenario/meshes) by extension 'ignore_ament_install'
[1.119s] Level 1:colcon.colcon_core.package_identification:_identify(een150-2022-a4-group-group18/scenario/meshes) by extensions ['colcon_pkg']
[1.119s] Level 1:colcon.colcon_core.package_identification:_identify(een150-2022-a4-group-group18/scenario/meshes) by extension 'colcon_pkg'
[1.120s] Level 1:colcon.colcon_core.package_identification:_identify(een150-2022-a4-group-group18/scenario/meshes) by extensions ['colcon_meta']
[1.120s] Level 1:colcon.colcon_core.package_identification:_identify(een150-2022-a4-group-group18/scenario/meshes) by extension 'colcon_meta'
[1.120s] Level 1:colcon.colcon_core.package_identification:_identify(een150-2022-a4-group-group18/scenario/meshes) by extensions ['ros']
[1.120s] Level 1:colcon.colcon_core.package_identification:_identify(een150-2022-a4-group-group18/scenario/meshes) by extension 'ros'
[1.120s] Level 1:colcon.colcon_core.package_identification:_identify(een150-2022-a4-group-group18/scenario/meshes) by extensions ['cmake', 'python']
[1.120s] Level 1:colcon.colcon_core.package_identification:_identify(een150-2022-a4-group-group18/scenario/meshes) by extension 'cmake'
[1.120s] Level 1:colcon.colcon_core.package_identification:_identify(een150-2022-a4-group-group18/scenario/meshes) by extension 'python'
[1.120s] Level 1:colcon.colcon_core.package_identification:_identify(een150-2022-a4-group-group18/scenario/meshes) by extensions ['python_setup_py']
[1.120s] Level 1:colcon.colcon_core.package_identification:_identify(een150-2022-a4-group-group18/scenario/meshes) by extension 'python_setup_py'
[1.120s] Level 1:colcon.colcon_core.package_identification:_identify(een150-2022-a4-group-group18/src) by extensions ['ignore', 'ignore_ament_install']
[1.120s] Level 1:colcon.colcon_core.package_identification:_identify(een150-2022-a4-group-group18/src) by extension 'ignore'
[1.120s] Level 1:colcon.colcon_core.package_identification:_identify(een150-2022-a4-group-group18/src) by extension 'ignore_ament_install'
[1.121s] Level 1:colcon.colcon_core.package_identification:_identify(een150-2022-a4-group-group18/src) by extensions ['colcon_pkg']
[1.121s] Level 1:colcon.colcon_core.package_identification:_identify(een150-2022-a4-group-group18/src) by extension 'colcon_pkg'
[1.121s] Level 1:colcon.colcon_core.package_identification:_identify(een150-2022-a4-group-group18/src) by extensions ['colcon_meta']
[1.121s] Level 1:colcon.colcon_core.package_identification:_identify(een150-2022-a4-group-group18/src) by extension 'colcon_meta'
[1.121s] Level 1:colcon.colcon_core.package_identification:_identify(een150-2022-a4-group-group18/src) by extensions ['ros']
[1.121s] Level 1:colcon.colcon_core.package_identification:_identify(een150-2022-a4-group-group18/src) by extension 'ros'
[1.121s] Level 1:colcon.colcon_core.package_identification:_identify(een150-2022-a4-group-group18/src) by extensions ['cmake', 'python']
[1.121s] Level 1:colcon.colcon_core.package_identification:_identify(een150-2022-a4-group-group18/src) by extension 'cmake'
[1.121s] Level 1:colcon.colcon_core.package_identification:_identify(een150-2022-a4-group-group18/src) by extension 'python'
[1.121s] Level 1:colcon.colcon_core.package_identification:_identify(een150-2022-a4-group-group18/src) by extensions ['python_setup_py']
[1.121s] Level 1:colcon.colcon_core.package_identification:_identify(een150-2022-a4-group-group18/src) by extension 'python_setup_py'
[1.121s] Level 1:colcon.colcon_core.package_identification:_identify(een150-2022-a4-group-group18/src/py_ctrl) by extensions ['ignore', 'ignore_ament_install']
[1.121s] Level 1:colcon.colcon_core.package_identification:_identify(een150-2022-a4-group-group18/src/py_ctrl) by extension 'ignore'
[1.121s] Level 1:colcon.colcon_core.package_identification:_identify(een150-2022-a4-group-group18/src/py_ctrl) by extension 'ignore_ament_install'
[1.121s] Level 1:colcon.colcon_core.package_identification:_identify(een150-2022-a4-group-group18/src/py_ctrl) by extensions ['colcon_pkg']
[1.122s] Level 1:colcon.colcon_core.package_identification:_identify(een150-2022-a4-group-group18/src/py_ctrl) by extension 'colcon_pkg'
[1.122s] Level 1:colcon.colcon_core.package_identification:_identify(een150-2022-a4-group-group18/src/py_ctrl) by extensions ['colcon_meta']
[1.122s] Level 1:colcon.colcon_core.package_identification:_identify(een150-2022-a4-group-group18/src/py_ctrl) by extension 'colcon_meta'
[1.122s] Level 1:colcon.colcon_core.package_identification:_identify(een150-2022-a4-group-group18/src/py_ctrl) by extensions ['ros']
[1.122s] Level 1:colcon.colcon_core.package_identification:_identify(een150-2022-a4-group-group18/src/py_ctrl) by extension 'ros'
[1.123s] DEBUG:colcon.colcon_core.package_identification:Package 'een150-2022-a4-group-group18/src/py_ctrl' with type 'ros.ament_python' and name 'py_ctrl'
[1.124s] Level 1:colcon.colcon_core.package_identification:_identify(een150-2022-a4-group-group18/src/spiral) by extensions ['ignore', 'ignore_ament_install']
[1.124s] Level 1:colcon.colcon_core.package_identification:_identify(een150-2022-a4-group-group18/src/spiral) by extension 'ignore'
[1.124s] Level 1:colcon.colcon_core.package_identification:_identify(een150-2022-a4-group-group18/src/spiral) by extension 'ignore_ament_install'
[1.124s] Level 1:colcon.colcon_core.package_identification:_identify(een150-2022-a4-group-group18/src/spiral) by extensions ['colcon_pkg']
[1.124s] Level 1:colcon.colcon_core.package_identification:_identify(een150-2022-a4-group-group18/src/spiral) by extension 'colcon_pkg'
[1.124s] Level 1:colcon.colcon_core.package_identification:_identify(een150-2022-a4-group-group18/src/spiral) by extensions ['colcon_meta']
[1.124s] Level 1:colcon.colcon_core.package_identification:_identify(een150-2022-a4-group-group18/src/spiral) by extension 'colcon_meta'
[1.124s] Level 1:colcon.colcon_core.package_identification:_identify(een150-2022-a4-group-group18/src/spiral) by extensions ['ros']
[1.124s] Level 1:colcon.colcon_core.package_identification:_identify(een150-2022-a4-group-group18/src/spiral) by extension 'ros'
[1.126s] DEBUG:colcon.colcon_core.package_identification:Package 'een150-2022-a4-group-group18/src/spiral' with type 'ros.ament_python' and name 'spiral'
[1.126s] Level 1:colcon.colcon_core.package_identification:_identify(een150-2022-a4-group-group18/xacro_2.0.7.) by extensions ['ignore', 'ignore_ament_install']
[1.126s] Level 1:colcon.colcon_core.package_identification:_identify(een150-2022-a4-group-group18/xacro_2.0.7.) by extension 'ignore'
[1.126s] Level 1:colcon.colcon_core.package_identification:_identify(een150-2022-a4-group-group18/xacro_2.0.7.) by extension 'ignore_ament_install'
[1.126s] Level 1:colcon.colcon_core.package_identification:_identify(een150-2022-a4-group-group18/xacro_2.0.7.) by extensions ['colcon_pkg']
[1.126s] Level 1:colcon.colcon_core.package_identification:_identify(een150-2022-a4-group-group18/xacro_2.0.7.) by extension 'colcon_pkg'
[1.128s] Level 1:colcon.colcon_core.package_identification:_identify(een150-2022-a4-group-group18/xacro_2.0.7.) by extensions ['colcon_meta']
[1.128s] Level 1:colcon.colcon_core.package_identification:_identify(een150-2022-a4-group-group18/xacro_2.0.7.) by extension 'colcon_meta'
[1.128s] Level 1:colcon.colcon_core.package_identification:_identify(een150-2022-a4-group-group18/xacro_2.0.7.) by extensions ['ros']
[1.128s] Level 1:colcon.colcon_core.package_identification:_identify(een150-2022-a4-group-group18/xacro_2.0.7.) by extension 'ros'
[1.130s] DEBUG:colcon.colcon_core.package_identification:Package 'een150-2022-a4-group-group18/xacro_2.0.7.' with type 'ros.ament_cmake' and name 'xacro'
[1.130s] Level 1:colcon.colcon_core.package_identification:_identify(install) by extensions ['ignore', 'ignore_ament_install']
[1.130s] Level 1:colcon.colcon_core.package_identification:_identify(install) by extension 'ignore'
[1.130s] Level 1:colcon.colcon_core.package_identification:_identify(install) ignored
[1.131s] Level 1:colcon.colcon_core.package_identification:_identify(log) by extensions ['ignore', 'ignore_ament_install']
[1.131s] Level 1:colcon.colcon_core.package_identification:_identify(log) by extension 'ignore'
[1.131s] Level 1:colcon.colcon_core.package_identification:_identify(log) ignored
[1.131s] Level 1:colcon.colcon_core.package_discovery:discover_packages(recursive) using defaults
[1.131s] Level 1:colcon.colcon_core.package_discovery:discover_packages(ignore) discover
[1.131s] Level 1:colcon.colcon_core.package_discovery:discover_packages(ignore) using defaults
[1.131s] Level 1:colcon.colcon_core.package_discovery:discover_packages(path) discover
[1.131s] Level 1:colcon.colcon_core.package_discovery:discover_packages(path) using defaults
[1.197s] INFO:colcon.colcon_metadata.metadata.colcon_pkg:Updating descriptor of package 'een150-2022-a4-group-group18/xacro_2.0.7.' from colcon.pkg: {'hooks': ['share/xacro/environment/completion.bash']}
[1.203s] Level 1:colcon.colcon_core.package_discovery:discover_packages(prefix_path) check parameters
[1.203s] Level 1:colcon.colcon_core.package_discovery:discover_packages(prefix_path) discover
[1.222s] DEBUG:colcon.colcon_installed_package_information.package_discovery:Found 4 installed packages in /home/student/humble_ws/install
[1.252s] DEBUG:colcon.colcon_installed_package_information.package_discovery:Found 17 installed packages in /home/student/requirements_ws/install
[1.258s] DEBUG:colcon.colcon_installed_package_information.package_discovery:Found 283 installed packages in /opt/ros/humble
[1.260s] Level 1:colcon.colcon_core.package_discovery:discover_packages(prefix_path) using defaults
[1.465s] WARNING:colcon.colcon_core.package_selection:Some selected packages are already built in one or more underlay workspaces:
	'xacro' is in: /home/student/humble_ws/install/xacro
If a package in a merged underlay workspace is overridden and it installs headers, then all packages in the overlay must sort their include directories by workspace order. Failure to do so may result in build failures or undefined behavior at run time.
If the overridden package is used by another package in any underlay, then the overriding package in the overlay must be API and ABI compatible or undefined behavior at run time may occur.

If you understand the risks and want to override a package anyways, add the following to the command line:
	--allow-overriding xacro

This may be promoted to an error in a future release of colcon-override-check.
[1.472s] Level 5:colcon.colcon_core.verb:set package 'een150_a4_bringup' build argument 'cmake_args' from command line to 'None'
[1.473s] Level 5:colcon.colcon_core.verb:set package 'een150_a4_bringup' build argument 'cmake_target' from command line to 'None'
[1.473s] Level 5:colcon.colcon_core.verb:set package 'een150_a4_bringup' build argument 'cmake_target_skip_unavailable' from command line to 'False'
[1.473s] Level 5:colcon.colcon_core.verb:set package 'een150_a4_bringup' build argument 'cmake_clean_cache' from command line to 'False'
[1.473s] Level 5:colcon.colcon_core.verb:set package 'een150_a4_bringup' build argument 'cmake_clean_first' from command line to 'False'
[1.473s] Level 5:colcon.colcon_core.verb:set package 'een150_a4_bringup' build argument 'cmake_force_configure' from command line to 'False'
[1.473s] Level 5:colcon.colcon_core.verb:set package 'een150_a4_bringup' build argument 'ament_cmake_args' from command line to 'None'
[1.473s] Level 5:colcon.colcon_core.verb:set package 'een150_a4_bringup' build argument 'catkin_cmake_args' from command line to 'None'
[1.474s] Level 5:colcon.colcon_core.verb:set package 'een150_a4_bringup' build argument 'catkin_skip_building_tests' from command line to 'False'
[1.474s] DEBUG:colcon.colcon_core.verb:Building package 'een150_a4_bringup' with the following arguments: {'ament_cmake_args': None, 'build_base': '/home/student/humble_ws/build/een150_a4_bringup', 'catkin_cmake_args': None, 'catkin_skip_building_tests': False, 'cmake_args': None, 'cmake_clean_cache': False, 'cmake_clean_first': False, 'cmake_force_configure': False, 'cmake_target': None, 'cmake_target_skip_unavailable': False, 'install_base': '/home/student/humble_ws/install/een150_a4_bringup', 'merge_install': False, 'path': '/home/student/humble_ws/een150-2022-a4-group-group18/bringup', 'symlink_install': False, 'test_result_base': None}
[1.477s] Level 5:colcon.colcon_core.verb:set package 'py_ctrl' build argument 'cmake_args' from command line to 'None'
[1.477s] Level 5:colcon.colcon_core.verb:set package 'py_ctrl' build argument 'cmake_target' from command line to 'None'
[1.477s] Level 5:colcon.colcon_core.verb:set package 'py_ctrl' build argument 'cmake_target_skip_unavailable' from command line to 'False'
[1.477s] Level 5:colcon.colcon_core.verb:set package 'py_ctrl' build argument 'cmake_clean_cache' from command line to 'False'
[1.477s] Level 5:colcon.colcon_core.verb:set package 'py_ctrl' build argument 'cmake_clean_first' from command line to 'False'
[1.477s] Level 5:colcon.colcon_core.verb:set package 'py_ctrl' build argument 'cmake_force_configure' from command line to 'False'
[1.477s] Level 5:colcon.colcon_core.verb:set package 'py_ctrl' build argument 'ament_cmake_args' from command line to 'None'
[1.477s] Level 5:colcon.colcon_core.verb:set package 'py_ctrl' build argument 'catkin_cmake_args' from command line to 'None'
[1.477s] Level 5:colcon.colcon_core.verb:set package 'py_ctrl' build argument 'catkin_skip_building_tests' from command line to 'False'
[1.477s] DEBUG:colcon.colcon_core.verb:Building package 'py_ctrl' with the following arguments: {'ament_cmake_args': None, 'build_base': '/home/student/humble_ws/build/py_ctrl', 'catkin_cmake_args': None, 'catkin_skip_building_tests': False, 'cmake_args': None, 'cmake_clean_cache': False, 'cmake_clean_first': False, 'cmake_force_configure': False, 'cmake_target': None, 'cmake_target_skip_unavailable': False, 'install_base': '/home/student/humble_ws/install/py_ctrl', 'merge_install': False, 'path': '/home/student/humble_ws/een150-2022-a4-group-group18/src/py_ctrl', 'symlink_install': False, 'test_result_base': None}
[1.479s] Level 5:colcon.colcon_core.verb:set package 'spiral' build argument 'cmake_args' from command line to 'None'
[1.480s] Level 5:colcon.colcon_core.verb:set package 'spiral' build argument 'cmake_target' from command line to 'None'
[1.480s] Level 5:colcon.colcon_core.verb:set package 'spiral' build argument 'cmake_target_skip_unavailable' from command line to 'False'
[1.480s] Level 5:colcon.colcon_core.verb:set package 'spiral' build argument 'cmake_clean_cache' from command line to 'False'
[1.480s] Level 5:colcon.colcon_core.verb:set package 'spiral' build argument 'cmake_clean_first' from command line to 'False'
[1.480s] Level 5:colcon.colcon_core.verb:set package 'spiral' build argument 'cmake_force_configure' from command line to 'False'
[1.480s] Level 5:colcon.colcon_core.verb:set package 'spiral' build argument 'ament_cmake_args' from command line to 'None'
[1.480s] Level 5:colcon.colcon_core.verb:set package 'spiral' build argument 'catkin_cmake_args' from command line to 'None'
[1.480s] Level 5:colcon.colcon_core.verb:set package 'spiral' build argument 'catkin_skip_building_tests' from command line to 'False'
[1.481s] DEBUG:colcon.colcon_core.verb:Building package 'spiral' with the following arguments: {'ament_cmake_args': None, 'build_base': '/home/student/humble_ws/build/spiral', 'catkin_cmake_args': None, 'catkin_skip_building_tests': False, 'cmake_args': None, 'cmake_clean_cache': False, 'cmake_clean_first': False, 'cmake_force_configure': False, 'cmake_target': None, 'cmake_target_skip_unavailable': False, 'install_base': '/home/student/humble_ws/install/spiral', 'merge_install': False, 'path': '/home/student/humble_ws/een150-2022-a4-group-group18/src/spiral', 'symlink_install': False, 'test_result_base': None}
[1.484s] Level 5:colcon.colcon_core.verb:set package 'xacro' build argument 'cmake_args' from command line to 'None'
[1.484s] Level 5:colcon.colcon_core.verb:set package 'xacro' build argument 'cmake_target' from command line to 'None'
[1.484s] Level 5:colcon.colcon_core.verb:set package 'xacro' build argument 'cmake_target_skip_unavailable' from command line to 'False'
[1.484s] Level 5:colcon.colcon_core.verb:set package 'xacro' build argument 'cmake_clean_cache' from command line to 'False'
[1.484s] Level 5:colcon.colcon_core.verb:set package 'xacro' build argument 'cmake_clean_first' from command line to 'False'
[1.484s] Level 5:colcon.colcon_core.verb:set package 'xacro' build argument 'cmake_force_configure' from command line to 'False'
[1.484s] Level 5:colcon.colcon_core.verb:set package 'xacro' build argument 'ament_cmake_args' from command line to 'None'
[1.484s] Level 5:colcon.colcon_core.verb:set package 'xacro' build argument 'catkin_cmake_args' from command line to 'None'
[1.484s] Level 5:colcon.colcon_core.verb:set package 'xacro' build argument 'catkin_skip_building_tests' from command line to 'False'
[1.484s] DEBUG:colcon.colcon_core.verb:Building package 'xacro' with the following arguments: {'ament_cmake_args': None, 'build_base': '/home/student/humble_ws/build/xacro', 'catkin_cmake_args': None, 'catkin_skip_building_tests': False, 'cmake_args': None, 'cmake_clean_cache': False, 'cmake_clean_first': False, 'cmake_force_configure': False, 'cmake_target': None, 'cmake_target_skip_unavailable': False, 'install_base': '/home/student/humble_ws/install/xacro', 'merge_install': False, 'path': '/home/student/humble_ws/een150-2022-a4-group-group18/xacro_2.0.7.', 'symlink_install': False, 'test_result_base': None}
[1.486s] INFO:colcon.colcon_core.executor:Executing jobs using 'parallel' executor
[1.497s] DEBUG:colcon.colcon_parallel_executor.executor.parallel:run_until_complete
[1.497s] INFO:colcon.colcon_ros.task.ament_cmake.build:Building ROS package in '/home/student/humble_ws/een150-2022-a4-group-group18/bringup' with build type 'ament_cmake'
[1.498s] INFO:colcon.colcon_cmake.task.cmake.build:Building CMake package in '/home/student/humble_ws/een150-2022-a4-group-group18/bringup'
[1.517s] INFO:colcon.colcon_core.plugin_system:Skipping extension 'colcon_core.shell.bat': Not used on non-Windows systems
[1.518s] INFO:colcon.colcon_core.shell:Skip shell extension 'powershell' for command environment: Not usable outside of PowerShell
[1.518s] DEBUG:colcon.colcon_core.shell:Skip shell extension 'dsv' for command environment
[1.531s] INFO:colcon.colcon_ros.task.ament_python.build:Building ROS package in '/home/student/humble_ws/een150-2022-a4-group-group18/src/py_ctrl' with build type 'ament_python'
[1.532s] Level 1:colcon.colcon_core.shell:create_environment_hook('py_ctrl', 'ament_prefix_path')
[1.536s] INFO:colcon.colcon_core.shell:Creating environment hook '/home/student/humble_ws/install/py_ctrl/share/py_ctrl/hook/ament_prefix_path.ps1'
[1.553s] INFO:colcon.colcon_core.shell:Creating environment descriptor '/home/student/humble_ws/install/py_ctrl/share/py_ctrl/hook/ament_prefix_path.dsv'
[1.554s] INFO:colcon.colcon_core.shell:Creating environment hook '/home/student/humble_ws/install/py_ctrl/share/py_ctrl/hook/ament_prefix_path.sh'
[1.565s] INFO:colcon.colcon_core.shell:Skip shell extension 'powershell' for command environment: Not usable outside of PowerShell
[1.565s] DEBUG:colcon.colcon_core.shell:Skip shell extension 'dsv' for command environment
[1.610s] DEBUG:colcon.colcon_core.event_handler.log_command:Invoking command in '/home/student/humble_ws/build/een150_a4_bringup': CMAKE_PREFIX_PATH=${CMAKE_PREFIX_PATH}:/home/student/humble_ws/install/spiral:/home/student/humble_ws/install/py_ctrl:/home/student/requirements_ws/install/scene_manipulation_marker:/home/student/requirements_ws/install/scene_manipulation_gui:/home/student/requirements_ws/install/gui_tools:/opt/ros/humble /usr/bin/cmake --build /home/student/humble_ws/build/een150_a4_bringup -- -j2 -l2
[2.236s] INFO:colcon.colcon_core.task.python.build:Building Python package in '/home/student/humble_ws/een150-2022-a4-group-group18/src/py_ctrl'
[2.240s] INFO:colcon.colcon_core.shell:Skip shell extension 'powershell' for command environment: Not usable outside of PowerShell
[2.240s] DEBUG:colcon.colcon_core.shell:Skip shell extension 'dsv' for command environment
[2.259s] DEBUG:colcon.colcon_core.event_handler.log_command:Invoked command in '/home/student/humble_ws/build/een150_a4_bringup' returned '0': CMAKE_PREFIX_PATH=${CMAKE_PREFIX_PATH}:/home/student/humble_ws/install/spiral:/home/student/humble_ws/install/py_ctrl:/home/student/requirements_ws/install/scene_manipulation_marker:/home/student/requirements_ws/install/scene_manipulation_gui:/home/student/requirements_ws/install/gui_tools:/opt/ros/humble /usr/bin/cmake --build /home/student/humble_ws/build/een150_a4_bringup -- -j2 -l2
[2.436s] DEBUG:colcon.colcon_core.event_handler.log_command:Invoking command in '/home/student/humble_ws/build/een150_a4_bringup': CMAKE_PREFIX_PATH=${CMAKE_PREFIX_PATH}:/home/student/humble_ws/install/spiral:/home/student/humble_ws/install/py_ctrl:/home/student/requirements_ws/install/scene_manipulation_marker:/home/student/requirements_ws/install/scene_manipulation_gui:/home/student/requirements_ws/install/gui_tools:/opt/ros/humble /usr/bin/cmake --install /home/student/humble_ws/build/een150_a4_bringup
[2.518s] Level 1:colcon.colcon_core.environment:create_environment_scripts_only(een150_a4_bringup)
[2.520s] DEBUG:colcon.colcon_core.event_handler.log_command:Invoked command in '/home/student/humble_ws/build/een150_a4_bringup' returned '0': CMAKE_PREFIX_PATH=${CMAKE_PREFIX_PATH}:/home/student/humble_ws/install/spiral:/home/student/humble_ws/install/py_ctrl:/home/student/requirements_ws/install/scene_manipulation_marker:/home/student/requirements_ws/install/scene_manipulation_gui:/home/student/requirements_ws/install/gui_tools:/opt/ros/humble /usr/bin/cmake --install /home/student/humble_ws/build/een150_a4_bringup
[2.539s] Level 1:colcon.colcon_core.environment:checking '/home/student/humble_ws/install/een150_a4_bringup' for CMake module files
[2.540s] Level 1:colcon.colcon_core.environment:checking '/home/student/humble_ws/install/een150_a4_bringup' for CMake config files
[2.540s] Level 1:colcon.colcon_core.shell:create_environment_hook('een150_a4_bringup', 'cmake_prefix_path')
[2.544s] INFO:colcon.colcon_core.shell:Creating environment hook '/home/student/humble_ws/install/een150_a4_bringup/share/een150_a4_bringup/hook/cmake_prefix_path.ps1'
[2.548s] INFO:colcon.colcon_core.shell:Creating environment descriptor '/home/student/humble_ws/install/een150_a4_bringup/share/een150_a4_bringup/hook/cmake_prefix_path.dsv'
[2.549s] INFO:colcon.colcon_core.shell:Creating environment hook '/home/student/humble_ws/install/een150_a4_bringup/share/een150_a4_bringup/hook/cmake_prefix_path.sh'
[2.550s] Level 1:colcon.colcon_core.environment:checking '/home/student/humble_ws/install/een150_a4_bringup/bin'
[2.550s] Level 1:colcon.colcon_core.environment:checking '/home/student/humble_ws/install/een150_a4_bringup/lib/pkgconfig/een150_a4_bringup.pc'
[2.551s] Level 1:colcon.colcon_core.environment:checking '/home/student/humble_ws/install/een150_a4_bringup/lib/python3.10/site-packages'
[2.551s] Level 1:colcon.colcon_core.environment:checking '/home/student/humble_ws/install/een150_a4_bringup/bin'
[2.563s] INFO:colcon.colcon_core.shell:Creating package script '/home/student/humble_ws/install/een150_a4_bringup/share/een150_a4_bringup/package.ps1'
[2.565s] INFO:colcon.colcon_core.shell:Creating package descriptor '/home/student/humble_ws/install/een150_a4_bringup/share/een150_a4_bringup/package.dsv'
[2.571s] INFO:colcon.colcon_core.shell:Creating package script '/home/student/humble_ws/install/een150_a4_bringup/share/een150_a4_bringup/package.sh'
[2.573s] INFO:colcon.colcon_core.shell:Creating package script '/home/student/humble_ws/install/een150_a4_bringup/share/een150_a4_bringup/package.bash'
[2.575s] INFO:colcon.colcon_core.shell:Creating package script '/home/student/humble_ws/install/een150_a4_bringup/share/een150_a4_bringup/package.zsh'
[2.577s] Level 1:colcon.colcon_core.environment:create_file_with_runtime_dependencies(/home/student/humble_ws/install/een150_a4_bringup/share/colcon-core/packages/een150_a4_bringup)
[2.718s] Level 1:colcon.colcon_core.environment:create_environment_scripts_only(een150_a4_bringup)
[2.737s] Level 1:colcon.colcon_core.environment:checking '/home/student/humble_ws/install/een150_a4_bringup' for CMake module files
[2.738s] Level 1:colcon.colcon_core.environment:checking '/home/student/humble_ws/install/een150_a4_bringup' for CMake config files
[2.738s] Level 1:colcon.colcon_core.shell:create_environment_hook('een150_a4_bringup', 'cmake_prefix_path')
[2.758s] INFO:colcon.colcon_core.shell:Creating environment hook '/home/student/humble_ws/install/een150_a4_bringup/share/een150_a4_bringup/hook/cmake_prefix_path.ps1'
[2.762s] INFO:colcon.colcon_core.shell:Creating environment descriptor '/home/student/humble_ws/install/een150_a4_bringup/share/een150_a4_bringup/hook/cmake_prefix_path.dsv'
[2.763s] INFO:colcon.colcon_core.shell:Creating environment hook '/home/student/humble_ws/install/een150_a4_bringup/share/een150_a4_bringup/hook/cmake_prefix_path.sh'
[2.764s] Level 1:colcon.colcon_core.environment:checking '/home/student/humble_ws/install/een150_a4_bringup/bin'
[2.764s] Level 1:colcon.colcon_core.environment:checking '/home/student/humble_ws/install/een150_a4_bringup/lib/pkgconfig/een150_a4_bringup.pc'
[2.765s] Level 1:colcon.colcon_core.environment:checking '/home/student/humble_ws/install/een150_a4_bringup/lib/python3.10/site-packages'
[2.765s] Level 1:colcon.colcon_core.environment:checking '/home/student/humble_ws/install/een150_a4_bringup/bin'
[2.780s] INFO:colcon.colcon_core.shell:Creating package script '/home/student/humble_ws/install/een150_a4_bringup/share/een150_a4_bringup/package.ps1'
[2.788s] INFO:colcon.colcon_core.shell:Creating package descriptor '/home/student/humble_ws/install/een150_a4_bringup/share/een150_a4_bringup/package.dsv'
[2.788s] INFO:colcon.colcon_core.shell:Creating package script '/home/student/humble_ws/install/een150_a4_bringup/share/een150_a4_bringup/package.sh'
[2.789s] INFO:colcon.colcon_core.shell:Creating package script '/home/student/humble_ws/install/een150_a4_bringup/share/een150_a4_bringup/package.bash'
[2.790s] INFO:colcon.colcon_core.shell:Creating package script '/home/student/humble_ws/install/een150_a4_bringup/share/een150_a4_bringup/package.zsh'
[2.795s] Level 1:colcon.colcon_core.environment:create_file_with_runtime_dependencies(/home/student/humble_ws/install/een150_a4_bringup/share/colcon-core/packages/een150_a4_bringup)
[2.798s] INFO:colcon.colcon_ros.task.ament_python.build:Building ROS package in '/home/student/humble_ws/een150-2022-a4-group-group18/src/spiral' with build type 'ament_python'
[2.799s] Level 1:colcon.colcon_core.shell:create_environment_hook('spiral', 'ament_prefix_path')
[2.809s] INFO:colcon.colcon_core.shell:Creating environment hook '/home/student/humble_ws/install/spiral/share/spiral/hook/ament_prefix_path.ps1'
[2.810s] INFO:colcon.colcon_core.shell:Creating environment descriptor '/home/student/humble_ws/install/spiral/share/spiral/hook/ament_prefix_path.dsv'
[2.811s] INFO:colcon.colcon_core.shell:Creating environment hook '/home/student/humble_ws/install/spiral/share/spiral/hook/ament_prefix_path.sh'
[2.820s] INFO:colcon.colcon_core.shell:Skip shell extension 'powershell' for command environment: Not usable outside of PowerShell
[2.820s] DEBUG:colcon.colcon_core.shell:Skip shell extension 'dsv' for command environment
[3.575s] INFO:colcon.colcon_core.task.python.build:Building Python package in '/home/student/humble_ws/een150-2022-a4-group-group18/src/spiral'
[3.579s] INFO:colcon.colcon_core.shell:Skip shell extension 'powershell' for command environment: Not usable outside of PowerShell
[3.579s] DEBUG:colcon.colcon_core.shell:Skip shell extension 'dsv' for command environment
[3.608s] DEBUG:colcon.colcon_core.event_handler.log_command:Invoking command in '/home/student/humble_ws/een150-2022-a4-group-group18/src/py_ctrl': PYTHONPATH=/home/student/humble_ws/install/py_ctrl/lib/python3.10/site-packages:${PYTHONPATH} /usr/bin/python3 setup.py egg_info --egg-base ../../../build/py_ctrl build --build-base /home/student/humble_ws/build/py_ctrl/build install --prefix /home/student/humble_ws/install/py_ctrl --record /home/student/humble_ws/build/py_ctrl/install.log --single-version-externally-managed
[4.496s] DEBUG:colcon.colcon_core.event_handler.log_command:Invoked command in '/home/student/humble_ws/een150-2022-a4-group-group18/src/py_ctrl' returned '0': PYTHONPATH=/home/student/humble_ws/install/py_ctrl/lib/python3.10/site-packages:${PYTHONPATH} /usr/bin/python3 setup.py egg_info --egg-base ../../../build/py_ctrl build --build-base /home/student/humble_ws/build/py_ctrl/build install --prefix /home/student/humble_ws/install/py_ctrl --record /home/student/humble_ws/build/py_ctrl/install.log --single-version-externally-managed
[4.503s] Level 1:colcon.colcon_core.environment:checking '/home/student/humble_ws/install/py_ctrl' for CMake module files
[4.504s] Level 1:colcon.colcon_core.environment:checking '/home/student/humble_ws/install/py_ctrl' for CMake config files
[4.505s] Level 1:colcon.colcon_core.environment:checking '/home/student/humble_ws/install/py_ctrl/lib'
[4.505s] Level 1:colcon.colcon_core.environment:checking '/home/student/humble_ws/install/py_ctrl/bin'
[4.505s] Level 1:colcon.colcon_core.environment:checking '/home/student/humble_ws/install/py_ctrl/lib/pkgconfig/py_ctrl.pc'
[4.511s] Level 1:colcon.colcon_core.environment:checking '/home/student/humble_ws/install/py_ctrl/lib/python3.10/site-packages'
[4.512s] Level 1:colcon.colcon_core.shell:create_environment_hook('py_ctrl', 'pythonpath')
[4.516s] INFO:colcon.colcon_core.shell:Creating environment hook '/home/student/humble_ws/install/py_ctrl/share/py_ctrl/hook/pythonpath.ps1'
[4.526s] INFO:colcon.colcon_core.shell:Creating environment descriptor '/home/student/humble_ws/install/py_ctrl/share/py_ctrl/hook/pythonpath.dsv'
[4.527s] INFO:colcon.colcon_core.shell:Creating environment hook '/home/student/humble_ws/install/py_ctrl/share/py_ctrl/hook/pythonpath.sh'
[4.527s] Level 1:colcon.colcon_core.environment:checking '/home/student/humble_ws/install/py_ctrl/bin'
[4.528s] Level 1:colcon.colcon_core.environment:create_environment_scripts_only(py_ctrl)
[4.531s] INFO:colcon.colcon_core.shell:Creating package script '/home/student/humble_ws/install/py_ctrl/share/py_ctrl/package.ps1'
[4.538s] INFO:colcon.colcon_core.shell:Creating package descriptor '/home/student/humble_ws/install/py_ctrl/share/py_ctrl/package.dsv'
[4.539s] INFO:colcon.colcon_core.shell:Creating package script '/home/student/humble_ws/install/py_ctrl/share/py_ctrl/package.sh'
[4.539s] INFO:colcon.colcon_core.shell:Creating package script '/home/student/humble_ws/install/py_ctrl/share/py_ctrl/package.bash'
[4.540s] INFO:colcon.colcon_core.shell:Creating package script '/home/student/humble_ws/install/py_ctrl/share/py_ctrl/package.zsh'
[4.540s] Level 1:colcon.colcon_core.environment:create_file_with_runtime_dependencies(/home/student/humble_ws/install/py_ctrl/share/colcon-core/packages/py_ctrl)
[4.542s] INFO:colcon.colcon_ros.task.ament_cmake.build:Building ROS package in '/home/student/humble_ws/een150-2022-a4-group-group18/xacro_2.0.7.' with build type 'ament_cmake'
[4.542s] INFO:colcon.colcon_cmake.task.cmake.build:Building CMake package in '/home/student/humble_ws/een150-2022-a4-group-group18/xacro_2.0.7.'
[4.545s] INFO:colcon.colcon_core.shell:Skip shell extension 'powershell' for command environment: Not usable outside of PowerShell
[4.545s] DEBUG:colcon.colcon_core.shell:Skip shell extension 'dsv' for command environment
[4.602s] DEBUG:colcon.colcon_core.event_handler.log_command:Invoking command in '/home/student/humble_ws/een150-2022-a4-group-group18/src/spiral': PYTHONPATH=/home/student/humble_ws/install/spiral/lib/python3.10/site-packages:${PYTHONPATH} /usr/bin/python3 setup.py egg_info --egg-base ../../../build/spiral build --build-base /home/student/humble_ws/build/spiral/build install --prefix /home/student/humble_ws/install/spiral --record /home/student/humble_ws/build/spiral/install.log --single-version-externally-managed
[4.679s] DEBUG:colcon.colcon_core.event_handler.log_command:Invoking command in '/home/student/humble_ws/build/xacro': CMAKE_PREFIX_PATH=${CMAKE_PREFIX_PATH}:/home/student/humble_ws/install/spiral:/home/student/humble_ws/install/py_ctrl:/home/student/requirements_ws/install/scene_manipulation_marker:/home/student/requirements_ws/install/scene_manipulation_gui:/home/student/requirements_ws/install/gui_tools:/opt/ros/humble /usr/bin/cmake --build /home/student/humble_ws/build/xacro -- -j2 -l2
[5.405s] Level 1:colcon.colcon_core.environment:checking '/home/student/humble_ws/install/spiral' for CMake module files
[5.407s] DEBUG:colcon.colcon_core.event_handler.log_command:Invoked command in '/home/student/humble_ws/een150-2022-a4-group-group18/src/spiral' returned '0': PYTHONPATH=/home/student/humble_ws/install/spiral/lib/python3.10/site-packages:${PYTHONPATH} /usr/bin/python3 setup.py egg_info --egg-base ../../../build/spiral build --build-base /home/student/humble_ws/build/spiral/build install --prefix /home/student/humble_ws/install/spiral --record /home/student/humble_ws/build/spiral/install.log --single-version-externally-managed
[5.407s] Level 1:colcon.colcon_core.environment:checking '/home/student/humble_ws/install/spiral' for CMake config files
[5.408s] Level 1:colcon.colcon_core.environment:checking '/home/student/humble_ws/install/spiral/lib'
[5.408s] Level 1:colcon.colcon_core.environment:checking '/home/student/humble_ws/install/spiral/bin'
[5.408s] Level 1:colcon.colcon_core.environment:checking '/home/student/humble_ws/install/spiral/lib/pkgconfig/spiral.pc'
[5.408s] Level 1:colcon.colcon_core.environment:checking '/home/student/humble_ws/install/spiral/lib/python3.10/site-packages'
[5.408s] Level 1:colcon.colcon_core.shell:create_environment_hook('spiral', 'pythonpath')
[5.416s] INFO:colcon.colcon_core.shell:Creating environment hook '/home/student/humble_ws/install/spiral/share/spiral/hook/pythonpath.ps1'
[5.417s] INFO:colcon.colcon_core.shell:Creating environment descriptor '/home/student/humble_ws/install/spiral/share/spiral/hook/pythonpath.dsv'
[5.417s] INFO:colcon.colcon_core.shell:Creating environment hook '/home/student/humble_ws/install/spiral/share/spiral/hook/pythonpath.sh'
[5.418s] Level 1:colcon.colcon_core.environment:checking '/home/student/humble_ws/install/spiral/bin'
[5.418s] Level 1:colcon.colcon_core.environment:create_environment_scripts_only(spiral)
[5.430s] INFO:colcon.colcon_core.shell:Creating package script '/home/student/humble_ws/install/spiral/share/spiral/package.ps1'
[5.431s] INFO:colcon.colcon_core.shell:Creating package descriptor '/home/student/humble_ws/install/spiral/share/spiral/package.dsv'
[5.432s] INFO:colcon.colcon_core.shell:Creating package script '/home/student/humble_ws/install/spiral/share/spiral/package.sh'
[5.433s] INFO:colcon.colcon_core.shell:Creating package script '/home/student/humble_ws/install/spiral/share/spiral/package.bash'
[5.433s] INFO:colcon.colcon_core.shell:Creating package script '/home/student/humble_ws/install/spiral/share/spiral/package.zsh'
[5.443s] Level 1:colcon.colcon_core.environment:create_file_with_runtime_dependencies(/home/student/humble_ws/install/spiral/share/colcon-core/packages/spiral)
[5.639s] DEBUG:colcon.colcon_core.event_handler.log_command:Invoked command in '/home/student/humble_ws/build/xacro' returned '0': CMAKE_PREFIX_PATH=${CMAKE_PREFIX_PATH}:/home/student/humble_ws/install/spiral:/home/student/humble_ws/install/py_ctrl:/home/student/requirements_ws/install/scene_manipulation_marker:/home/student/requirements_ws/install/scene_manipulation_gui:/home/student/requirements_ws/install/gui_tools:/opt/ros/humble /usr/bin/cmake --build /home/student/humble_ws/build/xacro -- -j2 -l2
[5.700s] DEBUG:colcon.colcon_core.event_handler.log_command:Invoking command in '/home/student/humble_ws/build/xacro': CMAKE_PREFIX_PATH=${CMAKE_PREFIX_PATH}:/home/student/humble_ws/install/spiral:/home/student/humble_ws/install/py_ctrl:/home/student/requirements_ws/install/scene_manipulation_marker:/home/student/requirements_ws/install/scene_manipulation_gui:/home/student/requirements_ws/install/gui_tools:/opt/ros/humble /usr/bin/cmake --install /home/student/humble_ws/build/xacro
[5.835s] Level 1:colcon.colcon_core.environment:create_environment_scripts_only(xacro)
[5.841s] Level 1:colcon.colcon_core.environment:checking '/home/student/humble_ws/install/xacro' for CMake module files
[5.841s] Level 1:colcon.colcon_core.environment:checking '/home/student/humble_ws/install/xacro' for CMake config files
[5.835s] DEBUG:colcon.colcon_core.event_handler.log_command:Invoked command in '/home/student/humble_ws/build/xacro' returned '0': CMAKE_PREFIX_PATH=${CMAKE_PREFIX_PATH}:/home/student/humble_ws/install/spiral:/home/student/humble_ws/install/py_ctrl:/home/student/requirements_ws/install/scene_manipulation_marker:/home/student/requirements_ws/install/scene_manipulation_gui:/home/student/requirements_ws/install/gui_tools:/opt/ros/humble /usr/bin/cmake --install /home/student/humble_ws/build/xacro
[5.842s] Level 1:colcon.colcon_core.shell:create_environment_hook('xacro', 'cmake_prefix_path')
[5.846s] INFO:colcon.colcon_core.shell:Creating environment hook '/home/student/humble_ws/install/xacro/share/xacro/hook/cmake_prefix_path.ps1'
[5.849s] INFO:colcon.colcon_core.shell:Creating environment descriptor '/home/student/humble_ws/install/xacro/share/xacro/hook/cmake_prefix_path.dsv'
[5.849s] INFO:colcon.colcon_core.shell:Creating environment hook '/home/student/humble_ws/install/xacro/share/xacro/hook/cmake_prefix_path.sh'
[5.854s] Level 1:colcon.colcon_core.environment:checking '/home/student/humble_ws/install/xacro/lib'
[5.854s] Level 1:colcon.colcon_core.environment:checking '/home/student/humble_ws/install/xacro/bin'
[5.854s] Level 1:colcon.colcon_core.shell:create_environment_hook('xacro', 'path')
[5.858s] INFO:colcon.colcon_core.shell:Creating environment hook '/home/student/humble_ws/install/xacro/share/xacro/hook/path.ps1'
[5.858s] INFO:colcon.colcon_core.shell:Creating environment descriptor '/home/student/humble_ws/install/xacro/share/xacro/hook/path.dsv'
[5.859s] INFO:colcon.colcon_core.shell:Creating environment hook '/home/student/humble_ws/install/xacro/share/xacro/hook/path.sh'
[5.859s] Level 1:colcon.colcon_core.environment:checking '/home/student/humble_ws/install/xacro/lib/pkgconfig/xacro.pc'
[5.860s] Level 1:colcon.colcon_core.environment:checking '/home/student/humble_ws/install/xacro/lib/python3.10/site-packages'
[5.860s] Level 1:colcon.colcon_core.environment:checking '/home/student/humble_ws/install/xacro/bin'
[5.860s] Level 1:colcon.colcon_core.shell:create_environment_hook('xacro', 'pythonscriptspath')
[5.868s] INFO:colcon.colcon_core.shell:Creating environment hook '/home/student/humble_ws/install/xacro/share/xacro/hook/pythonscriptspath.ps1'
[5.869s] INFO:colcon.colcon_core.shell:Creating environment descriptor '/home/student/humble_ws/install/xacro/share/xacro/hook/pythonscriptspath.dsv'
[5.869s] INFO:colcon.colcon_core.shell:Creating environment hook '/home/student/humble_ws/install/xacro/share/xacro/hook/pythonscriptspath.sh'
[5.874s] INFO:colcon.colcon_core.shell:Creating package script '/home/student/humble_ws/install/xacro/share/xacro/package.ps1'
[5.887s] INFO:colcon.colcon_core.shell:Creating package descriptor '/home/student/humble_ws/install/xacro/share/xacro/package.dsv'
[5.888s] INFO:colcon.colcon_core.shell:Creating package script '/home/student/humble_ws/install/xacro/share/xacro/package.sh'
[5.889s] INFO:colcon.colcon_core.shell:Creating package script '/home/student/humble_ws/install/xacro/share/xacro/package.bash'
[5.890s] INFO:colcon.colcon_core.shell:Creating package script '/home/student/humble_ws/install/xacro/share/xacro/package.zsh'
[5.900s] Level 1:colcon.colcon_core.environment:create_file_with_runtime_dependencies(/home/student/humble_ws/install/xacro/share/colcon-core/packages/xacro)
[5.960s] Level 1:colcon.colcon_core.environment:create_environment_scripts_only(xacro)
[5.967s] Level 1:colcon.colcon_core.environment:checking '/home/student/humble_ws/install/xacro' for CMake module files
[5.968s] Level 1:colcon.colcon_core.environment:checking '/home/student/humble_ws/install/xacro' for CMake config files
[5.969s] Level 1:colcon.colcon_core.shell:create_environment_hook('xacro', 'cmake_prefix_path')
[5.973s] INFO:colcon.colcon_core.shell:Creating environment hook '/home/student/humble_ws/install/xacro/share/xacro/hook/cmake_prefix_path.ps1'
[5.974s] INFO:colcon.colcon_core.shell:Creating environment descriptor '/home/student/humble_ws/install/xacro/share/xacro/hook/cmake_prefix_path.dsv'
[5.975s] INFO:colcon.colcon_core.shell:Creating environment hook '/home/student/humble_ws/install/xacro/share/xacro/hook/cmake_prefix_path.sh'
[5.975s] Level 1:colcon.colcon_core.environment:checking '/home/student/humble_ws/install/xacro/lib'
[5.976s] Level 1:colcon.colcon_core.environment:checking '/home/student/humble_ws/install/xacro/bin'
[5.976s] Level 1:colcon.colcon_core.shell:create_environment_hook('xacro', 'path')
[5.980s] INFO:colcon.colcon_core.shell:Creating environment hook '/home/student/humble_ws/install/xacro/share/xacro/hook/path.ps1'
[5.981s] INFO:colcon.colcon_core.shell:Creating environment descriptor '/home/student/humble_ws/install/xacro/share/xacro/hook/path.dsv'
[5.981s] INFO:colcon.colcon_core.shell:Creating environment hook '/home/student/humble_ws/install/xacro/share/xacro/hook/path.sh'
[5.982s] Level 1:colcon.colcon_core.environment:checking '/home/student/humble_ws/install/xacro/lib/pkgconfig/xacro.pc'
[5.982s] Level 1:colcon.colcon_core.environment:checking '/home/student/humble_ws/install/xacro/lib/python3.10/site-packages'
[5.983s] Level 1:colcon.colcon_core.environment:checking '/home/student/humble_ws/install/xacro/bin'
[5.984s] Level 1:colcon.colcon_core.shell:create_environment_hook('xacro', 'pythonscriptspath')
[6.001s] INFO:colcon.colcon_core.shell:Creating environment hook '/home/student/humble_ws/install/xacro/share/xacro/hook/pythonscriptspath.ps1'
[6.002s] INFO:colcon.colcon_core.shell:Creating environment descriptor '/home/student/humble_ws/install/xacro/share/xacro/hook/pythonscriptspath.dsv'
[6.003s] INFO:colcon.colcon_core.shell:Creating environment hook '/home/student/humble_ws/install/xacro/share/xacro/hook/pythonscriptspath.sh'
[6.008s] INFO:colcon.colcon_core.shell:Creating package script '/home/student/humble_ws/install/xacro/share/xacro/package.ps1'
[6.014s] INFO:colcon.colcon_core.shell:Creating package descriptor '/home/student/humble_ws/install/xacro/share/xacro/package.dsv'
[6.016s] INFO:colcon.colcon_core.shell:Creating package script '/home/student/humble_ws/install/xacro/share/xacro/package.sh'
[6.018s] INFO:colcon.colcon_core.shell:Creating package script '/home/student/humble_ws/install/xacro/share/xacro/package.bash'
[6.019s] INFO:colcon.colcon_core.shell:Creating package script '/home/student/humble_ws/install/xacro/share/xacro/package.zsh'
[6.020s] Level 1:colcon.colcon_core.environment:create_file_with_runtime_dependencies(/home/student/humble_ws/install/xacro/share/colcon-core/packages/xacro)
[6.021s] DEBUG:colcon.colcon_parallel_executor.executor.parallel:closing loop
[6.021s] DEBUG:colcon.colcon_parallel_executor.executor.parallel:loop closed
[6.021s] DEBUG:colcon.colcon_parallel_executor.executor.parallel:run_until_complete finished with '0'
[6.021s] DEBUG:colcon.colcon_core.event_reactor:joining thread
[6.060s] INFO:colcon.colcon_core.plugin_system:Skipping extension 'colcon_notification.desktop_notification.terminal_notifier': Not used on non-Darwin systems
[6.060s] INFO:colcon.colcon_core.plugin_system:Skipping extension 'colcon_notification.desktop_notification.win32': Not used on non-Windows systems
[6.060s] INFO:colcon.colcon_notification.desktop_notification:Sending desktop notification using 'notify2'
[6.089s] DEBUG:colcon.colcon_core.event_reactor:joined thread
[6.092s] INFO:colcon.colcon_core.shell:Creating prefix script '/home/student/humble_ws/install/local_setup.ps1'
[6.096s] INFO:colcon.colcon_core.shell:Creating prefix util module '/home/student/humble_ws/install/_local_setup_util_ps1.py'
[6.098s] INFO:colcon.colcon_core.shell:Creating prefix chain script '/home/student/humble_ws/install/setup.ps1'
[6.111s] INFO:colcon.colcon_core.shell:Creating prefix script '/home/student/humble_ws/install/local_setup.sh'
[6.112s] INFO:colcon.colcon_core.shell:Creating prefix util module '/home/student/humble_ws/install/_local_setup_util_sh.py'
[6.113s] INFO:colcon.colcon_core.shell:Creating prefix chain script '/home/student/humble_ws/install/setup.sh'
[6.123s] INFO:colcon.colcon_core.shell:Creating prefix script '/home/student/humble_ws/install/local_setup.bash'
[6.125s] INFO:colcon.colcon_core.shell:Creating prefix chain script '/home/student/humble_ws/install/setup.bash'
[6.129s] INFO:colcon.colcon_core.shell:Creating prefix script '/home/student/humble_ws/install/local_setup.zsh'
[6.134s] INFO:colcon.colcon_core.shell:Creating prefix chain script '/home/student/humble_ws/install/setup.zsh'
