[2.681s] Invoking command in '/home/student/humble_ws/een150-2022-a4-group-group18/src/spiral': PYTHONPATH=/home/student/humble_ws/install/spiral/lib/python3.10/site-packages:${PYTHONPATH} /usr/bin/python3 setup.py egg_info --egg-base ../../../build/spiral build --build-base /home/student/humble_ws/build/spiral/build install --prefix /home/student/humble_ws/install/spiral --record /home/student/humble_ws/build/spiral/install.log --single-version-externally-managed
[4.085s] running egg_info
[4.104s] writing ../../../build/spiral/spiral.egg-info/PKG-INFO
[4.104s] writing dependency_links to ../../../build/spiral/spiral.egg-info/dependency_links.txt
[4.136s] writing entry points to ../../../build/spiral/spiral.egg-info/entry_points.txt
[4.141s] writing requirements to ../../../build/spiral/spiral.egg-info/requires.txt
[4.141s] writing top-level names to ../../../build/spiral/spiral.egg-info/top_level.txt
[4.144s] reading manifest file '../../../build/spiral/spiral.egg-info/SOURCES.txt'
[4.146s] writing manifest file '../../../build/spiral/spiral.egg-info/SOURCES.txt'
[4.147s] running build
[4.147s] running build_py
[4.149s] running install
[4.153s] /usr/lib/python3/dist-packages/setuptools/command/install.py:34: SetuptoolsDeprecationWarning: setup.py install is deprecated. Use build and pip and other standards-based tools.
[4.153s]   warnings.warn(
[4.153s] running install_lib
[4.160s] running install_data
[4.175s] running install_egg_info
[4.175s] removing '/home/student/humble_ws/install/spiral/lib/python3.10/site-packages/spiral-0.0.0-py3.10.egg-info' (and everything under it)
[4.185s] Copying ../../../build/spiral/spiral.egg-info to /home/student/humble_ws/install/spiral/lib/python3.10/site-packages/spiral-0.0.0-py3.10.egg-info
[4.186s] running install_scripts
[4.290s] Installing spiral script to /home/student/humble_ws/install/spiral/lib/spiral
[4.291s] writing list of installed files to '/home/student/humble_ws/build/spiral/install.log'
[4.420s] Invoked command in '/home/student/humble_ws/een150-2022-a4-group-group18/src/spiral' returned '0': PYTHONPATH=/home/student/humble_ws/install/spiral/lib/python3.10/site-packages:${PYTHONPATH} /usr/bin/python3 setup.py egg_info --egg-base ../../../build/spiral build --build-base /home/student/humble_ws/build/spiral/build install --prefix /home/student/humble_ws/install/spiral --record /home/student/humble_ws/build/spiral/install.log --single-version-externally-managed
