/home/student/humble_ws/install/py_ctrl/lib/python3.10/site-packages/runner/ctrl2.py
/home/student/humble_ws/install/py_ctrl/lib/python3.10/site-packages/runner/__init__.py
/home/student/humble_ws/install/py_ctrl/lib/python3.10/site-packages/runner/__main__.py
/home/student/humble_ws/install/py_ctrl/lib/python3.10/site-packages/runner/ctrl.py
/home/student/humble_ws/install/py_ctrl/lib/python3.10/site-packages/planner/__init__.py
/home/student/humble_ws/install/py_ctrl/lib/python3.10/site-packages/planner/__main__.py
/home/student/humble_ws/install/py_ctrl/lib/python3.10/site-packages/planner/plan.py
/home/student/humble_ws/install/py_ctrl/lib/python3.10/site-packages/model/model2.py
/home/student/humble_ws/install/py_ctrl/lib/python3.10/site-packages/model/__init__.py
/home/student/humble_ws/install/py_ctrl/lib/python3.10/site-packages/model/__main__.py
/home/student/humble_ws/install/py_ctrl/lib/python3.10/site-packages/model/operation.py
/home/student/humble_ws/install/py_ctrl/lib/python3.10/site-packages/model/model.py
/home/student/humble_ws/install/py_ctrl/lib/python3.10/site-packages/predicates/guards.py
/home/student/humble_ws/install/py_ctrl/lib/python3.10/site-packages/predicates/errors.py
/home/student/humble_ws/install/py_ctrl/lib/python3.10/site-packages/predicates/__init__.py
/home/student/humble_ws/install/py_ctrl/lib/python3.10/site-packages/predicates/__main__.py
/home/student/humble_ws/install/py_ctrl/lib/python3.10/site-packages/predicates/actions.py
/home/student/humble_ws/install/py_ctrl/lib/python3.10/site-packages/predicates/state.py
/home/student/humble_ws/install/py_ctrl/lib/python3.10/site-packages/runner/tests/__init__.py
/home/student/humble_ws/install/py_ctrl/lib/python3.10/site-packages/planner/tests/test_planner.py
/home/student/humble_ws/install/py_ctrl/lib/python3.10/site-packages/planner/tests/__init__.py
/home/student/humble_ws/install/py_ctrl/lib/python3.10/site-packages/model/tests/__init__.py
/home/student/humble_ws/install/py_ctrl/lib/python3.10/site-packages/model/tests/test_operation.py
/home/student/humble_ws/install/py_ctrl/lib/python3.10/site-packages/model/tests/test_model.py
/home/student/humble_ws/install/py_ctrl/lib/python3.10/site-packages/predicates/tests/test_states.py
/home/student/humble_ws/install/py_ctrl/lib/python3.10/site-packages/predicates/tests/test_parser.py
/home/student/humble_ws/install/py_ctrl/lib/python3.10/site-packages/predicates/tests/__init__.py
/home/student/humble_ws/install/py_ctrl/lib/python3.10/site-packages/predicates/tests/test_guards.py
/home/student/humble_ws/install/py_ctrl/lib/python3.10/site-packages/predicates/tests/test_actions.py
/home/student/humble_ws/install/py_ctrl/lib/python3.10/site-packages/runner/__pycache__/ctrl2.cpython-310.pyc
/home/student/humble_ws/install/py_ctrl/lib/python3.10/site-packages/runner/__pycache__/__init__.cpython-310.pyc
/home/student/humble_ws/install/py_ctrl/lib/python3.10/site-packages/runner/__pycache__/__main__.cpython-310.pyc
/home/student/humble_ws/install/py_ctrl/lib/python3.10/site-packages/runner/__pycache__/ctrl.cpython-310.pyc
/home/student/humble_ws/install/py_ctrl/lib/python3.10/site-packages/planner/__pycache__/__init__.cpython-310.pyc
/home/student/humble_ws/install/py_ctrl/lib/python3.10/site-packages/planner/__pycache__/__main__.cpython-310.pyc
/home/student/humble_ws/install/py_ctrl/lib/python3.10/site-packages/planner/__pycache__/plan.cpython-310.pyc
/home/student/humble_ws/install/py_ctrl/lib/python3.10/site-packages/model/__pycache__/model2.cpython-310.pyc
/home/student/humble_ws/install/py_ctrl/lib/python3.10/site-packages/model/__pycache__/__init__.cpython-310.pyc
/home/student/humble_ws/install/py_ctrl/lib/python3.10/site-packages/model/__pycache__/__main__.cpython-310.pyc
/home/student/humble_ws/install/py_ctrl/lib/python3.10/site-packages/model/__pycache__/operation.cpython-310.pyc
/home/student/humble_ws/install/py_ctrl/lib/python3.10/site-packages/model/__pycache__/model.cpython-310.pyc
/home/student/humble_ws/install/py_ctrl/lib/python3.10/site-packages/predicates/__pycache__/guards.cpython-310.pyc
/home/student/humble_ws/install/py_ctrl/lib/python3.10/site-packages/predicates/__pycache__/errors.cpython-310.pyc
/home/student/humble_ws/install/py_ctrl/lib/python3.10/site-packages/predicates/__pycache__/__init__.cpython-310.pyc
/home/student/humble_ws/install/py_ctrl/lib/python3.10/site-packages/predicates/__pycache__/__main__.cpython-310.pyc
/home/student/humble_ws/install/py_ctrl/lib/python3.10/site-packages/predicates/__pycache__/actions.cpython-310.pyc
/home/student/humble_ws/install/py_ctrl/lib/python3.10/site-packages/predicates/__pycache__/state.cpython-310.pyc
/home/student/humble_ws/install/py_ctrl/lib/python3.10/site-packages/runner/tests/__pycache__/__init__.cpython-310.pyc
/home/student/humble_ws/install/py_ctrl/lib/python3.10/site-packages/planner/tests/__pycache__/test_planner.cpython-310.pyc
/home/student/humble_ws/install/py_ctrl/lib/python3.10/site-packages/planner/tests/__pycache__/__init__.cpython-310.pyc
/home/student/humble_ws/install/py_ctrl/lib/python3.10/site-packages/model/tests/__pycache__/__init__.cpython-310.pyc
/home/student/humble_ws/install/py_ctrl/lib/python3.10/site-packages/model/tests/__pycache__/test_operation.cpython-310.pyc
/home/student/humble_ws/install/py_ctrl/lib/python3.10/site-packages/model/tests/__pycache__/test_model.cpython-310.pyc
/home/student/humble_ws/install/py_ctrl/lib/python3.10/site-packages/predicates/tests/__pycache__/test_states.cpython-310.pyc
/home/student/humble_ws/install/py_ctrl/lib/python3.10/site-packages/predicates/tests/__pycache__/test_parser.cpython-310.pyc
/home/student/humble_ws/install/py_ctrl/lib/python3.10/site-packages/predicates/tests/__pycache__/__init__.cpython-310.pyc
/home/student/humble_ws/install/py_ctrl/lib/python3.10/site-packages/predicates/tests/__pycache__/test_guards.cpython-310.pyc
/home/student/humble_ws/install/py_ctrl/lib/python3.10/site-packages/predicates/tests/__pycache__/test_actions.cpython-310.pyc
/home/student/humble_ws/install/py_ctrl/share/ament_index/resource_index/packages/py_ctrl
/home/student/humble_ws/install/py_ctrl/share/py_ctrl/package.xml
/home/student/humble_ws/install/py_ctrl/lib/python3.10/site-packages/py_ctrl-0.0.0-py3.10.egg-info/requires.txt
/home/student/humble_ws/install/py_ctrl/lib/python3.10/site-packages/py_ctrl-0.0.0-py3.10.egg-info/entry_points.txt
/home/student/humble_ws/install/py_ctrl/lib/python3.10/site-packages/py_ctrl-0.0.0-py3.10.egg-info/zip-safe
/home/student/humble_ws/install/py_ctrl/lib/python3.10/site-packages/py_ctrl-0.0.0-py3.10.egg-info/SOURCES.txt
/home/student/humble_ws/install/py_ctrl/lib/python3.10/site-packages/py_ctrl-0.0.0-py3.10.egg-info/top_level.txt
/home/student/humble_ws/install/py_ctrl/lib/python3.10/site-packages/py_ctrl-0.0.0-py3.10.egg-info/dependency_links.txt
/home/student/humble_ws/install/py_ctrl/lib/python3.10/site-packages/py_ctrl-0.0.0-py3.10.egg-info/PKG-INFO
/home/student/humble_ws/install/py_ctrl/lib/py_ctrl/go
/home/student/humble_ws/install/py_ctrl/lib/py_ctrl/go2
